#
# There is insufficient memory for the Java Runtime Environment to continue.
# Native memory allocation (malloc) failed to allocate 1130640 bytes. Error detail: Chunk::new
# Possible reasons:
#   The system is out of physical RAM or swap space
#   This process is running with CompressedOops enabled, and the Java Heap may be blocking the growth of the native heap
# Possible solutions:
#   Reduce memory load on the system
#   Increase physical memory or swap space
#   Check if swap backing store is full
#   Decrease Java heap size (-Xmx/-Xms)
#   Decrease number of Java threads
#   Decrease Java thread stack sizes (-Xss)
#   Set larger code cache with -XX:ReservedCodeCacheSize=
#   JVM is running with Unscaled Compressed Oops mode in which the Java heap is
#     placed in the first 4GB address space. The Java Heap base address is the
#     maximum limit for the native heap growth. Please use -XX:HeapBaseMinAddress
#     to set the Java Heap base and to place the Java Heap above 4GB virtual address.
# This output file may be truncated or incomplete.
#
#  Out of Memory Error (arena.cpp:150), pid=1292, tid=27040
#
# JRE version: OpenJDK Runtime Environment (22.0+36) (build 22+36-2370)
# Java VM: OpenJDK 64-Bit Server VM (22+36-2370, mixed mode, sharing, tiered, compressed oops, compressed class ptrs, g1 gc, windows-amd64)
# No core dump will be written. Minidumps are not enabled by default on client versions of Windows
#

---------------  S U M M A R Y ------------

Command Line: -javaagent:D:\intellij Idea\IntelliJ IDEA Community Edition 2023.1.3\lib\idea_rt.jar=58722:D:\intellij Idea\IntelliJ IDEA Community Edition 2023.1.3\bin -Dfile.encoding=UTF-8 -Dsun.stdout.encoding=UTF-8 -Dsun.stderr.encoding=UTF-8 com.fannss.taskmanagement.RevTaskManagementApplication

Host: AMD Ryzen 5 3500U with Radeon Vega Mobile Gfx  , 8 cores, 5G,  Windows 11 , 64 bit Build 22621 (10.0.22621.3527)
Time: Fri May 31 10:04:11 2024 India Standard Time elapsed time: 682.462064 seconds (0d 0h 11m 22s)

---------------  T H R E A D  ---------------

Current thread (0x0000025ee60ee910):  JavaThread "C2 CompilerThread1" daemon [_thread_in_native, id=27040, stack(0x000000bf01000000,0x000000bf01100000) (1024K)]


Current CompileTask:
C2:682463 13362       4       org.springframework.web.servlet.mvc.method.RequestMappingInfoHandlerMapping::getMatchingMapping (10 bytes)

Stack: [0x000000bf01000000,0x000000bf01100000]
Native frames: (J=compiled Java code, j=interpreted, Vv=VM code, C=native code)
V  [jvm.dll+0x6e2349]  (no source info available)
V  [jvm.dll+0x874ed3]  (no source info available)
V  [jvm.dll+0x8772fe]  (no source info available)
V  [jvm.dll+0x8779d3]  (no source info available)
V  [jvm.dll+0x27fcb6]  (no source info available)
V  [jvm.dll+0xc3d0f]  (no source info available)
V  [jvm.dll+0xc3f6b]  (no source info available)
V  [jvm.dll+0x3bb05c]  (no source info available)
V  [jvm.dll+0x387abb]  (no source info available)
V  [jvm.dll+0x386f2a]  (no source info available)
V  [jvm.dll+0x247908]  (no source info available)
V  [jvm.dll+0x246faf]  (no source info available)
V  [jvm.dll+0x1c4e90]  (no source info available)
V  [jvm.dll+0x25699e]  (no source info available)
V  [jvm.dll+0x254c5a]  (no source info available)
V  [jvm.dll+0x3f5426]  (no source info available)
V  [jvm.dll+0x81d50b]  (no source info available)
V  [jvm.dll+0x6e09e5]  (no source info available)
C  [ucrtbase.dll+0x29333]  (no source info available)
C  [KERNEL32.DLL+0x1257d]  (no source info available)
C  [ntdll.dll+0x5aa48]  (no source info available)


---------------  P R O C E S S  ---------------

Threads class SMR info:
_java_thread_list=0x0000025ee83064b0, length=37, elements={
0x0000025e9e153310, 0x0000025e9e154230, 0x0000025e9e157d80, 0x0000025e9e15ae30,
0x0000025e9e15d8b0, 0x0000025e9e15e310, 0x0000025e9e169320, 0x0000025e9e16e2e0,
0x0000025e9e339080, 0x0000025e9e815f90, 0x0000025e9e816600, 0x0000025ee5c92b90,
0x0000025ee566d910, 0x0000025ee4ad6ec0, 0x0000025ee720ca50, 0x0000025ee720b010,
0x0000025ee720bd30, 0x0000025ee720d770, 0x0000025ee720b6a0, 0x0000025ee720c3c0,
0x0000025ee720a980, 0x0000025ee720a2f0, 0x0000025ee720d0e0, 0x0000025ee52400c0,
0x0000025ee523fa30, 0x0000025ee523e680, 0x0000025ee523b200, 0x0000025ee523a4e0,
0x0000025ee523b890, 0x0000025ee523d960, 0x0000025ee523bf20, 0x0000025ee60ee910,
0x0000025ee4225980, 0x0000025ee523ab70, 0x0000025ee523d2d0, 0x0000025ee5240750,
0x0000025ee5240de0
}

Java Threads: ( => current thread )
  0x0000025e9e153310 JavaThread "Reference Handler"          daemon [_thread_blocked, id=11456, stack(0x000000bf01b00000,0x000000bf01c00000) (1024K)]
  0x0000025e9e154230 JavaThread "Finalizer"                  daemon [_thread_blocked, id=19716, stack(0x000000bf01c00000,0x000000bf01d00000) (1024K)]
  0x0000025e9e157d80 JavaThread "Signal Dispatcher"          daemon [_thread_blocked, id=2768, stack(0x000000bf01d00000,0x000000bf01e00000) (1024K)]
  0x0000025e9e15ae30 JavaThread "Attach Listener"            daemon [_thread_blocked, id=20464, stack(0x000000bf01e00000,0x000000bf01f00000) (1024K)]
  0x0000025e9e15d8b0 JavaThread "Service Thread"             daemon [_thread_blocked, id=7528, stack(0x000000bf01f00000,0x000000bf02000000) (1024K)]
  0x0000025e9e15e310 JavaThread "Monitor Deflation Thread"   daemon [_thread_blocked, id=3284, stack(0x000000bf02000000,0x000000bf02100000) (1024K)]
  0x0000025e9e169320 JavaThread "C2 CompilerThread0"         daemon [_thread_in_native, id=29908, stack(0x000000bf02100000,0x000000bf02200000) (1024K)]
  0x0000025e9e16e2e0 JavaThread "C1 CompilerThread0"         daemon [_thread_in_native, id=24156, stack(0x000000bf02200000,0x000000bf02300000) (1024K)]
  0x0000025e9e339080 JavaThread "Common-Cleaner"             daemon [_thread_blocked, id=31128, stack(0x000000bf02300000,0x000000bf02400000) (1024K)]
  0x0000025e9e815f90 JavaThread "Monitor Ctrl-Break"         daemon [_thread_in_native, id=21464, stack(0x000000bf02600000,0x000000bf02700000) (1024K)]
  0x0000025e9e816600 JavaThread "Notification Thread"        daemon [_thread_blocked, id=20900, stack(0x000000bf02700000,0x000000bf02800000) (1024K)]
  0x0000025ee5c92b90 JavaThread "Catalina-utility-1"                [_thread_blocked, id=25260, stack(0x000000bf03200000,0x000000bf03300000) (1024K)]
  0x0000025ee566d910 JavaThread "Catalina-utility-2"                [_thread_blocked, id=25456, stack(0x000000bf03300000,0x000000bf03400000) (1024K)]
  0x0000025ee4ad6ec0 JavaThread "http-nio-8080-exec-1"       daemon [_thread_blocked, id=22744, stack(0x000000bf03400000,0x000000bf03500000) (1024K)]
  0x0000025ee720ca50 JavaThread "http-nio-8080-exec-2"       daemon [_thread_blocked, id=20208, stack(0x000000bf03500000,0x000000bf03600000) (1024K)]
  0x0000025ee720b010 JavaThread "http-nio-8080-exec-3"       daemon [_thread_in_native, id=14344, stack(0x000000bf03600000,0x000000bf03700000) (1024K)]
  0x0000025ee720bd30 JavaThread "http-nio-8080-exec-4"       daemon [_thread_in_native, id=23732, stack(0x000000bf03700000,0x000000bf03800000) (1024K)]
  0x0000025ee720d770 JavaThread "http-nio-8080-exec-5"       daemon [_thread_in_native, id=18836, stack(0x000000bf03800000,0x000000bf03900000) (1024K)]
  0x0000025ee720b6a0 JavaThread "http-nio-8080-exec-6"       daemon [_thread_blocked, id=24484, stack(0x000000bf03900000,0x000000bf03a00000) (1024K)]
  0x0000025ee720c3c0 JavaThread "http-nio-8080-exec-7"       daemon [_thread_in_Java, id=19028, stack(0x000000bf03a00000,0x000000bf03b00000) (1024K)]
  0x0000025ee720a980 JavaThread "http-nio-8080-exec-8"       daemon [_thread_blocked, id=22340, stack(0x000000bf03b00000,0x000000bf03c00000) (1024K)]
  0x0000025ee720a2f0 JavaThread "http-nio-8080-exec-9"       daemon [_thread_blocked, id=22024, stack(0x000000bf03c00000,0x000000bf03d00000) (1024K)]
  0x0000025ee720d0e0 JavaThread "http-nio-8080-exec-10"      daemon [_thread_in_native, id=13564, stack(0x000000bf03d00000,0x000000bf03e00000) (1024K)]
  0x0000025ee52400c0 JavaThread "container-0"                       [_thread_blocked, id=20160, stack(0x000000bf03e00000,0x000000bf03f00000) (1024K)]
  0x0000025ee523fa30 JavaThread "mssql-jdbc-shared-timer-core-0" daemon [_thread_blocked, id=21000, stack(0x000000bf03f00000,0x000000bf04000000) (1024K)]
  0x0000025ee523e680 JavaThread "HikariPool-1 housekeeper"   daemon [_thread_blocked, id=10524, stack(0x000000bf04000000,0x000000bf04100000) (1024K)]
  0x0000025ee523b200 JavaThread "File Watcher"               daemon [_thread_blocked, id=18184, stack(0x000000bf04100000,0x000000bf04200000) (1024K)]
  0x0000025ee523a4e0 JavaThread "Live Reload Server"         daemon [_thread_in_native, id=29872, stack(0x000000bf04300000,0x000000bf04400000) (1024K)]
  0x0000025ee523b890 JavaThread "http-nio-8080-Poller"       daemon [_thread_in_native, id=21896, stack(0x000000bf04200000,0x000000bf04300000) (1024K)]
  0x0000025ee523d960 JavaThread "http-nio-8080-Acceptor"     daemon [_thread_in_native, id=16952, stack(0x000000bf04400000,0x000000bf04500000) (1024K)]
  0x0000025ee523bf20 JavaThread "DestroyJavaVM"                     [_thread_blocked, id=32504, stack(0x000000bf01300000,0x000000bf01400000) (1024K)]
=>0x0000025ee60ee910 JavaThread "C2 CompilerThread1"         daemon [_thread_in_native, id=27040, stack(0x000000bf01000000,0x000000bf01100000) (1024K)]
  0x0000025ee4225980 JavaThread "C2 CompilerThread2"         daemon [_thread_in_native, id=24100, stack(0x000000bf01100000,0x000000bf01200000) (1024K)]
  0x0000025ee523ab70 JavaThread "HikariPool-1 connection closer" daemon [_thread_blocked, id=23032, stack(0x000000bf01200000,0x000000bf01300000) (1024K)]
  0x0000025ee523d2d0 JavaThread "HikariPool-1 connection adder" daemon [_thread_blocked, id=19312, stack(0x000000bf02400000,0x000000bf02500000) (1024K)]
  0x0000025ee5240750 JavaThread "pool-1-thread-1"                   [_thread_blocked, id=25712, stack(0x000000bf02800000,0x000000bf02900000) (1024K)]
  0x0000025ee5240de0 JavaThread "pool-1-thread-2"                   [_thread_blocked, id=7360, stack(0x000000bf02900000,0x000000bf02a00000) (1024K)]
Total: 37

Other Threads:
  0x0000025e9e1392f0 VMThread "VM Thread"                           [id=8908, stack(0x000000bf01a00000,0x000000bf01b00000) (1024K)]
  0x0000025e9e122d80 WatcherThread "VM Periodic Task Thread"        [id=31672, stack(0x000000bf01900000,0x000000bf01a00000) (1024K)]
  0x0000025e82362870 WorkerThread "GC Thread#0"                     [id=3404, stack(0x000000bf01400000,0x000000bf01500000) (1024K)]
  0x0000025e9eb47ee0 WorkerThread "GC Thread#1"                     [id=32172, stack(0x000000bf02a00000,0x000000bf02b00000) (1024K)]
  0x0000025e9ed636d0 WorkerThread "GC Thread#2"                     [id=18284, stack(0x000000bf02b00000,0x000000bf02c00000) (1024K)]
  0x0000025e9ea26140 WorkerThread "GC Thread#3"                     [id=32560, stack(0x000000bf02c00000,0x000000bf02d00000) (1024K)]
  0x0000025e9ec7aa70 WorkerThread "GC Thread#4"                     [id=31964, stack(0x000000bf02d00000,0x000000bf02e00000) (1024K)]
  0x0000025ee416ca80 WorkerThread "GC Thread#5"                     [id=16632, stack(0x000000bf02e00000,0x000000bf02f00000) (1024K)]
  0x0000025ee4590690 WorkerThread "GC Thread#6"                     [id=26972, stack(0x000000bf03000000,0x000000bf03100000) (1024K)]
  0x0000025ee48b16d0 WorkerThread "GC Thread#7"                     [id=7468, stack(0x000000bf03100000,0x000000bf03200000) (1024K)]
  0x0000025e82370cb0 ConcurrentGCThread "G1 Main Marker"            [id=12980, stack(0x000000bf01500000,0x000000bf01600000) (1024K)]
  0x0000025e82371f60 WorkerThread "G1 Conc#0"                       [id=29816, stack(0x000000bf01600000,0x000000bf01700000) (1024K)]
  0x0000025ee588ecd0 WorkerThread "G1 Conc#1"                       [id=30272, stack(0x000000bf02f00000,0x000000bf03000000) (1024K)]
  0x0000025e823ce1e0 ConcurrentGCThread "G1 Refine#0"               [id=11080, stack(0x000000bf01700000,0x000000bf01800000) (1024K)]
  0x0000025e9dff60e0 ConcurrentGCThread "G1 Service"                [id=11420, stack(0x000000bf01800000,0x000000bf01900000) (1024K)]
Total: 15

Threads with active compile tasks:
C2 CompilerThread0  682723 13364       4       org.springframework.web.servlet.mvc.method.RequestMappingInfoHandlerMapping::getMatchingMapping (6 bytes)
C1 CompilerThread0  682724 14066   !   3       org.apache.catalina.connector.CoyoteAdapter::service (893 bytes)
C2 CompilerThread1  682724 13362       4       org.springframework.web.servlet.mvc.method.RequestMappingInfoHandlerMapping::getMatchingMapping (10 bytes)
C2 CompilerThread2  682724 13889       4       java.lang.StackTraceElement::toString (298 bytes)
Total: 4

VM state: not at safepoint (normal execution)

VM Mutex/Monitor currently owned by a thread: None

Heap address: 0x00000000a0c00000, size: 1524 MB, Compressed Oops mode: 32-bit

CDS archive(s) mapped at: [0x0000025e9f000000-0x0000025e9fc50000-0x0000025e9fc50000), size 12910592, SharedBaseAddress: 0x0000025e9f000000, ArchiveRelocationMode: 1.
Compressed class space mapped at: 0x0000025ea0000000-0x0000025ee0000000, reserved size: 1073741824
Narrow klass base: 0x0000025e9f000000, Narrow klass shift: 0, Narrow klass range: 0x41000000

GC Precious Log:
 CardTable entry size: 512
 Card Set container configuration: InlinePtr #cards 5 size 8 Array Of Cards #cards 12 size 40 Howl #buckets 4 coarsen threshold 1843 Howl Bitmap #cards 512 size 80 coarsen threshold 460 Card regions per heap region 1 cards per card region 2048
 CPUs: 8 total, 8 available
 Memory: 6091M
 Large Page Support: Disabled
 NUMA Support: Disabled
 Compressed Oops: Enabled (32-bit)
 Heap Region Size: 1M
 Heap Min Capacity: 8M
 Heap Initial Capacity: 96M
 Heap Max Capacity: 1524M
 Pre-touch: Disabled
 Parallel Workers: 8
 Concurrent Workers: 2
 Concurrent Refinement Workers: 8
 Periodic GC: Disabled

Heap:
 garbage-first heap   total reserved 1560576K, committed 61440K, used 36697K [0x00000000a0c00000, 0x0000000100000000)
  region size 1024K, 4 young (4096K), 1 survivors (1024K)
 Metaspace       used 80668K, committed 81536K, reserved 1179648K
  class space    used 10735K, committed 11136K, reserved 1048576K

Heap Regions: E=young(eden), S=young(survivor), O=old, HS=humongous(starts), HC=humongous(continues), CS=collection set, F=free, TAMS=top-at-mark-start, PB=parsable bottom
|   0|0x00000000a0c00000, 0x00000000a0d00000, 0x00000000a0d00000|100%|HS|  |TAMS 0x00000000a0c00000| PB 0x00000000a0c00000| Complete |  0
|   1|0x00000000a0d00000, 0x00000000a0e00000, 0x00000000a0e00000|100%| O|  |TAMS 0x00000000a0d00000| PB 0x00000000a0d00000| Untracked |  0
|   2|0x00000000a0e00000, 0x00000000a0f00000, 0x00000000a0f00000|100%| O|  |TAMS 0x00000000a0e00000| PB 0x00000000a0e00000| Untracked |  0
|   3|0x00000000a0f00000, 0x00000000a1000000, 0x00000000a1000000|100%| O|  |TAMS 0x00000000a0f00000| PB 0x00000000a0f00000| Untracked |  0
|   4|0x00000000a1000000, 0x00000000a1100000, 0x00000000a1100000|100%| O|  |TAMS 0x00000000a1000000| PB 0x00000000a1000000| Untracked |  0
|   5|0x00000000a1100000, 0x00000000a1200000, 0x00000000a1200000|100%| O|  |TAMS 0x00000000a1100000| PB 0x00000000a1100000| Untracked |  0
|   6|0x00000000a1200000, 0x00000000a1300000, 0x00000000a1300000|100%| O|  |TAMS 0x00000000a1200000| PB 0x00000000a1200000| Untracked |  0
|   7|0x00000000a1300000, 0x00000000a1400000, 0x00000000a1400000|100%| O|  |TAMS 0x00000000a1300000| PB 0x00000000a1300000| Untracked |  0
|   8|0x00000000a1400000, 0x00000000a1500000, 0x00000000a1500000|100%| O|  |TAMS 0x00000000a1400000| PB 0x00000000a1400000| Untracked |  0
|   9|0x00000000a1500000, 0x00000000a1600000, 0x00000000a1600000|100%| O|  |TAMS 0x00000000a1500000| PB 0x00000000a1500000| Untracked |  0
|  10|0x00000000a1600000, 0x00000000a1700000, 0x00000000a1700000|100%| O|  |TAMS 0x00000000a1600000| PB 0x00000000a1600000| Untracked |  0
|  11|0x00000000a1700000, 0x00000000a1800000, 0x00000000a1800000|100%| O|  |TAMS 0x00000000a1700000| PB 0x00000000a1700000| Untracked |  0
|  12|0x00000000a1800000, 0x00000000a1900000, 0x00000000a1900000|100%| O|  |TAMS 0x00000000a1800000| PB 0x00000000a1800000| Untracked |  0
|  13|0x00000000a1900000, 0x00000000a1a00000, 0x00000000a1a00000|100%| O|  |TAMS 0x00000000a1900000| PB 0x00000000a1900000| Untracked |  0
|  14|0x00000000a1a00000, 0x00000000a1b00000, 0x00000000a1b00000|100%| O|  |TAMS 0x00000000a1a00000| PB 0x00000000a1a00000| Untracked |  0
|  15|0x00000000a1b00000, 0x00000000a1c00000, 0x00000000a1c00000|100%| O|  |TAMS 0x00000000a1b00000| PB 0x00000000a1b00000| Untracked |  0
|  16|0x00000000a1c00000, 0x00000000a1d00000, 0x00000000a1d00000|100%| O|  |TAMS 0x00000000a1c00000| PB 0x00000000a1c00000| Untracked |  0
|  17|0x00000000a1d00000, 0x00000000a1e00000, 0x00000000a1e00000|100%| O|  |TAMS 0x00000000a1d00000| PB 0x00000000a1d00000| Untracked |  0
|  18|0x00000000a1e00000, 0x00000000a1f00000, 0x00000000a1f00000|100%| O|  |TAMS 0x00000000a1e00000| PB 0x00000000a1e00000| Untracked |  0
|  19|0x00000000a1f00000, 0x00000000a2000000, 0x00000000a2000000|100%| O|  |TAMS 0x00000000a1f00000| PB 0x00000000a1f00000| Untracked |  0
|  20|0x00000000a2000000, 0x00000000a2100000, 0x00000000a2100000|100%| O|  |TAMS 0x00000000a2000000| PB 0x00000000a2000000| Untracked |  0
|  21|0x00000000a2100000, 0x00000000a2200000, 0x00000000a2200000|100%| O|  |TAMS 0x00000000a2100000| PB 0x00000000a2100000| Untracked |  0
|  22|0x00000000a2200000, 0x00000000a2300000, 0x00000000a2300000|100%| O|Cm|TAMS 0x00000000a2200000| PB 0x00000000a2200000| Complete |  0
|  23|0x00000000a2300000, 0x00000000a2400000, 0x00000000a2400000|100%| O|  |TAMS 0x00000000a2300000| PB 0x00000000a2300000| Untracked |  0
|  24|0x00000000a2400000, 0x00000000a2500000, 0x00000000a2500000|100%| O|  |TAMS 0x00000000a2400000| PB 0x00000000a2400000| Untracked |  0
|  25|0x00000000a2500000, 0x00000000a2600000, 0x00000000a2600000|100%| O|  |TAMS 0x00000000a2500000| PB 0x00000000a2500000| Untracked |  0
|  26|0x00000000a2600000, 0x00000000a26ecd68, 0x00000000a2700000| 92%| O|  |TAMS 0x00000000a2600000| PB 0x00000000a2600000| Untracked |  0
|  27|0x00000000a2700000, 0x00000000a2800000, 0x00000000a2800000|100%| O|  |TAMS 0x00000000a2700000| PB 0x00000000a2700000| Untracked |  0
|  28|0x00000000a2800000, 0x00000000a2800000, 0x00000000a2900000|  0%| F|  |TAMS 0x00000000a2800000| PB 0x00000000a2800000| Untracked |  0
|  29|0x00000000a2900000, 0x00000000a2a00000, 0x00000000a2a00000|100%| O|  |TAMS 0x00000000a2900000| PB 0x00000000a2900000| Untracked |  0
|  30|0x00000000a2a00000, 0x00000000a2b00000, 0x00000000a2b00000|100%| O|  |TAMS 0x00000000a2a00000| PB 0x00000000a2a00000| Untracked |  0
|  31|0x00000000a2b00000, 0x00000000a2b00000, 0x00000000a2c00000|  0%| F|  |TAMS 0x00000000a2b00000| PB 0x00000000a2b00000| Untracked |  0
|  32|0x00000000a2c00000, 0x00000000a2d00000, 0x00000000a2d00000|100%| O|  |TAMS 0x00000000a2c00000| PB 0x00000000a2c00000| Untracked |  0
|  33|0x00000000a2d00000, 0x00000000a2d00000, 0x00000000a2e00000|  0%| F|  |TAMS 0x00000000a2d00000| PB 0x00000000a2d00000| Untracked |  0
|  34|0x00000000a2e00000, 0x00000000a2f00000, 0x00000000a2f00000|100%| O|  |TAMS 0x00000000a2e00000| PB 0x00000000a2e00000| Untracked |  0
|  35|0x00000000a2f00000, 0x00000000a3000000, 0x00000000a3000000|100%| O|  |TAMS 0x00000000a2f00000| PB 0x00000000a2f00000| Untracked |  0
|  36|0x00000000a3000000, 0x00000000a3000000, 0x00000000a3100000|  0%| F|  |TAMS 0x00000000a3000000| PB 0x00000000a3000000| Untracked |  0
|  37|0x00000000a3100000, 0x00000000a31e98c8, 0x00000000a3200000| 91%| S|CS|TAMS 0x00000000a3100000| PB 0x00000000a3100000| Complete |  0
|  38|0x00000000a3200000, 0x00000000a3200000, 0x00000000a3300000|  0%| F|  |TAMS 0x00000000a3200000| PB 0x00000000a3200000| Untracked |  0
|  39|0x00000000a3300000, 0x00000000a3300000, 0x00000000a3400000|  0%| F|  |TAMS 0x00000000a3300000| PB 0x00000000a3300000| Untracked |  0
|  40|0x00000000a3400000, 0x00000000a3400000, 0x00000000a3500000|  0%| F|  |TAMS 0x00000000a3400000| PB 0x00000000a3400000| Untracked |  0
|  41|0x00000000a3500000, 0x00000000a3500000, 0x00000000a3600000|  0%| F|  |TAMS 0x00000000a3500000| PB 0x00000000a3500000| Untracked |  0
|  42|0x00000000a3600000, 0x00000000a3600000, 0x00000000a3700000|  0%| F|  |TAMS 0x00000000a3600000| PB 0x00000000a3600000| Untracked |  0
|  43|0x00000000a3700000, 0x00000000a3700000, 0x00000000a3800000|  0%| F|  |TAMS 0x00000000a3700000| PB 0x00000000a3700000| Untracked |  0
|  44|0x00000000a3800000, 0x00000000a3800000, 0x00000000a3900000|  0%| F|  |TAMS 0x00000000a3800000| PB 0x00000000a3800000| Untracked |  0
|  45|0x00000000a3900000, 0x00000000a3900000, 0x00000000a3a00000|  0%| F|  |TAMS 0x00000000a3900000| PB 0x00000000a3900000| Untracked |  0
|  46|0x00000000a3a00000, 0x00000000a3a00000, 0x00000000a3b00000|  0%| F|  |TAMS 0x00000000a3a00000| PB 0x00000000a3a00000| Untracked |  0
|  47|0x00000000a3b00000, 0x00000000a3b00000, 0x00000000a3c00000|  0%| F|  |TAMS 0x00000000a3b00000| PB 0x00000000a3b00000| Untracked |  0
|  48|0x00000000a3c00000, 0x00000000a3c00000, 0x00000000a3d00000|  0%| F|  |TAMS 0x00000000a3c00000| PB 0x00000000a3c00000| Untracked |  0
|  49|0x00000000a3d00000, 0x00000000a3d00000, 0x00000000a3e00000|  0%| F|  |TAMS 0x00000000a3d00000| PB 0x00000000a3d00000| Untracked |  0
|  50|0x00000000a3e00000, 0x00000000a3e00000, 0x00000000a3f00000|  0%| F|  |TAMS 0x00000000a3e00000| PB 0x00000000a3e00000| Untracked |  0
|  51|0x00000000a3f00000, 0x00000000a3f00000, 0x00000000a4000000|  0%| F|  |TAMS 0x00000000a3f00000| PB 0x00000000a3f00000| Untracked |  0
|  52|0x00000000a4000000, 0x00000000a4000000, 0x00000000a4100000|  0%| F|  |TAMS 0x00000000a4000000| PB 0x00000000a4000000| Untracked |  0
|  53|0x00000000a4100000, 0x00000000a4100000, 0x00000000a4200000|  0%| F|  |TAMS 0x00000000a4100000| PB 0x00000000a4100000| Untracked |  0
|  54|0x00000000a4200000, 0x00000000a4200000, 0x00000000a4300000|  0%| F|  |TAMS 0x00000000a4200000| PB 0x00000000a4200000| Untracked |  0
|  55|0x00000000a4300000, 0x00000000a4300000, 0x00000000a4400000|  0%| F|  |TAMS 0x00000000a4300000| PB 0x00000000a4300000| Untracked |  0
|  56|0x00000000a4400000, 0x00000000a44b0138, 0x00000000a4500000| 68%| E|  |TAMS 0x00000000a4400000| PB 0x00000000a4400000| Complete |  0
|  57|0x00000000a4500000, 0x00000000a4600000, 0x00000000a4600000|100%| E|CS|TAMS 0x00000000a4500000| PB 0x00000000a4500000| Complete |  0
|  58|0x00000000a4600000, 0x00000000a4700000, 0x00000000a4700000|100%| E|CS|TAMS 0x00000000a4600000| PB 0x00000000a4600000| Complete |  0
|  95|0x00000000a6b00000, 0x00000000a6c00000, 0x00000000a6c00000|100%| E|CS|TAMS 0x00000000a6b00000| PB 0x00000000a6b00000| Complete |  0

Card table byte_map: [0x0000025e99c80000,0x0000025e99f80000] _byte_map_base: 0x0000025e9977a000

Marking Bits: (CMBitMap*) 0x0000025e82362f80
 Bits: [0x0000025e99f80000, 0x0000025e9b750000)

Polling page: 0x0000025e802f0000

Metaspace:

Usage:
  Non-class:     68.29 MB used.
      Class:     10.48 MB used.
       Both:     78.78 MB used.

Virtual space:
  Non-class space:      128.00 MB reserved,      68.75 MB ( 54%) committed,  2 nodes.
      Class space:        1.00 GB reserved,      10.88 MB (  1%) committed,  1 nodes.
             Both:        1.12 GB reserved,      79.62 MB (  7%) committed. 

Chunk freelists:
   Non-Class:  11.06 MB
       Class:  4.98 MB
        Both:  16.05 MB

MaxMetaspaceSize: unlimited
CompressedClassSpaceSize: 1.00 GB
Initial GC threshold: 21.00 MB
Current GC threshold: 132.62 MB
CDS: on
 - commit_granule_bytes: 65536.
 - commit_granule_words: 8192.
 - virtual_space_node_default_size: 8388608.
 - enlarge_chunks_in_place: 1.
 - use_allocation_guard: 0.


Internal statistics:

num_allocs_failed_limit: 6.
num_arena_births: 1200.
num_arena_deaths: 0.
num_vsnodes_births: 3.
num_vsnodes_deaths: 0.
num_space_committed: 1274.
num_space_uncommitted: 0.
num_chunks_returned_to_freelist: 6.
num_chunks_taken_from_freelist: 4065.
num_chunk_merges: 6.
num_chunk_splits: 2886.
num_chunks_enlarged: 2175.
num_inconsistent_stats: 0.

CodeHeap 'non-profiled nmethods': size=120000Kb used=7661Kb max_used=7661Kb free=112338Kb
 bounds [0x0000025e92120000, 0x0000025e928a0000, 0x0000025e99650000]
CodeHeap 'profiled nmethods': size=120000Kb used=5242Kb max_used=19135Kb free=114758Kb
 bounds [0x0000025e8a650000, 0x0000025e8b930000, 0x0000025e91b80000]
CodeHeap 'non-nmethods': size=5760Kb used=1797Kb max_used=1877Kb free=3962Kb
 bounds [0x0000025e91b80000, 0x0000025e91df0000, 0x0000025e92120000]
 total_blobs=4850 nmethods=4053 adapters=700
 compilation: enabled
              stopped_count=0, restarted_count=0
 full_count=0

Compilation events (20 events):
Event: 682.442 Thread 0x0000025e9e16e2e0 nmethod 13845 0x0000025e8b4ff710 code [0x0000025e8b4ff8a0, 0x0000025e8b4ffa30]
Event: 682.443 Thread 0x0000025e9e16e2e0 13844   !   3       org.springframework.transaction.interceptor.TransactionAspectSupport::invokeWithinTransaction (555 bytes)
Event: 682.443 Thread 0x0000025ee4225980 nmethod 13806 0x0000025e9288b490 code [0x0000025e9288b6c0, 0x0000025e9288c008]
Event: 682.443 Thread 0x0000025ee4225980 13828       4       jdk.internal.misc.Unsafe::getLongUnaligned (12 bytes)
Event: 682.444 Thread 0x0000025ee4225980 nmethod 13828 0x0000025e9288c990 code [0x0000025e9288cb00, 0x0000025e9288cbb8]
Event: 682.444 Thread 0x0000025ee4225980 13796       4       org.apache.catalina.connector.ResponseFacade::isCommitted (12 bytes)
Event: 682.447 Thread 0x0000025ee4225980 nmethod 13796 0x0000025e9288cc90 code [0x0000025e9288ce20, 0x0000025e9288cfc8]
Event: 682.447 Thread 0x0000025ee4225980 13850       4       org.apache.tomcat.util.buf.MessageBytes::recycle (35 bytes)
Event: 682.449 Thread 0x0000025e9e16e2e0 nmethod 13844 0x0000025e8a685590 code [0x0000025e8a685b40, 0x0000025e8a689288]
Event: 682.449 Thread 0x0000025e9e16e2e0 13851       3       org.springframework.web.context.request.async.StandardServletAsyncWebRequest::<init> (87 bytes)
Event: 682.450 Thread 0x0000025ee4225980 nmethod 13850 0x0000025e9288d210 code [0x0000025e9288d3a0, 0x0000025e9288d538]
Event: 682.450 Thread 0x0000025ee4225980 13832       4       org.apache.catalina.connector.Response::getStatus (8 bytes)
Event: 682.451 Thread 0x0000025e9e16e2e0 nmethod 13851 0x0000025e8b4fdc90 code [0x0000025e8b4fdf60, 0x0000025e8b4ff150]
Event: 682.451 Thread 0x0000025e9e16e2e0 13849       3       com.microsoft.sqlserver.jdbc.TDSReader::nextPacket (164 bytes)
Event: 682.451 Thread 0x0000025ee4225980 nmethod 13832 0x0000025e9288d610 code [0x0000025e9288d780, 0x0000025e9288d820]
Event: 682.451 Thread 0x0000025ee4225980 13810       4       java.util.IdentityHashMap::<init> (11 bytes)
Event: 682.452 Thread 0x0000025e9e16e2e0 nmethod 13849 0x0000025e8b611790 code [0x0000025e8b6119c0, 0x0000025e8b612420]
Event: 682.453 Thread 0x0000025e9e16e2e0 13857       2       ch.qos.logback.classic.Logger::log (21 bytes)
Event: 682.453 Thread 0x0000025e9e16e2e0 nmethod 13857 0x0000025e8b4fd890 code [0x0000025e8b4fda40, 0x0000025e8b4fdbc0]
Event: 682.454 Thread 0x0000025e9e16e2e0 13853       2       org.springframework.web.context.request.ServletWebRequest::addCachingResponseHeaders (109 bytes)

GC Heap History (20 events):
Event: 664.147 GC heap before
{Heap before GC invocations=146 (full 0):
 garbage-first heap   total reserved 1560576K, committed 61440K, used 56739K [0x00000000a0c00000, 0x0000000100000000)
  region size 1024K, 23 young (23552K), 1 survivors (1024K)
 Metaspace       used 80134K, committed 80896K, reserved 1179648K
  class space    used 10650K, committed 11008K, reserved 1048576K
}
Event: 664.150 GC heap after
{Heap after GC invocations=147 (full 0):
 garbage-first heap   total reserved 1560576K, committed 61440K, used 34171K [0x00000000a0c00000, 0x0000000100000000)
  region size 1024K, 1 young (1024K), 1 survivors (1024K)
 Metaspace       used 80134K, committed 80896K, reserved 1179648K
  class space    used 10650K, committed 11008K, reserved 1048576K
}
Event: 665.311 GC heap before
{Heap before GC invocations=147 (full 0):
 garbage-first heap   total reserved 1560576K, committed 61440K, used 55675K [0x00000000a0c00000, 0x0000000100000000)
  region size 1024K, 23 young (23552K), 1 survivors (1024K)
 Metaspace       used 80134K, committed 80896K, reserved 1179648K
  class space    used 10650K, committed 11008K, reserved 1048576K
}
Event: 665.313 GC heap after
{Heap after GC invocations=148 (full 0):
 garbage-first heap   total reserved 1560576K, committed 61440K, used 34181K [0x00000000a0c00000, 0x0000000100000000)
  region size 1024K, 1 young (1024K), 1 survivors (1024K)
 Metaspace       used 80134K, committed 80896K, reserved 1179648K
  class space    used 10650K, committed 11008K, reserved 1048576K
}
Event: 666.964 GC heap before
{Heap before GC invocations=149 (full 0):
 garbage-first heap   total reserved 1560576K, committed 61440K, used 56709K [0x00000000a0c00000, 0x0000000100000000)
  region size 1024K, 23 young (23552K), 1 survivors (1024K)
 Metaspace       used 80134K, committed 80896K, reserved 1179648K
  class space    used 10650K, committed 11008K, reserved 1048576K
}
Event: 666.966 GC heap after
{Heap after GC invocations=150 (full 0):
 garbage-first heap   total reserved 1560576K, committed 61440K, used 34172K [0x00000000a0c00000, 0x0000000100000000)
  region size 1024K, 1 young (1024K), 1 survivors (1024K)
 Metaspace       used 80134K, committed 80896K, reserved 1179648K
  class space    used 10650K, committed 11008K, reserved 1048576K
}
Event: 668.140 GC heap before
{Heap before GC invocations=150 (full 0):
 garbage-first heap   total reserved 1560576K, committed 61440K, used 55676K [0x00000000a0c00000, 0x0000000100000000)
  region size 1024K, 23 young (23552K), 1 survivors (1024K)
 Metaspace       used 80135K, committed 80896K, reserved 1179648K
  class space    used 10650K, committed 11008K, reserved 1048576K
}
Event: 668.142 GC heap after
{Heap after GC invocations=151 (full 0):
 garbage-first heap   total reserved 1560576K, committed 61440K, used 34135K [0x00000000a0c00000, 0x0000000100000000)
  region size 1024K, 1 young (1024K), 1 survivors (1024K)
 Metaspace       used 80135K, committed 80896K, reserved 1179648K
  class space    used 10650K, committed 11008K, reserved 1048576K
}
Event: 670.260 GC heap before
{Heap before GC invocations=152 (full 0):
 garbage-first heap   total reserved 1560576K, committed 61440K, used 55639K [0x00000000a0c00000, 0x0000000100000000)
  region size 1024K, 23 young (23552K), 1 survivors (1024K)
 Metaspace       used 80139K, committed 80896K, reserved 1179648K
  class space    used 10650K, committed 11008K, reserved 1048576K
}
Event: 670.261 GC heap after
{Heap after GC invocations=153 (full 0):
 garbage-first heap   total reserved 1560576K, committed 61440K, used 34082K [0x00000000a0c00000, 0x0000000100000000)
  region size 1024K, 1 young (1024K), 1 survivors (1024K)
 Metaspace       used 80139K, committed 80896K, reserved 1179648K
  class space    used 10650K, committed 11008K, reserved 1048576K
}
Event: 672.449 GC heap before
{Heap before GC invocations=153 (full 0):
 garbage-first heap   total reserved 1560576K, committed 61440K, used 56610K [0x00000000a0c00000, 0x0000000100000000)
  region size 1024K, 23 young (23552K), 1 survivors (1024K)
 Metaspace       used 80139K, committed 80896K, reserved 1179648K
  class space    used 10650K, committed 11008K, reserved 1048576K
}
Event: 672.451 GC heap after
{Heap after GC invocations=154 (full 0):
 garbage-first heap   total reserved 1560576K, committed 61440K, used 34098K [0x00000000a0c00000, 0x0000000100000000)
  region size 1024K, 1 young (1024K), 1 survivors (1024K)
 Metaspace       used 80139K, committed 80896K, reserved 1179648K
  class space    used 10650K, committed 11008K, reserved 1048576K
}
Event: 674.388 GC heap before
{Heap before GC invocations=155 (full 0):
 garbage-first heap   total reserved 1560576K, committed 61440K, used 56626K [0x00000000a0c00000, 0x0000000100000000)
  region size 1024K, 23 young (23552K), 1 survivors (1024K)
 Metaspace       used 80139K, committed 80896K, reserved 1179648K
  class space    used 10650K, committed 11008K, reserved 1048576K
}
Event: 674.390 GC heap after
{Heap after GC invocations=156 (full 0):
 garbage-first heap   total reserved 1560576K, committed 61440K, used 34145K [0x00000000a0c00000, 0x0000000100000000)
  region size 1024K, 1 young (1024K), 1 survivors (1024K)
 Metaspace       used 80139K, committed 80896K, reserved 1179648K
  class space    used 10650K, committed 11008K, reserved 1048576K
}
Event: 674.881 GC heap before
{Heap before GC invocations=156 (full 0):
 garbage-first heap   total reserved 1560576K, committed 61440K, used 56673K [0x00000000a0c00000, 0x0000000100000000)
  region size 1024K, 23 young (23552K), 1 survivors (1024K)
 Metaspace       used 80139K, committed 80896K, reserved 1179648K
  class space    used 10650K, committed 11008K, reserved 1048576K
}
Event: 674.884 GC heap after
{Heap after GC invocations=157 (full 0):
 garbage-first heap   total reserved 1560576K, committed 61440K, used 34145K [0x00000000a0c00000, 0x0000000100000000)
  region size 1024K, 1 young (1024K), 1 survivors (1024K)
 Metaspace       used 80139K, committed 80896K, reserved 1179648K
  class space    used 10650K, committed 11008K, reserved 1048576K
}
Event: 675.446 GC heap before
{Heap before GC invocations=158 (full 0):
 garbage-first heap   total reserved 1560576K, committed 61440K, used 56673K [0x00000000a0c00000, 0x0000000100000000)
  region size 1024K, 23 young (23552K), 1 survivors (1024K)
 Metaspace       used 80140K, committed 80896K, reserved 1179648K
  class space    used 10650K, committed 11008K, reserved 1048576K
}
Event: 675.448 GC heap after
{Heap after GC invocations=159 (full 0):
 garbage-first heap   total reserved 1560576K, committed 61440K, used 34211K [0x00000000a0c00000, 0x0000000100000000)
  region size 1024K, 1 young (1024K), 1 survivors (1024K)
 Metaspace       used 80140K, committed 80896K, reserved 1179648K
  class space    used 10650K, committed 11008K, reserved 1048576K
}
Event: 682.114 GC heap before
{Heap before GC invocations=159 (full 0):
 garbage-first heap   total reserved 1560576K, committed 61440K, used 55715K [0x00000000a0c00000, 0x0000000100000000)
  region size 1024K, 23 young (23552K), 1 survivors (1024K)
 Metaspace       used 80602K, committed 81472K, reserved 1179648K
  class space    used 10735K, committed 11136K, reserved 1048576K
}
Event: 682.120 GC heap after
{Heap after GC invocations=160 (full 0):
 garbage-first heap   total reserved 1560576K, committed 61440K, used 34705K [0x00000000a0c00000, 0x0000000100000000)
  region size 1024K, 1 young (1024K), 1 survivors (1024K)
 Metaspace       used 80602K, committed 81472K, reserved 1179648K
  class space    used 10735K, committed 11136K, reserved 1048576K
}

Dll operation events (15 events):
Event: 0.020 Loaded shared library C:\Users\sugithi satheesh\.jdks\openjdk-22\bin\java.dll
Event: 0.069 Loaded shared library C:\Users\sugithi satheesh\.jdks\openjdk-22\bin\jsvml.dll
Event: 0.220 Loaded shared library C:\Users\sugithi satheesh\.jdks\openjdk-22\bin\zip.dll
Event: 0.224 Loaded shared library C:\Users\sugithi satheesh\.jdks\openjdk-22\bin\instrument.dll
Event: 0.231 Loaded shared library C:\Users\sugithi satheesh\.jdks\openjdk-22\bin\net.dll
Event: 0.234 Loaded shared library C:\Users\sugithi satheesh\.jdks\openjdk-22\bin\nio.dll
Event: 0.238 Loaded shared library C:\Users\sugithi satheesh\.jdks\openjdk-22\bin\zip.dll
Event: 0.377 Loaded shared library D:\intellij Idea\IntelliJ IDEA Community Edition 2023.1.3\bin\breakgen64.dll
Event: 0.393 Loaded shared library C:\Users\sugithi satheesh\.jdks\openjdk-22\bin\extnet.dll
Event: 0.457 Loaded shared library C:\Users\sugithi satheesh\.jdks\openjdk-22\bin\jimage.dll
Event: 0.997 Loaded shared library C:\Users\sugithi satheesh\.jdks\openjdk-22\bin\management.dll
Event: 1.000 Loaded shared library C:\Users\sugithi satheesh\.jdks\openjdk-22\bin\management_ext.dll
Event: 1.870 Loaded shared library C:\Users\sugithi satheesh\.jdks\openjdk-22\bin\le.dll
Event: 2.588 Loaded shared library C:\Users\sugithi satheesh\.jdks\openjdk-22\bin\sunmscapi.dll
Event: 6.962 Loaded shared library C:\Users\sugithi satheesh\.jdks\openjdk-22\bin\verify.dll

Deoptimization events (20 events):
Event: 681.984 Thread 0x0000025ee720d770 DEOPT PACKING pc=0x0000025e9252e9f0 sp=0x000000bf038fecb0
Event: 681.984 Thread 0x0000025ee720d770 DEOPT UNPACKING pc=0x0000025e91bd46a2 sp=0x000000bf038fec50 mode 2
Event: 681.984 Thread 0x0000025ee720a2f0 DEOPT PACKING pc=0x0000025e9252e9f0 sp=0x000000bf03cfea90
Event: 681.984 Thread 0x0000025ee720a2f0 DEOPT UNPACKING pc=0x0000025e91bd46a2 sp=0x000000bf03cfea30 mode 2
Event: 682.026 Thread 0x0000025ee720d0e0 Uncommon trap: trap_request=0xffffff45 fr.pc=0x0000025e924a9948 relative=0x00000000000006a8
Event: 682.026 Thread 0x0000025ee720d0e0 Uncommon trap: reason=unstable_if action=reinterpret pc=0x0000025e924a9948 method=org.apache.catalina.connector.OutputBuffer.close()V @ 4 c2
Event: 682.026 Thread 0x0000025ee720d0e0 DEOPT PACKING pc=0x0000025e924a9948 sp=0x000000bf03dfe850
Event: 682.026 Thread 0x0000025ee720d0e0 DEOPT UNPACKING pc=0x0000025e91bd46a2 sp=0x000000bf03dfe7f8 mode 2
Event: 682.128 Thread 0x0000025ee523d2d0 Uncommon trap: trap_request=0xffffff45 fr.pc=0x0000025e9257bc70 relative=0x0000000000000890
Event: 682.130 Thread 0x0000025ee523d2d0 Uncommon trap: reason=unstable_if action=reinterpret pc=0x0000025e9257bc70 method=java.util.concurrent.ConcurrentHashMap.addCount(JI)V @ 7 c2
Event: 682.133 Thread 0x0000025ee523d2d0 DEOPT PACKING pc=0x0000025e9257bc70 sp=0x000000bf024fd3d0
Event: 682.139 Thread 0x0000025ee523d2d0 DEOPT UNPACKING pc=0x0000025e91bd46a2 sp=0x000000bf024fd2a8 mode 2
Event: 682.231 Thread 0x0000025ee720b6a0 Uncommon trap: trap_request=0xffffff45 fr.pc=0x0000025e92720228 relative=0x00000000000011e8
Event: 682.231 Thread 0x0000025ee720b6a0 Uncommon trap: reason=unstable_if action=reinterpret pc=0x0000025e92720228 method=com.zaxxer.hikari.util.ConcurrentBag.borrow(JLjava/util/concurrent/TimeUnit;)Lcom/zaxxer/hikari/util/ConcurrentBag$IConcurrentBagEntry; @ 118 c2
Event: 682.231 Thread 0x0000025ee720b6a0 DEOPT PACKING pc=0x0000025e92720228 sp=0x000000bf039fc0f0
Event: 682.231 Thread 0x0000025ee720b6a0 DEOPT UNPACKING pc=0x0000025e91bd46a2 sp=0x000000bf039fbe30 mode 2
Event: 682.281 Thread 0x0000025ee720a2f0 Uncommon trap: trap_request=0xffffff45 fr.pc=0x0000025e9249e550 relative=0x0000000000000290
Event: 682.281 Thread 0x0000025ee720a2f0 Uncommon trap: reason=unstable_if action=reinterpret pc=0x0000025e9249e550 method=com.zaxxer.hikari.util.ConcurrentBag.borrow(JLjava/util/concurrent/TimeUnit;)Lcom/zaxxer/hikari/util/ConcurrentBag$IConcurrentBagEntry; @ 118 c2
Event: 682.281 Thread 0x0000025ee720a2f0 DEOPT PACKING pc=0x0000025e9249e550 sp=0x000000bf03cfbf50
Event: 682.281 Thread 0x0000025ee720a2f0 DEOPT UNPACKING pc=0x0000025e91bd46a2 sp=0x000000bf03cfbee8 mode 2

Classes loaded (20 events):
Event: 681.696 Loading class javax/net/ssl/SSLHandshakeException
Event: 681.697 Loading class javax/net/ssl/SSLHandshakeException done
Event: 681.763 Loading class sun/net/ConnectionResetException
Event: 681.765 Loading class sun/net/ConnectionResetException done
Event: 681.827 Loading class jdk/internal/loader/BootLoader$PackageHelper
Event: 681.828 Loading class jdk/internal/loader/BootLoader$PackageHelper done
Event: 681.873 Loading class java/util/function/IntBinaryOperator
Event: 681.875 Loading class java/util/function/IntBinaryOperator done
Event: 681.876 Loading class java/util/stream/ReduceOps$7
Event: 681.877 Loading class java/util/stream/ReduceOps$7 done
Event: 681.877 Loading class java/util/stream/ReduceOps$6ReducingSink
Event: 681.878 Loading class java/util/stream/ReduceOps$6ReducingSink done
Event: 681.885 Loading class java/util/function/LongUnaryOperator
Event: 681.886 Loading class java/util/function/LongUnaryOperator done
Event: 681.896 Loading class sun/net/util/SocketExceptions
Event: 681.897 Loading class sun/net/util/SocketExceptions done
Event: 681.926 Loading class java/lang/Throwable$WrappedPrintWriter
Event: 681.927 Loading class java/lang/Throwable$PrintStreamOrWriter
Event: 681.927 Loading class java/lang/Throwable$PrintStreamOrWriter done
Event: 681.927 Loading class java/lang/Throwable$WrappedPrintWriter done

Classes unloaded (0 events):
No events

Classes redefined (0 events):
No events

Internal exceptions (20 events):
Event: 681.895 Thread 0x0000025ee5240750 Exception <a 'java/net/SocketException'{0x00000000a3830288}: Socket operation on nonsocket: select> (0x00000000a3830288) 
thrown [s\open\src\hotspot\share\prims\jni.cpp, line 539]
Event: 681.896 Thread 0x0000025ee523d2d0 Exception <a 'java/io/IOException'{0x00000000a3838af0}> (0x00000000a3838af0) 
thrown [s\open\src\hotspot\share\prims\jni.cpp, line 520]
Event: 681.898 Thread 0x0000025ee720bd30 Implicit null exception at 0x0000025e925c0d7f to 0x0000025e925c0db2
Event: 681.898 Thread 0x0000025ee720ca50 Implicit null exception at 0x0000025e925c0d7f to 0x0000025e925c0db2
Event: 681.898 Thread 0x0000025ee720b010 Implicit null exception at 0x0000025e925c0d7f to 0x0000025e925c0db2
Event: 681.898 Thread 0x0000025ee720a2f0 Implicit null exception at 0x0000025e925c0d7f to 0x0000025e925c0db2
Event: 681.898 Thread 0x0000025ee720a980 Implicit null exception at 0x0000025e925c0d7f to 0x0000025e925c0db2
Event: 681.898 Thread 0x0000025ee720d770 Implicit null exception at 0x0000025e925c0d7f to 0x0000025e925c0db2
Event: 681.908 Thread 0x0000025ee720b010 Implicit null exception at 0x0000025e923217ec to 0x0000025e92321818
Event: 681.908 Thread 0x0000025ee720a2f0 Implicit null exception at 0x0000025e923217ec to 0x0000025e92321818
Event: 681.908 Thread 0x0000025ee720bd30 Implicit null exception at 0x0000025e923217ec to 0x0000025e92321818
Event: 681.908 Thread 0x0000025ee720ca50 Implicit null exception at 0x0000025e923217ec to 0x0000025e92321818
Event: 681.909 Thread 0x0000025ee720b010 Implicit null exception at 0x0000025e92279a04 to 0x0000025e9227a168
Event: 681.909 Thread 0x0000025ee720a2f0 Implicit null exception at 0x0000025e92279a04 to 0x0000025e9227a168
Event: 681.909 Thread 0x0000025ee720a980 Implicit null exception at 0x0000025e9219ab72 to 0x0000025e9219acc8
Event: 681.909 Thread 0x0000025ee720bd30 Implicit null exception at 0x0000025e9219ab72 to 0x0000025e9219acc8
Event: 681.909 Thread 0x0000025ee720a980 Implicit null exception at 0x0000025e92595a79 to 0x0000025e92595b6a
Event: 681.910 Thread 0x0000025ee720bd30 Implicit null exception at 0x0000025e92543f95 to 0x0000025e9254404a
Event: 681.910 Thread 0x0000025ee720a2f0 Implicit null exception at 0x0000025e92543f95 to 0x0000025e9254404a
Event: 682.195 Thread 0x0000025ee523d2d0 Exception <a 'sun/net/ConnectionResetException'{0x00000000a6b5cfa8}: Connection reset> (0x00000000a6b5cfa8) 
thrown [s\open\src\hotspot\share\prims\jni.cpp, line 539]

ZGC Phase Switch (0 events):
No events

VM Operations (20 events):
Event: 674.881 Executing VM operation: G1CollectForAllocation (G1 Evacuation Pause)
Event: 674.884 Executing VM operation: G1CollectForAllocation (G1 Evacuation Pause) done
Event: 674.946 Executing VM operation: G1PauseRemark
Event: 674.951 Executing VM operation: G1PauseRemark done
Event: 674.972 Executing VM operation: G1PauseCleanup
Event: 674.972 Executing VM operation: G1PauseCleanup done
Event: 675.446 Executing VM operation: G1CollectForAllocation (G1 Evacuation Pause)
Event: 675.448 Executing VM operation: G1CollectForAllocation (G1 Evacuation Pause) done
Event: 681.698 Executing VM operation: HandshakeAllThreads (Deoptimize)
Event: 681.706 Executing VM operation: HandshakeAllThreads (Deoptimize) done
Event: 681.706 Executing VM operation: Cleanup
Event: 681.706 Executing VM operation: Cleanup done
Event: 682.067 Executing VM operation: ICBufferFull
Event: 682.067 Executing VM operation: ICBufferFull done
Event: 682.114 Executing VM operation: G1CollectForAllocation (G1 Evacuation Pause)
Event: 682.120 Executing VM operation: G1CollectForAllocation (G1 Evacuation Pause) done
Event: 682.196 Executing VM operation: G1PauseRemark
Event: 682.201 Executing VM operation: G1PauseRemark done
Event: 682.224 Executing VM operation: G1PauseCleanup
Event: 682.224 Executing VM operation: G1PauseCleanup done

Events (20 events):
Event: 672.519 Thread 0x0000025e9e1392f0 flushing nmethod 0x0000025e8aacdc90
Event: 672.519 Thread 0x0000025e9e1392f0 flushing nmethod 0x0000025e8b53a810
Event: 672.519 Thread 0x0000025e9e1392f0 flushing nmethod 0x0000025e8b616d10
Event: 672.519 Thread 0x0000025e9e1392f0 flushing nmethod 0x0000025e8b88b990
Event: 674.951 Thread 0x0000025e9e1392f0 flushing nmethod 0x0000025e8a8c1510
Event: 674.951 Thread 0x0000025e9e1392f0 flushing nmethod 0x0000025e8b7f9390
Event: 674.951 Thread 0x0000025e9e1392f0 flushing nmethod 0x0000025e8b18ce10
Event: 674.951 Thread 0x0000025e9e1392f0 flushing nmethod 0x0000025e8a799210
Event: 675.373 Thread 0x0000025ee5240750 Thread added: 0x0000025ee5240750
Event: 680.392 Thread 0x0000025ee5240750 Thread exited: 0x0000025ee5240750
Event: 681.672 Thread 0x0000025ee60ee910 Thread added: 0x0000025ee60ee910
Event: 681.674 Thread 0x0000025ee4225980 Thread added: 0x0000025ee4225980
Event: 681.696 Thread 0x0000025ee5240750 Thread added: 0x0000025ee5240750
Event: 681.726 Thread 0x0000025ee5240750 Thread exited: 0x0000025ee5240750
Event: 681.730 Thread 0x0000025ee523ab70 Thread added: 0x0000025ee523ab70
Event: 681.739 Thread 0x0000025ee523d2d0 Thread added: 0x0000025ee523d2d0
Event: 681.891 Thread 0x0000025ee5240750 Thread added: 0x0000025ee5240750
Event: 681.892 Thread 0x0000025ee5240de0 Thread added: 0x0000025ee5240de0
Event: 682.201 Thread 0x0000025e9e1392f0 flushing nmethod 0x0000025e8b791210
Event: 682.201 Thread 0x0000025e9e1392f0 flushing nmethod 0x0000025e8a751290


Dynamic libraries:
0x00007ff7641d0000 - 0x00007ff7641de000 	C:\Users\sugithi satheesh\.jdks\openjdk-22\bin\java.exe
0x00007ffbf5fb0000 - 0x00007ffbf61c7000 	C:\WINDOWS\SYSTEM32\ntdll.dll
0x00007ffbf4950000 - 0x00007ffbf4a14000 	C:\WINDOWS\System32\KERNEL32.DLL
0x00007ffbf36e0000 - 0x00007ffbf3a87000 	C:\WINDOWS\System32\KERNELBASE.dll
0x00007ffbf3b00000 - 0x00007ffbf3c11000 	C:\WINDOWS\System32\ucrtbase.dll
0x00007ffbe7b30000 - 0x00007ffbe7b4b000 	C:\Users\sugithi satheesh\.jdks\openjdk-22\bin\VCRUNTIME140.dll
0x00007ffbe7b10000 - 0x00007ffbe7b27000 	C:\Users\sugithi satheesh\.jdks\openjdk-22\bin\jli.dll
0x00007ffbf3d20000 - 0x00007ffbf3ece000 	C:\WINDOWS\System32\USER32.dll
0x00007ffbf36b0000 - 0x00007ffbf36d6000 	C:\WINDOWS\System32\win32u.dll
0x00007ffbe25e0000 - 0x00007ffbe2873000 	C:\WINDOWS\WinSxS\amd64_microsoft.windows.common-controls_6595b64144ccf1df_6.0.22621.3527_none_270e469b73872a76\COMCTL32.dll
0x00007ffbf4790000 - 0x00007ffbf4837000 	C:\WINDOWS\System32\msvcrt.dll
0x00007ffbf4750000 - 0x00007ffbf4779000 	C:\WINDOWS\System32\GDI32.dll
0x00007ffbf3370000 - 0x00007ffbf3489000 	C:\WINDOWS\System32\gdi32full.dll
0x00007ffbf32d0000 - 0x00007ffbf336a000 	C:\WINDOWS\System32\msvcp_win.dll
0x00007ffbf3ce0000 - 0x00007ffbf3d11000 	C:\WINDOWS\System32\IMM32.DLL
0x00007ffbee620000 - 0x00007ffbee62c000 	C:\Users\sugithi satheesh\.jdks\openjdk-22\bin\vcruntime140_1.dll
0x00007ffbe06f0000 - 0x00007ffbe077e000 	C:\Users\sugithi satheesh\.jdks\openjdk-22\bin\msvcp140.dll
0x00007ffb92910000 - 0x00007ffb93658000 	C:\Users\sugithi satheesh\.jdks\openjdk-22\bin\server\jvm.dll
0x00007ffbf5d70000 - 0x00007ffbf5e22000 	C:\WINDOWS\System32\ADVAPI32.dll
0x00007ffbf4470000 - 0x00007ffbf4518000 	C:\WINDOWS\System32\sechost.dll
0x00007ffbf3600000 - 0x00007ffbf3628000 	C:\WINDOWS\System32\bcrypt.dll
0x00007ffbf50b0000 - 0x00007ffbf51c5000 	C:\WINDOWS\System32\RPCRT4.dll
0x00007ffbf4300000 - 0x00007ffbf4371000 	C:\WINDOWS\System32\WS2_32.dll
0x00007ffbf3190000 - 0x00007ffbf31dd000 	C:\WINDOWS\SYSTEM32\POWRPROF.dll
0x00007ffbebbc0000 - 0x00007ffbebbf4000 	C:\WINDOWS\SYSTEM32\WINMM.dll
0x00007ffbebb90000 - 0x00007ffbebb9a000 	C:\WINDOWS\SYSTEM32\VERSION.dll
0x00007ffbf3170000 - 0x00007ffbf3183000 	C:\WINDOWS\SYSTEM32\UMPDC.dll
0x00007ffbf22c0000 - 0x00007ffbf22d8000 	C:\WINDOWS\SYSTEM32\kernel.appcore.dll
0x00007ffbee600000 - 0x00007ffbee60a000 	C:\Users\sugithi satheesh\.jdks\openjdk-22\bin\jimage.dll
0x00007ffbf0700000 - 0x00007ffbf0932000 	C:\WINDOWS\SYSTEM32\DBGHELP.DLL
0x00007ffbf3ee0000 - 0x00007ffbf4268000 	C:\WINDOWS\System32\combase.dll
0x00007ffbf5e30000 - 0x00007ffbf5f07000 	C:\WINDOWS\System32\OLEAUT32.dll
0x00007ffbd20a0000 - 0x00007ffbd20d2000 	C:\WINDOWS\SYSTEM32\dbgcore.DLL
0x00007ffbf3630000 - 0x00007ffbf36a9000 	C:\WINDOWS\System32\bcryptPrimitives.dll
0x00007ffbee590000 - 0x00007ffbee59f000 	C:\Users\sugithi satheesh\.jdks\openjdk-22\bin\instrument.dll
0x00007ffbe76c0000 - 0x00007ffbe76de000 	C:\Users\sugithi satheesh\.jdks\openjdk-22\bin\java.dll
0x00007ffbf5510000 - 0x00007ffbf5d6c000 	C:\WINDOWS\System32\SHELL32.dll
0x00007ffbf51f0000 - 0x00007ffbf5395000 	C:\WINDOWS\System32\ole32.dll
0x00007ffbf11c0000 - 0x00007ffbf1ab6000 	C:\WINDOWS\SYSTEM32\windows.storage.dll
0x00007ffbf1080000 - 0x00007ffbf11be000 	C:\WINDOWS\SYSTEM32\wintypes.dll
0x00007ffbf4a80000 - 0x00007ffbf4b75000 	C:\WINDOWS\System32\SHCORE.dll
0x00007ffbf5f10000 - 0x00007ffbf5f6e000 	C:\WINDOWS\System32\shlwapi.dll
0x00007ffbf3200000 - 0x00007ffbf3221000 	C:\WINDOWS\SYSTEM32\profapi.dll
0x00007ffbcb240000 - 0x00007ffbcb317000 	C:\Users\sugithi satheesh\.jdks\openjdk-22\bin\jsvml.dll
0x00007ffbe68d0000 - 0x00007ffbe68e7000 	C:\Users\sugithi satheesh\.jdks\openjdk-22\bin\zip.dll
0x00007ffbebf60000 - 0x00007ffbebf70000 	C:\Users\sugithi satheesh\.jdks\openjdk-22\bin\net.dll
0x00007ffbf2740000 - 0x00007ffbf27a9000 	C:\WINDOWS\system32\mswsock.dll
0x00007ffbe2a80000 - 0x00007ffbe2a96000 	C:\Users\sugithi satheesh\.jdks\openjdk-22\bin\nio.dll
0x00007ffbe2a60000 - 0x00007ffbe2a7a000 	D:\intellij Idea\IntelliJ IDEA Community Edition 2023.1.3\bin\breakgen64.dll
0x00007ffbe77a0000 - 0x00007ffbe77a9000 	C:\Users\sugithi satheesh\.jdks\openjdk-22\bin\extnet.dll
0x00007ffbe6ef0000 - 0x00007ffbe6efa000 	C:\Users\sugithi satheesh\.jdks\openjdk-22\bin\management.dll
0x00007ffbe22c0000 - 0x00007ffbe22cb000 	C:\Users\sugithi satheesh\.jdks\openjdk-22\bin\management_ext.dll
0x00007ffbf3ed0000 - 0x00007ffbf3ed8000 	C:\WINDOWS\System32\PSAPI.DLL
0x00007ffbe22b0000 - 0x00007ffbe22bb000 	C:\Users\sugithi satheesh\.jdks\openjdk-22\bin\le.dll
0x00007ffbe1000000 - 0x00007ffbe100e000 	C:\Users\sugithi satheesh\.jdks\openjdk-22\bin\sunmscapi.dll
0x00007ffbf3490000 - 0x00007ffbf35f8000 	C:\WINDOWS\System32\CRYPT32.dll
0x00007ffbf2b80000 - 0x00007ffbf2bae000 	C:\WINDOWS\SYSTEM32\ncrypt.dll
0x00007ffbf2b40000 - 0x00007ffbf2b77000 	C:\WINDOWS\SYSTEM32\NTASN1.dll
0x00007ffbf29c0000 - 0x00007ffbf29db000 	C:\WINDOWS\SYSTEM32\CRYPTSP.dll
0x00007ffbf2220000 - 0x00007ffbf2255000 	C:\WINDOWS\system32\rsaenh.dll
0x00007ffbf2860000 - 0x00007ffbf2888000 	C:\WINDOWS\SYSTEM32\USERENV.dll
0x00007ffbf29e0000 - 0x00007ffbf29ec000 	C:\WINDOWS\SYSTEM32\CRYPTBASE.dll
0x00007ffbf1d20000 - 0x00007ffbf1d4d000 	C:\WINDOWS\SYSTEM32\IPHLPAPI.DLL
0x00007ffbf4940000 - 0x00007ffbf4949000 	C:\WINDOWS\System32\NSI.dll
0x00007ffbe0fd0000 - 0x00007ffbe0fe0000 	C:\Users\sugithi satheesh\.jdks\openjdk-22\bin\verify.dll
0x00007ffbcc230000 - 0x00007ffbcc247000 	C:\WINDOWS\system32\napinsp.dll
0x00007ffbc9aa0000 - 0x00007ffbc9abb000 	C:\WINDOWS\system32\pnrpnsp.dll
0x00007ffbf1d90000 - 0x00007ffbf1e88000 	C:\WINDOWS\SYSTEM32\DNSAPI.dll
0x00007ffbc9760000 - 0x00007ffbc9771000 	C:\WINDOWS\System32\winrnr.dll
0x00007ffbea5f0000 - 0x00007ffbea605000 	C:\WINDOWS\system32\wshbth.dll
0x00007ffbc9b80000 - 0x00007ffbc9ba7000 	C:\WINDOWS\system32\nlansp_c.dll
0x00007ffbe6890000 - 0x00007ffbe689a000 	C:\Windows\System32\rasadhlp.dll
0x00007ffbe9d10000 - 0x00007ffbe9d93000 	C:\WINDOWS\System32\fwpuclnt.dll
0x00007ffbece60000 - 0x00007ffbece68000 	C:\WINDOWS\system32\wshunix.dll

dbghelp: loaded successfully - version: 4.0.5 - missing functions: none
symbol engine: initialized successfully - sym options: 0x614 - pdb path: .;C:\Users\sugithi satheesh\.jdks\openjdk-22\bin;C:\WINDOWS\SYSTEM32;C:\WINDOWS\WinSxS\amd64_microsoft.windows.common-controls_6595b64144ccf1df_6.0.22621.3527_none_270e469b73872a76;C:\Users\sugithi satheesh\.jdks\openjdk-22\bin\server;D:\intellij Idea\IntelliJ IDEA Community Edition 2023.1.3\bin

VM Arguments:
jvm_args: -javaagent:D:\intellij Idea\IntelliJ IDEA Community Edition 2023.1.3\lib\idea_rt.jar=58722:D:\intellij Idea\IntelliJ IDEA Community Edition 2023.1.3\bin -Dfile.encoding=UTF-8 -Dsun.stdout.encoding=UTF-8 -Dsun.stderr.encoding=UTF-8 
java_command: com.fannss.taskmanagement.RevTaskManagementApplication
java_class_path (initial): C:\Users\sugithi satheesh\Downloads\taskmanagement (1)\taskmanagement\target\classes;C:\Users\sugithi satheesh\.m2\repository\org\springframework\boot\spring-boot-starter-data-jpa\3.3.0\spring-boot-starter-data-jpa-3.3.0.jar;C:\Users\sugithi satheesh\.m2\repository\org\springframework\boot\spring-boot-starter-aop\3.3.0\spring-boot-starter-aop-3.3.0.jar;C:\Users\sugithi satheesh\.m2\repository\org\springframework\spring-aop\6.1.8\spring-aop-6.1.8.jar;C:\Users\sugithi satheesh\.m2\repository\org\aspectj\aspectjweaver\1.9.22\aspectjweaver-1.9.22.jar;C:\Users\sugithi satheesh\.m2\repository\org\springframework\boot\spring-boot-starter-jdbc\3.3.0\spring-boot-starter-jdbc-3.3.0.jar;C:\Users\sugithi satheesh\.m2\repository\com\zaxxer\HikariCP\5.1.0\HikariCP-5.1.0.jar;C:\Users\sugithi satheesh\.m2\repository\org\springframework\spring-jdbc\6.1.8\spring-jdbc-6.1.8.jar;C:\Users\sugithi satheesh\.m2\repository\org\hibernate\orm\hibernate-core\6.5.2.Final\hibernate-core-6.5.2.Final.jar;C:\Users\sugithi satheesh\.m2\repository\jakarta\persistence\jakarta.persistence-api\3.1.0\jakarta.persistence-api-3.1.0.jar;C:\Users\sugithi satheesh\.m2\repository\jakarta\transaction\jakarta.transaction-api\2.0.1\jakarta.transaction-api-2.0.1.jar;C:\Users\sugithi satheesh\.m2\repository\org\jboss\logging\jboss-logging\3.5.3.Final\jboss-logging-3.5.3.Final.jar;C:\Users\sugithi satheesh\.m2\repository\org\hibernate\common\hibernate-commons-annotations\6.0.6.Final\hibernate-commons-annotations-6.0.6.Final.jar;C:\Users\sugithi satheesh\.m2\repository\io\smallrye\jandex\3.1.2\jandex-3.1.2.jar;C:\Users\sugithi satheesh\.m2\repository\com\fasterxml\classmate\1.7.0\classmate-1.7.0.jar;C:\Users\sugithi satheesh\.m2\repository\net\bytebuddy\byte-buddy\1.14.16\byte-buddy-1.14.16.jar;C:\Users\sugithi satheesh\.m2\repository\org\glassfish\jaxb\jaxb-runtime\4.0.5\jaxb-runtime-4.0.5.jar;C:\Users\sugithi satheesh\.m2\repository\org\glassfish\jaxb\jaxb-core\4.0.5\jaxb-core-4.0.5.jar;C:\Users\sugithi satheesh\.m2\repository\org\eclipse\angus\angus-activation\2.0.2\angus-activation-2.0.2.jar;C:\Users\sugithi satheesh\.m2\repository\org\glassfish\jaxb\txw2\4.0.5\txw2-4.0.5.jar;C:\Users\sugithi satheesh\.m2\repository\com\sun\istack\istack-commons-runtime\4.1.2\istack-commons-runtime-4.1.2.jar;C:\Users\sugithi satheesh\.m2\repository\jakarta\inject\jakarta.inject-api\2.0.1\jakarta.inject-api-2.0.1.jar;C:\Users\sugithi satheesh\.m2\repository\org\antlr\antlr4-runtime\4.13.0\antlr4-runtime-4.13.0.jar;C:\Users\sugithi satheesh\.m2\repository\org\springframework\data\spring-data-jpa\3.3.0\spring-data-jpa-3.3.0.jar;C:\Users\sugithi satheesh\.m2\repository\org\springframework\data\spring-data-commons\3.3.0\spring-data-commons-3.3.0.jar;C:\Users\sugithi satheesh\.m2\repository\org\springframework\spring-orm\6.1.8\spring-orm-6.1.8.jar;C:\Users\sugithi satheesh\.m2\repository\org\springframework\spring-context\6.1.8\spring-context-6.1.8.jar;C:\Users\sugithi satheesh\.m2\repository\org\springframework\spring-tx\6.1.8\spring-tx-6.1.8.jar;C:\Users\sugithi satheesh\.m2\repository\org\springframework\spring-beans\6.1.8\spring-beans-6.1.8.jar;C:\Users\sugithi satheesh\.m2\repository\jakarta\annotation\jakarta.annotation-api\2.1.1\jakarta.annotation-api-2.1.1.jar;C:\Users\sugithi satheesh\.m2\repository\org\slf4j\slf4j-api\2.0.13\slf4j-api-2.0.13.jar;C:\Users\sugithi satheesh\.m2\repository\org\springframework\spring-aspects\6.1.8\spring-aspects-6.1.8.jar;C:\Users\sugithi satheesh\.m2\repository\org\springframework\boot\spring-boot-starter-web\3.3.0\spring-boot-starter-web-3.3.0.jar;C:\Users\sugithi satheesh\.m2\repository\org\springframework\boot\spring-boot-starter\3.3.0\spring-boot-starter-3.3.0.jar;C:\Users\sugithi satheesh\.m2\repository\org\springframework\boot\spring-boot-starter-logging\3.3.0\spring-boot-starter-logging-3.3.0.jar;C:\Users\sugithi satheesh\.m2\repository\ch\qos\logback\logback-classic\1.5.6\logback-classic-1.5.6.jar;C:\Users\sugithi satheesh\.m2\repository\ch\qos\logback\logback-core\1.5.6\logback-core-1.5.6.jar;C:\Users\sugithi satheesh\.m2\repository\org\apache\logging\log4j\log4j-to-slf4j\2.23.1\log4j-to-slf4j-2.23.1.jar;C:\Users\sugithi satheesh\.m2\repository\org\apache\logging\log4j\log4j-api\2.23.1\log4j-api-2.23.1.jar;C:\Users\sugithi satheesh\.m2\repository\org\slf4j\jul-to-slf4j\2.0.13\jul-to-slf4j-2.0.13.jar;C:\Users\sugithi satheesh\.m2\repository\org\yaml\snakeyaml\2.2\snakeyaml-2.2.jar;C:\Users\sugithi satheesh\.m2\repository\org\springframework\boot\spring-boot-starter-json\3.3.0\spring-boot-starter-json-3.3.0.jar;C:\Users\sugithi satheesh\.m2\repository\com\fasterxml\jackson\core\jackson-databind\2.17.1\jackson-databind-2.17.1.jar;C:\Users\sugithi satheesh\.m2\repository\com\fasterxml\jackson\core\jackson-annotations\2.17.1\jackson-annotations-2.17.1.jar;C:\Users\sugithi satheesh\.m2\repository\com\fasterxml\jackson\core\jackson-core\2.17.1\jackson-core-2.17.1.jar;C:\Users\sugithi satheesh\.m2\repository\com\fasterxml\jackson\datatype\jackson-datatype-jdk8\2.17.1\jackson-datatype-jdk8-2.17.1.jar;C:\Users\sugithi satheesh\.m2\repository\com\fasterxml\jackson\datatype\jackson-datatype-jsr310\2.17.1\jackson-datatype-jsr310-2.17.1.jar;C:\Users\sugithi satheesh\.m2\repository\com\fasterxml\jackson\module\jackson-module-parameter-names\2.17.1\jackson-module-parameter-names-2.17.1.jar;C:\Users\sugithi satheesh\.m2\repository\org\springframework\boot\spring-boot-starter-tomcat\3.3.0\spring-boot-starter-tomcat-3.3.0.jar;C:\Users\sugithi satheesh\.m2\repository\org\apache\tomcat\embed\tomcat-embed-core\10.1.24\tomcat-embed-core-10.1.24.jar;C:\Users\sugithi satheesh\.m2\repository\org\apache\tomcat\embed\tomcat-embed-el\10.1.24\tomcat-embed-el-10.1.24.jar;C:\Users\sugithi satheesh\.m2\repository\org\apache\tomcat\embed\tomcat-embed-websocket\10.1.24\tomcat-embed-websocket-10.1.24.jar;C:\Users\sugithi satheesh\.m2\repository\org\springframework\spring-web\6.1.8\spring-web-6.1.8.jar;C:\Users\sugithi satheesh\.m2\repository\io\micrometer\micrometer-observation\1.13.0\micrometer-observation-1.13.0.jar;C:\Users\sugithi satheesh\.m2\repository\io\micrometer\micrometer-commons\1.13.0\micrometer-commons-1.13.0.jar;C:\Users\sugithi satheesh\.m2\repository\org\springframework\spring-webmvc\6.1.8\spring-webmvc-6.1.8.jar;C:\Users\sugithi satheesh\.m2\repository\org\springframework\spring-expression\6.1.8\spring-expression-6.1.8.jar;C:\Users\sugithi satheesh\.m2\repository\org\springframework\boot\spring-boot-devtools\3.3.0\spring-boot-devtools-3.3.0.jar;C:\Users\sugithi satheesh\.m2\repository\org\springframework\boot\spring-boot\3.3.0\spring-boot-3.3.0.jar;C:\Users\sugithi satheesh\.m2\repository\org\springframework\boot\spring-boot-autoconfigure\3.3.0\spring-boot-autoconfigure-3.3.0.jar;C:\Users\sugithi satheesh\.m2\repository\com\microsoft\sqlserver\mssql-jdbc\12.6.1.jre11\mssql-jdbc-12.6.1.jre11.jar;C:\Users\sugithi satheesh\.m2\repository\org\projectlombok\lombok\1.18.32\lombok-1.18.32.jar;C:\Users\sugithi satheesh\.m2\repository\jakarta\xml\bind\jakarta.xml.bind-api\4.0.2\jakarta.xml.bind-api-4.0.2.jar;C:\Users\sugithi satheesh\.m2\repository\jakarta\activation\jakarta.activation-api\2.1.3\jakarta.activation-api-2.1.3.jar;C:\Users\sugithi satheesh\.m2\repository\org\springframework\spring-core\6.1.8\spring-core-6.1.8.jar;C:\Users\sugithi satheesh\.m2\repository\org\springframework\spring-jcl\6.1.8\spring-jcl-6.1.8.jar
Launcher Type: SUN_STANDARD

[Global flags]
     intx CICompilerCount                          = 4                                         {product} {ergonomic}
     uint ConcGCThreads                            = 2                                         {product} {ergonomic}
     uint G1ConcRefinementThreads                  = 8                                         {product} {ergonomic}
   size_t G1HeapRegionSize                         = 1048576                                   {product} {ergonomic}
   size_t InitialHeapSize                          = 100663296                                 {product} {ergonomic}
   size_t MarkStackSize                            = 4194304                                   {product} {ergonomic}
   size_t MaxHeapSize                              = 1598029824                                {product} {ergonomic}
   size_t MaxNewSize                               = 958398464                                 {product} {ergonomic}
   size_t MinHeapDeltaBytes                        = 1048576                                   {product} {ergonomic}
   size_t MinHeapSize                              = 8388608                                   {product} {ergonomic}
    uintx NonNMethodCodeHeapSize                   = 5839372                                {pd product} {ergonomic}
    uintx NonProfiledCodeHeapSize                  = 122909434                              {pd product} {ergonomic}
    uintx ProfiledCodeHeapSize                     = 122909434                              {pd product} {ergonomic}
    uintx ReservedCodeCacheSize                    = 251658240                              {pd product} {ergonomic}
     bool SegmentedCodeCache                       = true                                      {product} {ergonomic}
   size_t SoftMaxHeapSize                          = 1598029824                             {manageable} {ergonomic}
     bool UseCompressedOops                        = true                           {product lp64_product} {ergonomic}
     bool UseG1GC                                  = true                                      {product} {ergonomic}
     bool UseLargePagesIndividualAllocation        = false                                  {pd product} {ergonomic}

Logging:
Log output configuration:
 #0: stdout all=warning uptime,level,tags foldmultilines=false
 #1: stderr all=off uptime,level,tags foldmultilines=false

Environment Variables:
JAVA_HOME=C:\Program Files\Java\jdk-19
PATH=C:\Program Files\Microsoft SDKs\Azure\CLI2\wbin;C:\Python311\Scripts\;C:\Python311\;C:\oracle\product\10.2.0\db_1\bin;C:\ProgramData\Oracle\Java\javapath;C:\Program Files\Common Files\Oracle\Java\javapath;C:\WINDOWS\system32;C:\WINDOWS;C:\WINDOWS\System32\Wbem;C:\WINDOWS\System32\WindowsPowerShell\v1.0\;C:\WINDOWS\System32\OpenSSH\;C:\Program Files\Polyspace\R2020a\runtime\win64;C:\Program Files\Polyspace\R2020a\bin;C:\Program Files\Polyspace\R2020a\polyspace\bin;C:\Program Files\Git\cmd;D:\apache-maven-3.9.3\bin;C:\Program Files\Java\jdk-19\bin;C:\Program Files (x86)\Microsoft SQL Server\160\Tools\Binn\;C:\Program Files\Microsoft SQL Server\160\Tools\Binn\;C:\Program Files\Microsoft SQL Server\Client SDK\ODBC\170\Tools\Binn\;C:\Program Files\Microsoft SQL Server\160\DTS\Binn\;C:\Program Files (x86)\Microsoft SQL Server\160\DTS\Binn\;C:\Program Files\nodejs\;C:\Program Files\Docker\Docker\resources\bin;C:\Program Files\MySQL\MySQL Shell 8.0\bin\;C:\Users\sugithi satheesh\AppData\Local\Microsoft\WindowsApps;C:\Program Files\Java\jdk-19\bin;C:\Users\sugithi satheesh\AppData\Local\Programs\Microsoft VS Code\bin;;D:\intellij Idea\IntelliJ IDEA Community Edition 2023.1.3\bin;;C:\Users\sugithi satheesh\AppData\Roaming\npm
USERNAME=sugithi satheesh
OS=Windows_NT
PROCESSOR_IDENTIFIER=AMD64 Family 23 Model 24 Stepping 1, AuthenticAMD
TMP=C:\Users\SUGITH~1\AppData\Local\Temp
TEMP=C:\Users\SUGITH~1\AppData\Local\Temp




Periodic native trim disabled

---------------  S Y S T E M  ---------------

OS:
 Windows 11 , 64 bit Build 22621 (10.0.22621.3527)
OS uptime: 1 days 2:50 hours
Hyper-V role detected

CPU: total 8 (initial active 8) (8 cores per cpu, 2 threads per core) family 23 model 24 stepping 1 microcode 0x0, cx8, cmov, fxsr, ht, mmx, 3dnowpref, sse, sse2, sse3, ssse3, sse4a, sse4.1, sse4.2, popcnt, lzcnt, tsc, tscinvbit, avx, avx2, aes, clmul, bmi1, bmi2, adx, sha, fma, vzeroupper, clflush, clflushopt, hv, rdtscp, f16c
Processor Information for all 8 processors :
  Max Mhz: 2100, Current Mhz: 2100, Mhz Limit: 2100

Memory: 4k page, system-wide physical 6091M (783M free)
TotalPageFile size 24523M (AvailPageFile size 5M)
current process WorkingSet (physical memory assigned to process): 205M, peak: 278M
current process commit charge ("private bytes"): 329M, peak: 340M

vm_info: OpenJDK 64-Bit Server VM (22+36-2370) for windows-amd64 JRE (22+36-2370), built on 2024-02-15T22:15:19Z by "mach5one" with MS VC++ 17.6 (VS2022)

END.
