#
# There is insufficient memory for the Java Runtime Environment to continue.
# Native memory allocation (malloc) failed to allocate 809440 bytes. Error detail: Chunk::new
# Possible reasons:
#   The system is out of physical RAM or swap space
#   This process is running with CompressedOops enabled, and the Java Heap may be blocking the growth of the native heap
# Possible solutions:
#   Reduce memory load on the system
#   Increase physical memory or swap space
#   Check if swap backing store is full
#   Decrease Java heap size (-Xmx/-Xms)
#   Decrease number of Java threads
#   Decrease Java thread stack sizes (-Xss)
#   Set larger code cache with -XX:ReservedCodeCacheSize=
#   JVM is running with Unscaled Compressed Oops mode in which the Java heap is
#     placed in the first 4GB address space. The Java Heap base address is the
#     maximum limit for the native heap growth. Please use -XX:HeapBaseMinAddress
#     to set the Java Heap base and to place the Java Heap above 4GB virtual address.
# This output file may be truncated or incomplete.
#
#  Out of Memory Error (arena.cpp:150), pid=34296, tid=32588
#
# JRE version: OpenJDK Runtime Environment (22.0+36) (build 22+36-2370)
# Java VM: OpenJDK 64-Bit Server VM (22+36-2370, mixed mode, sharing, tiered, compressed oops, compressed class ptrs, g1 gc, windows-amd64)
# No core dump will be written. Minidumps are not enabled by default on client versions of Windows
#

---------------  S U M M A R Y ------------

Command Line: -Dmaven.multiModuleProjectDirectory=C:\Users\sugithi satheesh\Downloads\taskmanagement (1)\taskmanagement -Djansi.passthrough=true -Dmaven.home=C:\Users\sugithi satheesh\.m2\wrapper\dists\apache-maven-3.9.6-bin\439sdfsg2nbdob9ciift5h5nse\apache-maven-3.9.6 -Dclassworlds.conf=C:\Users\sugithi satheesh\.m2\wrapper\dists\apache-maven-3.9.6-bin\439sdfsg2nbdob9ciift5h5nse\apache-maven-3.9.6\bin\m2.conf -Dmaven.ext.class.path=D:\intellij Idea\IntelliJ IDEA Community Edition 2023.1.3\plugins\maven\lib\maven-event-listener.jar -javaagent:D:\intellij Idea\IntelliJ IDEA Community Edition 2023.1.3\lib\idea_rt.jar=62221:D:\intellij Idea\IntelliJ IDEA Community Edition 2023.1.3\bin -Dfile.encoding=UTF-8 -Dsun.stdout.encoding=UTF-8 -Dsun.stderr.encoding=UTF-8 org.codehaus.classworlds.Launcher -Didea.version=2023.1.3 install

Host: AMD Ryzen 5 3500U with Radeon Vega Mobile Gfx  , 8 cores, 5G,  Windows 11 , 64 bit Build 22621 (10.0.22621.3527)
Time: Thu May 30 06:33:10 2024 India Standard Time elapsed time: 27.807415 seconds (0d 0h 0m 27s)

---------------  T H R E A D  ---------------

Current thread (0x000001acfa39ddd0):  JavaThread "C2 CompilerThread0" daemon [_thread_in_native, id=32588, stack(0x000000a0f4a00000,0x000000a0f4b00000) (1024K)]


Current CompileTask:
C2:27807 4215   !   4       org.apache.maven.model.Plugin::clone (204 bytes)

Stack: [0x000000a0f4a00000,0x000000a0f4b00000]
Native frames: (J=compiled Java code, j=interpreted, Vv=VM code, C=native code)
V  [jvm.dll+0x6e2349]  (no source info available)
V  [jvm.dll+0x874ed3]  (no source info available)
V  [jvm.dll+0x8772fe]  (no source info available)
V  [jvm.dll+0x8779d3]  (no source info available)
V  [jvm.dll+0x27fcb6]  (no source info available)
V  [jvm.dll+0xc3d0f]  (no source info available)
V  [jvm.dll+0xc3f6b]  (no source info available)
V  [jvm.dll+0x3bb05c]  (no source info available)
V  [jvm.dll+0x387abb]  (no source info available)
V  [jvm.dll+0x386f2a]  (no source info available)
V  [jvm.dll+0x247908]  (no source info available)
V  [jvm.dll+0x246faf]  (no source info available)
V  [jvm.dll+0x1c4e90]  (no source info available)
V  [jvm.dll+0x25699e]  (no source info available)
V  [jvm.dll+0x254c5a]  (no source info available)
V  [jvm.dll+0x3f5426]  (no source info available)
V  [jvm.dll+0x81d50b]  (no source info available)
V  [jvm.dll+0x6e09e5]  (no source info available)
C  [ucrtbase.dll+0x29333]  (no source info available)
C  [KERNEL32.DLL+0x1257d]  (no source info available)
C  [ntdll.dll+0x5aa48]  (no source info available)


---------------  P R O C E S S  ---------------

Threads class SMR info:
_java_thread_list=0x000001acde5fc2c0, length=13, elements={
0x000001acde53c4d0, 0x000001acfa3933f0, 0x000001acfa394310, 0x000001acfa395b10,
0x000001acfa398d20, 0x000001acfa39adb0, 0x000001acfa39c820, 0x000001acfa39ddd0,
0x000001acfa3acff0, 0x000001acc51b8910, 0x000001acc5320100, 0x000001acc5320770,
0x000001acc63376d0
}

Java Threads: ( => current thread )
  0x000001acde53c4d0 JavaThread "main"                              [_thread_in_native, id=29884, stack(0x000000a0f3c00000,0x000000a0f3d00000) (1024K)]
  0x000001acfa3933f0 JavaThread "Reference Handler"          daemon [_thread_blocked, id=22772, stack(0x000000a0f4400000,0x000000a0f4500000) (1024K)]
  0x000001acfa394310 JavaThread "Finalizer"                  daemon [_thread_blocked, id=29440, stack(0x000000a0f4500000,0x000000a0f4600000) (1024K)]
  0x000001acfa395b10 JavaThread "Signal Dispatcher"          daemon [_thread_blocked, id=35216, stack(0x000000a0f4600000,0x000000a0f4700000) (1024K)]
  0x000001acfa398d20 JavaThread "Attach Listener"            daemon [_thread_blocked, id=29656, stack(0x000000a0f4700000,0x000000a0f4800000) (1024K)]
  0x000001acfa39adb0 JavaThread "Service Thread"             daemon [_thread_blocked, id=35552, stack(0x000000a0f4800000,0x000000a0f4900000) (1024K)]
  0x000001acfa39c820 JavaThread "Monitor Deflation Thread"   daemon [_thread_blocked, id=35988, stack(0x000000a0f4900000,0x000000a0f4a00000) (1024K)]
=>0x000001acfa39ddd0 JavaThread "C2 CompilerThread0"         daemon [_thread_in_native, id=32588, stack(0x000000a0f4a00000,0x000000a0f4b00000) (1024K)]
  0x000001acfa3acff0 JavaThread "C1 CompilerThread0"         daemon [_thread_blocked, id=14936, stack(0x000000a0f4b00000,0x000000a0f4c00000) (1024K)]
  0x000001acc51b8910 JavaThread "Common-Cleaner"             daemon [_thread_blocked, id=33312, stack(0x000000a0f4c00000,0x000000a0f4d00000) (1024K)]
  0x000001acc5320100 JavaThread "Monitor Ctrl-Break"         daemon [_thread_in_native, id=32140, stack(0x000000a0f4d00000,0x000000a0f4e00000) (1024K)]
  0x000001acc5320770 JavaThread "Notification Thread"        daemon [_thread_blocked, id=31172, stack(0x000000a0f4e00000,0x000000a0f4f00000) (1024K)]
  0x000001acc63376d0 JavaThread "C2 CompilerThread1"         daemon [_thread_in_native, id=22596, stack(0x000000a0f4f00000,0x000000a0f5000000) (1024K)]
Total: 13

Other Threads:
  0x000001acfa373450 VMThread "VM Thread"                           [id=32644, stack(0x000000a0f4300000,0x000000a0f4400000) (1024K)]
  0x000001acfa35b8e0 WatcherThread "VM Periodic Task Thread"        [id=30592, stack(0x000000a0f4200000,0x000000a0f4300000) (1024K)]
  0x000001acde588420 WorkerThread "GC Thread#0"                     [id=34872, stack(0x000000a0f3d00000,0x000000a0f3e00000) (1024K)]
  0x000001acc5e92110 WorkerThread "GC Thread#1"                     [id=27036, stack(0x000000a0f5000000,0x000000a0f5100000) (1024K)]
  0x000001acc5d41ef0 WorkerThread "GC Thread#2"                     [id=28860, stack(0x000000a0f5100000,0x000000a0f5200000) (1024K)]
  0x000001acc5e72490 WorkerThread "GC Thread#3"                     [id=25896, stack(0x000000a0f5200000,0x000000a0f5300000) (1024K)]
  0x000001acc5e72840 WorkerThread "GC Thread#4"                     [id=20548, stack(0x000000a0f5300000,0x000000a0f5400000) (1024K)]
  0x000001acc5e73400 WorkerThread "GC Thread#5"                     [id=30968, stack(0x000000a0f5400000,0x000000a0f5500000) (1024K)]
  0x000001acc5e737b0 WorkerThread "GC Thread#6"                     [id=15720, stack(0x000000a0f5500000,0x000000a0f5600000) (1024K)]
  0x000001acc5e74b70 WorkerThread "GC Thread#7"                     [id=28716, stack(0x000000a0f5600000,0x000000a0f5700000) (1024K)]
  0x000001acde595c50 ConcurrentGCThread "G1 Main Marker"            [id=33284, stack(0x000000a0f3e00000,0x000000a0f3f00000) (1024K)]
  0x000001acde596760 WorkerThread "G1 Conc#0"                       [id=35816, stack(0x000000a0f3f00000,0x000000a0f4000000) (1024K)]
  0x000001acfa2328d0 ConcurrentGCThread "G1 Refine#0"               [id=32516, stack(0x000000a0f4000000,0x000000a0f4100000) (1024K)]
  0x000001acde5fd2c0 ConcurrentGCThread "G1 Service"                [id=7572, stack(0x000000a0f4100000,0x000000a0f4200000) (1024K)]
Total: 14

Threads with active compile tasks:
C2 CompilerThread0  28034 4215   !   4       org.apache.maven.model.Plugin::clone (204 bytes)
C2 CompilerThread1  28034 4228       4       java.util.Properties$LineReader::readLine (584 bytes)
Total: 2

VM state: not at safepoint (normal execution)

VM Mutex/Monitor currently owned by a thread: None

Heap address: 0x00000000a0c00000, size: 1524 MB, Compressed Oops mode: 32-bit

CDS archive(s) mapped at: [0x000001ac80000000-0x000001ac80c50000-0x000001ac80c50000), size 12910592, SharedBaseAddress: 0x000001ac80000000, ArchiveRelocationMode: 1.
Compressed class space mapped at: 0x000001ac81000000-0x000001acc1000000, reserved size: 1073741824
Narrow klass base: 0x000001ac80000000, Narrow klass shift: 0, Narrow klass range: 0x41000000

GC Precious Log:
 CardTable entry size: 512
 Card Set container configuration: InlinePtr #cards 5 size 8 Array Of Cards #cards 12 size 40 Howl #buckets 4 coarsen threshold 1843 Howl Bitmap #cards 512 size 80 coarsen threshold 460 Card regions per heap region 1 cards per card region 2048
 CPUs: 8 total, 8 available
 Memory: 6091M
 Large Page Support: Disabled
 NUMA Support: Disabled
 Compressed Oops: Enabled (32-bit)
 Heap Region Size: 1M
 Heap Min Capacity: 8M
 Heap Initial Capacity: 96M
 Heap Max Capacity: 1524M
 Pre-touch: Disabled
 Parallel Workers: 8
 Concurrent Workers: 2
 Concurrent Refinement Workers: 8
 Periodic GC: Disabled

Heap:
 garbage-first heap   total reserved 1560576K, committed 98304K, used 45790K [0x00000000a0c00000, 0x0000000100000000)
  region size 1024K, 41 young (41984K), 8 survivors (8192K)
 Metaspace       used 16603K, committed 16896K, reserved 1114112K
  class space    used 1929K, committed 2048K, reserved 1048576K

Heap Regions: E=young(eden), S=young(survivor), O=old, HS=humongous(starts), HC=humongous(continues), CS=collection set, F=free, TAMS=top-at-mark-start, PB=parsable bottom
|   0|0x00000000a0c00000, 0x00000000a0d00000, 0x00000000a0d00000|100%| O|  |TAMS 0x00000000a0c00000| PB 0x00000000a0c00000| Untracked |  0
|   1|0x00000000a0d00000, 0x00000000a0e00000, 0x00000000a0e00000|100%| O|  |TAMS 0x00000000a0d00000| PB 0x00000000a0d00000| Untracked |  0
|   2|0x00000000a0e00000, 0x00000000a0f00000, 0x00000000a0f00000|100%| O|  |TAMS 0x00000000a0e00000| PB 0x00000000a0e00000| Untracked |  0
|   3|0x00000000a0f00000, 0x00000000a1000000, 0x00000000a1000000|100%| O|  |TAMS 0x00000000a0f00000| PB 0x00000000a0f00000| Untracked |  0
|   4|0x00000000a1000000, 0x00000000a10b7b28, 0x00000000a1100000| 71%| O|  |TAMS 0x00000000a1000000| PB 0x00000000a1000000| Untracked |  0
|   5|0x00000000a1100000, 0x00000000a1100000, 0x00000000a1200000|  0%| F|  |TAMS 0x00000000a1100000| PB 0x00000000a1100000| Untracked |  0
|   6|0x00000000a1200000, 0x00000000a1200000, 0x00000000a1300000|  0%| F|  |TAMS 0x00000000a1200000| PB 0x00000000a1200000| Untracked |  0
|   7|0x00000000a1300000, 0x00000000a1300000, 0x00000000a1400000|  0%| F|  |TAMS 0x00000000a1300000| PB 0x00000000a1300000| Untracked |  0
|   8|0x00000000a1400000, 0x00000000a1400000, 0x00000000a1500000|  0%| F|  |TAMS 0x00000000a1400000| PB 0x00000000a1400000| Untracked |  0
|   9|0x00000000a1500000, 0x00000000a1500000, 0x00000000a1600000|  0%| F|  |TAMS 0x00000000a1500000| PB 0x00000000a1500000| Untracked |  0
|  10|0x00000000a1600000, 0x00000000a1600000, 0x00000000a1700000|  0%| F|  |TAMS 0x00000000a1600000| PB 0x00000000a1600000| Untracked |  0
|  11|0x00000000a1700000, 0x00000000a1700000, 0x00000000a1800000|  0%| F|  |TAMS 0x00000000a1700000| PB 0x00000000a1700000| Untracked |  0
|  12|0x00000000a1800000, 0x00000000a1800000, 0x00000000a1900000|  0%| F|  |TAMS 0x00000000a1800000| PB 0x00000000a1800000| Untracked |  0
|  13|0x00000000a1900000, 0x00000000a1900000, 0x00000000a1a00000|  0%| F|  |TAMS 0x00000000a1900000| PB 0x00000000a1900000| Untracked |  0
|  14|0x00000000a1a00000, 0x00000000a1a00000, 0x00000000a1b00000|  0%| F|  |TAMS 0x00000000a1a00000| PB 0x00000000a1a00000| Untracked |  0
|  15|0x00000000a1b00000, 0x00000000a1b00000, 0x00000000a1c00000|  0%| F|  |TAMS 0x00000000a1b00000| PB 0x00000000a1b00000| Untracked |  0
|  16|0x00000000a1c00000, 0x00000000a1c00000, 0x00000000a1d00000|  0%| F|  |TAMS 0x00000000a1c00000| PB 0x00000000a1c00000| Untracked |  0
|  17|0x00000000a1d00000, 0x00000000a1d00000, 0x00000000a1e00000|  0%| F|  |TAMS 0x00000000a1d00000| PB 0x00000000a1d00000| Untracked |  0
|  18|0x00000000a1e00000, 0x00000000a1e00000, 0x00000000a1f00000|  0%| F|  |TAMS 0x00000000a1e00000| PB 0x00000000a1e00000| Untracked |  0
|  19|0x00000000a1f00000, 0x00000000a1f00000, 0x00000000a2000000|  0%| F|  |TAMS 0x00000000a1f00000| PB 0x00000000a1f00000| Untracked |  0
|  20|0x00000000a2000000, 0x00000000a2000000, 0x00000000a2100000|  0%| F|  |TAMS 0x00000000a2000000| PB 0x00000000a2000000| Untracked |  0
|  21|0x00000000a2100000, 0x00000000a2100000, 0x00000000a2200000|  0%| F|  |TAMS 0x00000000a2100000| PB 0x00000000a2100000| Untracked |  0
|  22|0x00000000a2200000, 0x00000000a2200000, 0x00000000a2300000|  0%| F|  |TAMS 0x00000000a2200000| PB 0x00000000a2200000| Untracked |  0
|  23|0x00000000a2300000, 0x00000000a2300000, 0x00000000a2400000|  0%| F|  |TAMS 0x00000000a2300000| PB 0x00000000a2300000| Untracked |  0
|  24|0x00000000a2400000, 0x00000000a2400000, 0x00000000a2500000|  0%| F|  |TAMS 0x00000000a2400000| PB 0x00000000a2400000| Untracked |  0
|  25|0x00000000a2500000, 0x00000000a2500000, 0x00000000a2600000|  0%| F|  |TAMS 0x00000000a2500000| PB 0x00000000a2500000| Untracked |  0
|  26|0x00000000a2600000, 0x00000000a2600000, 0x00000000a2700000|  0%| F|  |TAMS 0x00000000a2600000| PB 0x00000000a2600000| Untracked |  0
|  27|0x00000000a2700000, 0x00000000a2700000, 0x00000000a2800000|  0%| F|  |TAMS 0x00000000a2700000| PB 0x00000000a2700000| Untracked |  0
|  28|0x00000000a2800000, 0x00000000a2800000, 0x00000000a2900000|  0%| F|  |TAMS 0x00000000a2800000| PB 0x00000000a2800000| Untracked |  0
|  29|0x00000000a2900000, 0x00000000a2900000, 0x00000000a2a00000|  0%| F|  |TAMS 0x00000000a2900000| PB 0x00000000a2900000| Untracked |  0
|  30|0x00000000a2a00000, 0x00000000a2a00000, 0x00000000a2b00000|  0%| F|  |TAMS 0x00000000a2a00000| PB 0x00000000a2a00000| Untracked |  0
|  31|0x00000000a2b00000, 0x00000000a2c00000, 0x00000000a2c00000|100%| S|CS|TAMS 0x00000000a2b00000| PB 0x00000000a2b00000| Complete |  0
|  32|0x00000000a2c00000, 0x00000000a2d00000, 0x00000000a2d00000|100%| S|CS|TAMS 0x00000000a2c00000| PB 0x00000000a2c00000| Complete |  0
|  33|0x00000000a2d00000, 0x00000000a2e00000, 0x00000000a2e00000|100%| S|CS|TAMS 0x00000000a2d00000| PB 0x00000000a2d00000| Complete |  0
|  34|0x00000000a2e00000, 0x00000000a2f00000, 0x00000000a2f00000|100%| S|CS|TAMS 0x00000000a2e00000| PB 0x00000000a2e00000| Complete |  0
|  35|0x00000000a2f00000, 0x00000000a3000000, 0x00000000a3000000|100%| S|CS|TAMS 0x00000000a2f00000| PB 0x00000000a2f00000| Complete |  0
|  36|0x00000000a3000000, 0x00000000a3100000, 0x00000000a3100000|100%| S|CS|TAMS 0x00000000a3000000| PB 0x00000000a3000000| Complete |  0
|  37|0x00000000a3100000, 0x00000000a3200000, 0x00000000a3200000|100%| S|CS|TAMS 0x00000000a3100000| PB 0x00000000a3100000| Complete |  0
|  38|0x00000000a3200000, 0x00000000a3300000, 0x00000000a3300000|100%| S|CS|TAMS 0x00000000a3200000| PB 0x00000000a3200000| Complete |  0
|  39|0x00000000a3300000, 0x00000000a3300000, 0x00000000a3400000|  0%| F|  |TAMS 0x00000000a3300000| PB 0x00000000a3300000| Untracked |  0
|  40|0x00000000a3400000, 0x00000000a3400000, 0x00000000a3500000|  0%| F|  |TAMS 0x00000000a3400000| PB 0x00000000a3400000| Untracked |  0
|  41|0x00000000a3500000, 0x00000000a3500000, 0x00000000a3600000|  0%| F|  |TAMS 0x00000000a3500000| PB 0x00000000a3500000| Untracked |  0
|  42|0x00000000a3600000, 0x00000000a3600000, 0x00000000a3700000|  0%| F|  |TAMS 0x00000000a3600000| PB 0x00000000a3600000| Untracked |  0
|  43|0x00000000a3700000, 0x00000000a3700000, 0x00000000a3800000|  0%| F|  |TAMS 0x00000000a3700000| PB 0x00000000a3700000| Untracked |  0
|  44|0x00000000a3800000, 0x00000000a3800000, 0x00000000a3900000|  0%| F|  |TAMS 0x00000000a3800000| PB 0x00000000a3800000| Untracked |  0
|  45|0x00000000a3900000, 0x00000000a3900000, 0x00000000a3a00000|  0%| F|  |TAMS 0x00000000a3900000| PB 0x00000000a3900000| Untracked |  0
|  46|0x00000000a3a00000, 0x00000000a3a00000, 0x00000000a3b00000|  0%| F|  |TAMS 0x00000000a3a00000| PB 0x00000000a3a00000| Untracked |  0
|  47|0x00000000a3b00000, 0x00000000a3b00000, 0x00000000a3c00000|  0%| F|  |TAMS 0x00000000a3b00000| PB 0x00000000a3b00000| Untracked |  0
|  48|0x00000000a3c00000, 0x00000000a3c00000, 0x00000000a3d00000|  0%| F|  |TAMS 0x00000000a3c00000| PB 0x00000000a3c00000| Untracked |  0
|  49|0x00000000a3d00000, 0x00000000a3d00000, 0x00000000a3e00000|  0%| F|  |TAMS 0x00000000a3d00000| PB 0x00000000a3d00000| Untracked |  0
|  50|0x00000000a3e00000, 0x00000000a3e00000, 0x00000000a3f00000|  0%| F|  |TAMS 0x00000000a3e00000| PB 0x00000000a3e00000| Untracked |  0
|  51|0x00000000a3f00000, 0x00000000a3f00000, 0x00000000a4000000|  0%| F|  |TAMS 0x00000000a3f00000| PB 0x00000000a3f00000| Untracked |  0
|  52|0x00000000a4000000, 0x00000000a4000000, 0x00000000a4100000|  0%| F|  |TAMS 0x00000000a4000000| PB 0x00000000a4000000| Untracked |  0
|  53|0x00000000a4100000, 0x00000000a4100000, 0x00000000a4200000|  0%| F|  |TAMS 0x00000000a4100000| PB 0x00000000a4100000| Untracked |  0
|  54|0x00000000a4200000, 0x00000000a4200000, 0x00000000a4300000|  0%| F|  |TAMS 0x00000000a4200000| PB 0x00000000a4200000| Untracked |  0
|  55|0x00000000a4300000, 0x00000000a4300000, 0x00000000a4400000|  0%| F|  |TAMS 0x00000000a4300000| PB 0x00000000a4300000| Untracked |  0
|  56|0x00000000a4400000, 0x00000000a4400000, 0x00000000a4500000|  0%| F|  |TAMS 0x00000000a4400000| PB 0x00000000a4400000| Untracked |  0
|  57|0x00000000a4500000, 0x00000000a4500000, 0x00000000a4600000|  0%| F|  |TAMS 0x00000000a4500000| PB 0x00000000a4500000| Untracked |  0
|  58|0x00000000a4600000, 0x00000000a4600000, 0x00000000a4700000|  0%| F|  |TAMS 0x00000000a4600000| PB 0x00000000a4600000| Untracked |  0
|  59|0x00000000a4700000, 0x00000000a4700000, 0x00000000a4800000|  0%| F|  |TAMS 0x00000000a4700000| PB 0x00000000a4700000| Untracked |  0
|  60|0x00000000a4800000, 0x00000000a4800000, 0x00000000a4900000|  0%| F|  |TAMS 0x00000000a4800000| PB 0x00000000a4800000| Untracked |  0
|  61|0x00000000a4900000, 0x00000000a4900000, 0x00000000a4a00000|  0%| F|  |TAMS 0x00000000a4900000| PB 0x00000000a4900000| Untracked |  0
|  62|0x00000000a4a00000, 0x00000000a4a00000, 0x00000000a4b00000|  0%| F|  |TAMS 0x00000000a4a00000| PB 0x00000000a4a00000| Untracked |  0
|  63|0x00000000a4b00000, 0x00000000a4b80000, 0x00000000a4c00000| 50%| E|  |TAMS 0x00000000a4b00000| PB 0x00000000a4b00000| Complete |  0
|  64|0x00000000a4c00000, 0x00000000a4d00000, 0x00000000a4d00000|100%| E|CS|TAMS 0x00000000a4c00000| PB 0x00000000a4c00000| Complete |  0
|  65|0x00000000a4d00000, 0x00000000a4e00000, 0x00000000a4e00000|100%| E|CS|TAMS 0x00000000a4d00000| PB 0x00000000a4d00000| Complete |  0
|  66|0x00000000a4e00000, 0x00000000a4f00000, 0x00000000a4f00000|100%| E|CS|TAMS 0x00000000a4e00000| PB 0x00000000a4e00000| Complete |  0
|  67|0x00000000a4f00000, 0x00000000a5000000, 0x00000000a5000000|100%| E|CS|TAMS 0x00000000a4f00000| PB 0x00000000a4f00000| Complete |  0
|  68|0x00000000a5000000, 0x00000000a5100000, 0x00000000a5100000|100%| E|CS|TAMS 0x00000000a5000000| PB 0x00000000a5000000| Complete |  0
|  69|0x00000000a5100000, 0x00000000a5200000, 0x00000000a5200000|100%| E|CS|TAMS 0x00000000a5100000| PB 0x00000000a5100000| Complete |  0
|  70|0x00000000a5200000, 0x00000000a5300000, 0x00000000a5300000|100%| E|CS|TAMS 0x00000000a5200000| PB 0x00000000a5200000| Complete |  0
|  71|0x00000000a5300000, 0x00000000a5400000, 0x00000000a5400000|100%| E|CS|TAMS 0x00000000a5300000| PB 0x00000000a5300000| Complete |  0
|  72|0x00000000a5400000, 0x00000000a5500000, 0x00000000a5500000|100%| E|CS|TAMS 0x00000000a5400000| PB 0x00000000a5400000| Complete |  0
|  73|0x00000000a5500000, 0x00000000a5600000, 0x00000000a5600000|100%| E|CS|TAMS 0x00000000a5500000| PB 0x00000000a5500000| Complete |  0
|  74|0x00000000a5600000, 0x00000000a5700000, 0x00000000a5700000|100%| E|CS|TAMS 0x00000000a5600000| PB 0x00000000a5600000| Complete |  0
|  75|0x00000000a5700000, 0x00000000a5800000, 0x00000000a5800000|100%| E|CS|TAMS 0x00000000a5700000| PB 0x00000000a5700000| Complete |  0
|  76|0x00000000a5800000, 0x00000000a5900000, 0x00000000a5900000|100%| E|CS|TAMS 0x00000000a5800000| PB 0x00000000a5800000| Complete |  0
|  77|0x00000000a5900000, 0x00000000a5a00000, 0x00000000a5a00000|100%| E|CS|TAMS 0x00000000a5900000| PB 0x00000000a5900000| Complete |  0
|  78|0x00000000a5a00000, 0x00000000a5b00000, 0x00000000a5b00000|100%| E|CS|TAMS 0x00000000a5a00000| PB 0x00000000a5a00000| Complete |  0
|  79|0x00000000a5b00000, 0x00000000a5c00000, 0x00000000a5c00000|100%| E|CS|TAMS 0x00000000a5b00000| PB 0x00000000a5b00000| Complete |  0
|  80|0x00000000a5c00000, 0x00000000a5d00000, 0x00000000a5d00000|100%| E|CS|TAMS 0x00000000a5c00000| PB 0x00000000a5c00000| Complete |  0
|  81|0x00000000a5d00000, 0x00000000a5e00000, 0x00000000a5e00000|100%| E|CS|TAMS 0x00000000a5d00000| PB 0x00000000a5d00000| Complete |  0
|  82|0x00000000a5e00000, 0x00000000a5f00000, 0x00000000a5f00000|100%| E|CS|TAMS 0x00000000a5e00000| PB 0x00000000a5e00000| Complete |  0
|  83|0x00000000a5f00000, 0x00000000a6000000, 0x00000000a6000000|100%| E|CS|TAMS 0x00000000a5f00000| PB 0x00000000a5f00000| Complete |  0
|  84|0x00000000a6000000, 0x00000000a6100000, 0x00000000a6100000|100%| E|CS|TAMS 0x00000000a6000000| PB 0x00000000a6000000| Complete |  0
|  85|0x00000000a6100000, 0x00000000a6200000, 0x00000000a6200000|100%| E|CS|TAMS 0x00000000a6100000| PB 0x00000000a6100000| Complete |  0
|  86|0x00000000a6200000, 0x00000000a6300000, 0x00000000a6300000|100%| E|CS|TAMS 0x00000000a6200000| PB 0x00000000a6200000| Complete |  0
|  87|0x00000000a6300000, 0x00000000a6400000, 0x00000000a6400000|100%| E|CS|TAMS 0x00000000a6300000| PB 0x00000000a6300000| Complete |  0
|  88|0x00000000a6400000, 0x00000000a6500000, 0x00000000a6500000|100%| E|CS|TAMS 0x00000000a6400000| PB 0x00000000a6400000| Complete |  0
|  89|0x00000000a6500000, 0x00000000a6600000, 0x00000000a6600000|100%| E|CS|TAMS 0x00000000a6500000| PB 0x00000000a6500000| Complete |  0
|  90|0x00000000a6600000, 0x00000000a6700000, 0x00000000a6700000|100%| E|CS|TAMS 0x00000000a6600000| PB 0x00000000a6600000| Complete |  0
|  91|0x00000000a6700000, 0x00000000a6800000, 0x00000000a6800000|100%| E|CS|TAMS 0x00000000a6700000| PB 0x00000000a6700000| Complete |  0
|  92|0x00000000a6800000, 0x00000000a6900000, 0x00000000a6900000|100%| E|CS|TAMS 0x00000000a6800000| PB 0x00000000a6800000| Complete |  0
|  93|0x00000000a6900000, 0x00000000a6a00000, 0x00000000a6a00000|100%| E|CS|TAMS 0x00000000a6900000| PB 0x00000000a6900000| Complete |  0
|  94|0x00000000a6a00000, 0x00000000a6b00000, 0x00000000a6b00000|100%| E|CS|TAMS 0x00000000a6a00000| PB 0x00000000a6a00000| Complete |  0
|  95|0x00000000a6b00000, 0x00000000a6c00000, 0x00000000a6c00000|100%| E|CS|TAMS 0x00000000a6b00000| PB 0x00000000a6b00000| Complete |  0

Card table byte_map: [0x000001acf5ec0000,0x000001acf61c0000] _byte_map_base: 0x000001acf59ba000

Marking Bits: (CMBitMap*) 0x000001acde588b30
 Bits: [0x000001acf61c0000, 0x000001acf7990000)

Polling page: 0x000001acddd00000

Metaspace:

Usage:
  Non-class:     14.33 MB used.
      Class:      1.88 MB used.
       Both:     16.21 MB used.

Virtual space:
  Non-class space:       64.00 MB reserved,      14.50 MB ( 23%) committed,  1 nodes.
      Class space:        1.00 GB reserved,       2.00 MB ( <1%) committed,  1 nodes.
             Both:        1.06 GB reserved,      16.50 MB (  2%) committed. 

Chunk freelists:
   Non-Class:  592.00 KB
       Class:  13.90 MB
        Both:  14.48 MB

MaxMetaspaceSize: unlimited
CompressedClassSpaceSize: 1.00 GB
Initial GC threshold: 21.00 MB
Current GC threshold: 21.00 MB
CDS: on
 - commit_granule_bytes: 65536.
 - commit_granule_words: 8192.
 - virtual_space_node_default_size: 8388608.
 - enlarge_chunks_in_place: 1.
 - use_allocation_guard: 0.


Internal statistics:

num_allocs_failed_limit: 0.
num_arena_births: 170.
num_arena_deaths: 0.
num_vsnodes_births: 2.
num_vsnodes_deaths: 0.
num_space_committed: 264.
num_space_uncommitted: 0.
num_chunks_returned_to_freelist: 0.
num_chunks_taken_from_freelist: 712.
num_chunk_merges: 0.
num_chunk_splits: 495.
num_chunks_enlarged: 397.
num_inconsistent_stats: 0.

CodeHeap 'non-profiled nmethods': size=120000Kb used=2127Kb max_used=2127Kb free=117872Kb
 bounds [0x000001acee350000, 0x000001acee5c0000, 0x000001acf5880000]
CodeHeap 'profiled nmethods': size=120000Kb used=8367Kb max_used=8367Kb free=111632Kb
 bounds [0x000001ace6880000, 0x000001ace70b0000, 0x000001aceddb0000]
CodeHeap 'non-nmethods': size=5760Kb used=1430Kb max_used=1480Kb free=4330Kb
 bounds [0x000001aceddb0000, 0x000001acee020000, 0x000001acee350000]
 total_blobs=4765 nmethods=4248 adapters=420
 compilation: enabled
              stopped_count=0, restarted_count=0
 full_count=0

Compilation events (20 events):
Event: 27.594 Thread 0x000001acfa3acff0 nmethod 4208 0x000001ace7084a90 code [0x000001ace7084cc0, 0x000001ace7085458]
Event: 27.594 Thread 0x000001acfa3acff0 4207   !   3       org.eclipse.aether.internal.impl.collect.df.DfDependencyCollector::processDependency (684 bytes)
Event: 27.603 Thread 0x000001acfa3acff0 nmethod 4207 0x000001ace7085690 code [0x000001ace7085d80, 0x000001ace7089de0]
Event: 27.603 Thread 0x000001acfa3acff0 4209       1       org.eclipse.aether.resolution.ArtifactDescriptorResult::getAliases (5 bytes)
Event: 27.604 Thread 0x000001acfa3acff0 nmethod 4209 0x000001acee561090 code [0x000001acee561220, 0x000001acee5612e8]
Event: 27.653 Thread 0x000001acfa3acff0 4210       1       org.apache.maven.model.License::setName (6 bytes)
Event: 27.653 Thread 0x000001acfa3acff0 nmethod 4210 0x000001acee561390 code [0x000001acee561520, 0x000001acee561630]
Event: 27.653 Thread 0x000001acfa3acff0 4211       1       org.apache.maven.model.License::setUrl (6 bytes)
Event: 27.653 Thread 0x000001acfa3acff0 nmethod 4211 0x000001acee561690 code [0x000001acee561820, 0x000001acee561930]
Event: 27.655 Thread 0x000001acfa39ddd0 4212       4       java.util.HashMap$EntrySet::iterator (12 bytes)
Event: 27.655 Thread 0x000001acfa3acff0 4213       3       org.eclipse.aether.util.version.GenericVersion$Tokenizer::next (226 bytes)
Event: 27.657 Thread 0x000001acfa3acff0 nmethod 4213 0x000001ace708bc90 code [0x000001ace708bf00, 0x000001ace708cc40]
Event: 27.663 Thread 0x000001acfa39ddd0 nmethod 4212 0x000001acee561d90 code [0x000001acee561f20, 0x000001acee5621e8]
Event: 27.704 Thread 0x000001acfa39ddd0 4215   !   4       org.apache.maven.model.Plugin::clone (204 bytes)
Event: 27.761 Thread 0x000001acfa3acff0 4217       1       org.eclipse.aether.graph.DefaultDependencyNode::getChildren (5 bytes)
Event: 27.761 Thread 0x000001acfa3acff0 nmethod 4217 0x000001acee562390 code [0x000001acee562520, 0x000001acee5625e8]
Event: 27.761 Thread 0x000001acfa3acff0 4218       3       org.eclipse.aether.artifact.AbstractArtifact::equals (139 bytes)
Event: 27.765 Thread 0x000001acfa3acff0 nmethod 4218 0x000001ace708d010 code [0x000001ace708d340, 0x000001ace708e8e0]
Event: 27.765 Thread 0x000001acfa3acff0 4219       3       org.eclipse.aether.util.version.GenericVersion$Item::hashCode (16 bytes)
Event: 27.765 Thread 0x000001acfa3acff0 nmethod 4219 0x000001ace708ee90 code [0x000001ace708f040, 0x000001ace708f230]

GC Heap History (6 events):
Event: 12.377 GC heap before
{Heap before GC invocations=0 (full 0):
 garbage-first heap   total reserved 1560576K, committed 98304K, used 24576K [0x00000000a0c00000, 0x0000000100000000)
  region size 1024K, 24 young (24576K), 0 survivors (0K)
 Metaspace       used 6318K, committed 6528K, reserved 1114112K
  class space    used 724K, committed 832K, reserved 1048576K
}
Event: 12.399 GC heap after
{Heap after GC invocations=1 (full 0):
 garbage-first heap   total reserved 1560576K, committed 98304K, used 4544K [0x00000000a0c00000, 0x0000000100000000)
  region size 1024K, 3 young (3072K), 3 survivors (3072K)
 Metaspace       used 6318K, committed 6528K, reserved 1114112K
  class space    used 724K, committed 832K, reserved 1048576K
}
Event: 14.277 GC heap before
{Heap before GC invocations=1 (full 0):
 garbage-first heap   total reserved 1560576K, committed 98304K, used 33216K [0x00000000a0c00000, 0x0000000100000000)
  region size 1024K, 32 young (32768K), 3 survivors (3072K)
 Metaspace       used 10032K, committed 10176K, reserved 1114112K
  class space    used 1189K, committed 1280K, reserved 1048576K
}
Event: 14.293 GC heap after
{Heap after GC invocations=2 (full 0):
 garbage-first heap   total reserved 1560576K, committed 98304K, used 6404K [0x00000000a0c00000, 0x0000000100000000)
  region size 1024K, 2 young (2048K), 2 survivors (2048K)
 Metaspace       used 10032K, committed 10176K, reserved 1114112K
  class space    used 1189K, committed 1280K, reserved 1048576K
}
Event: 22.475 GC heap before
{Heap before GC invocations=2 (full 0):
 garbage-first heap   total reserved 1560576K, committed 98304K, used 62724K [0x00000000a0c00000, 0x0000000100000000)
  region size 1024K, 57 young (58368K), 2 survivors (2048K)
 Metaspace       used 16131K, committed 16384K, reserved 1114112K
  class space    used 1909K, committed 2048K, reserved 1048576K
}
Event: 22.507 GC heap after
{Heap after GC invocations=3 (full 0):
 garbage-first heap   total reserved 1560576K, committed 98304K, used 13022K [0x00000000a0c00000, 0x0000000100000000)
  region size 1024K, 8 young (8192K), 8 survivors (8192K)
 Metaspace       used 16131K, committed 16384K, reserved 1114112K
  class space    used 1909K, committed 2048K, reserved 1048576K
}

Dll operation events (12 events):
Event: 0.048 Loaded shared library C:\Users\sugithi satheesh\.jdks\openjdk-22\bin\java.dll
Event: 0.134 Loaded shared library C:\Users\sugithi satheesh\.jdks\openjdk-22\bin\jsvml.dll
Event: 0.224 Loaded shared library C:\Users\sugithi satheesh\.jdks\openjdk-22\bin\zip.dll
Event: 0.233 Loaded shared library C:\Users\sugithi satheesh\.jdks\openjdk-22\bin\instrument.dll
Event: 0.243 Loaded shared library C:\Users\sugithi satheesh\.jdks\openjdk-22\bin\net.dll
Event: 0.248 Loaded shared library C:\Users\sugithi satheesh\.jdks\openjdk-22\bin\nio.dll
Event: 0.346 Loaded shared library C:\Users\sugithi satheesh\.jdks\openjdk-22\bin\zip.dll
Event: 0.550 Loaded shared library D:\intellij Idea\IntelliJ IDEA Community Edition 2023.1.3\bin\breakgen64.dll
Event: 0.604 Loaded shared library C:\Users\sugithi satheesh\.jdks\openjdk-22\bin\extnet.dll
Event: 3.783 Loaded shared library C:\Users\sugithi satheesh\.jdks\openjdk-22\bin\jimage.dll
Event: 9.964 Loaded shared library C:\Users\sugithi satheesh\AppData\Local\Temp\jansi-2.4.0-c8d702d1f0236c9-jansi.dll
Event: 10.000 Loaded shared library C:\Users\sugithi satheesh\.jdks\openjdk-22\bin\verify.dll

Deoptimization events (20 events):
Event: 26.537 Thread 0x000001acde53c4d0 DEOPT PACKING pc=0x000001acee4fdc64 sp=0x000000a0f3cfc3d0
Event: 26.537 Thread 0x000001acde53c4d0 DEOPT UNPACKING pc=0x000001acede046a2 sp=0x000000a0f3cfc368 mode 2
Event: 27.388 Thread 0x000001acde53c4d0 DEOPT PACKING pc=0x000001ace70469cd sp=0x000000a0f3cfcec0
Event: 27.388 Thread 0x000001acde53c4d0 DEOPT UNPACKING pc=0x000001acede04e42 sp=0x000000a0f3cfc3f8 mode 0
Event: 27.520 Thread 0x000001acde53c4d0 Uncommon trap: trap_request=0xffffffbe fr.pc=0x000001acee55e65c relative=0x000000000000031c
Event: 27.520 Thread 0x000001acde53c4d0 Uncommon trap: reason=profile_predicate action=maybe_recompile pc=0x000001acee55e65c method=java.util.regex.Pattern$Slice.match(Ljava/util/regex/Matcher;ILjava/lang/CharSequence;)Z @ 18 c2
Event: 27.520 Thread 0x000001acde53c4d0 DEOPT PACKING pc=0x000001acee55e65c sp=0x000000a0f3cfcb70
Event: 27.520 Thread 0x000001acde53c4d0 DEOPT UNPACKING pc=0x000001acede046a2 sp=0x000000a0f3cfcb00 mode 2
Event: 27.520 Thread 0x000001acde53c4d0 Uncommon trap: trap_request=0xffffffbe fr.pc=0x000001acee55e65c relative=0x000000000000031c
Event: 27.520 Thread 0x000001acde53c4d0 Uncommon trap: reason=profile_predicate action=maybe_recompile pc=0x000001acee55e65c method=java.util.regex.Pattern$Slice.match(Ljava/util/regex/Matcher;ILjava/lang/CharSequence;)Z @ 18 c2
Event: 27.520 Thread 0x000001acde53c4d0 DEOPT PACKING pc=0x000001acee55e65c sp=0x000000a0f3cfcb70
Event: 27.520 Thread 0x000001acde53c4d0 DEOPT UNPACKING pc=0x000001acede046a2 sp=0x000000a0f3cfcb00 mode 2
Event: 27.520 Thread 0x000001acde53c4d0 Uncommon trap: trap_request=0xffffffbe fr.pc=0x000001acee55e65c relative=0x000000000000031c
Event: 27.520 Thread 0x000001acde53c4d0 Uncommon trap: reason=profile_predicate action=maybe_recompile pc=0x000001acee55e65c method=java.util.regex.Pattern$Slice.match(Ljava/util/regex/Matcher;ILjava/lang/CharSequence;)Z @ 18 c2
Event: 27.520 Thread 0x000001acde53c4d0 DEOPT PACKING pc=0x000001acee55e65c sp=0x000000a0f3cfcb70
Event: 27.520 Thread 0x000001acde53c4d0 DEOPT UNPACKING pc=0x000001acede046a2 sp=0x000000a0f3cfcb00 mode 2
Event: 27.520 Thread 0x000001acde53c4d0 Uncommon trap: trap_request=0xffffffbe fr.pc=0x000001acee55e65c relative=0x000000000000031c
Event: 27.520 Thread 0x000001acde53c4d0 Uncommon trap: reason=profile_predicate action=maybe_recompile pc=0x000001acee55e65c method=java.util.regex.Pattern$Slice.match(Ljava/util/regex/Matcher;ILjava/lang/CharSequence;)Z @ 18 c2
Event: 27.520 Thread 0x000001acde53c4d0 DEOPT PACKING pc=0x000001acee55e65c sp=0x000000a0f3cfcb70
Event: 27.520 Thread 0x000001acde53c4d0 DEOPT UNPACKING pc=0x000001acede046a2 sp=0x000000a0f3cfcb00 mode 2

Classes loaded (20 events):
Event: 16.192 Loading class sun/util/resources/Bundles$2
Event: 16.193 Loading class sun/util/resources/Bundles$2 done
Event: 16.278 Loading class java/math/BigDecimal
Event: 16.280 Loading class java/math/BigDecimal done
Event: 16.281 Loading class java/lang/Short$ShortCache
Event: 16.282 Loading class java/lang/Short$ShortCache done
Event: 16.282 Loading class java/lang/Byte$ByteCache
Event: 16.282 Loading class java/lang/Byte$ByteCache done
Event: 21.036 Loading class java/util/stream/MatchOps$MatchKind
Event: 21.037 Loading class java/util/stream/MatchOps$MatchKind done
Event: 21.037 Loading class java/util/stream/MatchOps
Event: 21.038 Loading class java/util/stream/MatchOps done
Event: 21.038 Loading class java/util/stream/MatchOps$MatchOp
Event: 21.038 Loading class java/util/stream/MatchOps$MatchOp done
Event: 21.038 Loading class java/util/stream/MatchOps$BooleanTerminalSink
Event: 21.038 Loading class java/util/stream/MatchOps$BooleanTerminalSink done
Event: 21.039 Loading class java/util/stream/MatchOps$1MatchSink
Event: 21.040 Loading class java/util/stream/MatchOps$1MatchSink done
Event: 21.733 Loading class java/util/LinkedList$LLSpliterator
Event: 21.734 Loading class java/util/LinkedList$LLSpliterator done

Classes unloaded (0 events):
No events

Classes redefined (0 events):
No events

Internal exceptions (20 events):
Event: 11.995 Thread 0x000001acde53c4d0 Exception <a 'java/lang/NoSuchMethodError'{0x00000000a582eaa8}: 'java.lang.Object java.lang.invoke.DirectMethodHandle$Holder.newInvokeSpecial(java.lang.Object, java.lang.Object, java.lang.Object, java.lang.Object, java.lang.Object)'> (0x00000000a582eaa8) 
thrown [s\open\src\hotspot\share\interpreter\linkResolver.cpp, line 774]
Event: 12.098 Thread 0x000001acde53c4d0 Exception <a 'java/lang/NoSuchMethodError'{0x00000000a572d098}: 'int java.lang.invoke.DirectMethodHandle$Holder.invokeStaticInit(java.lang.Object, java.lang.Object)'> (0x00000000a572d098) 
thrown [s\open\src\hotspot\share\interpreter\linkResolver.cpp, line 774]
Event: 12.130 Thread 0x000001acde53c4d0 Exception <a 'java/lang/NoClassDefFoundError'{0x00000000a5762a10}: javax/enterprise/inject/Typed> (0x00000000a5762a10) 
thrown [s\open\src\hotspot\share\classfile\systemDictionary.cpp, line 302]
Event: 14.699 Thread 0x000001acde53c4d0 Exception <a 'java/lang/NoSuchMethodError'{0x00000000a6561ee0}: 'void java.lang.invoke.DirectMethodHandle$Holder.invokeStaticInit(java.lang.Object, java.lang.Object, java.lang.Object)'> (0x00000000a6561ee0) 
thrown [s\open\src\hotspot\share\interpreter\linkResolver.cpp, line 774]
Event: 14.710 Thread 0x000001acde53c4d0 Exception <a 'java/lang/ExceptionInInitializerError'{0x00000000a658b348}> (0x00000000a658b348) 
thrown [s\open\src\hotspot\share\oops\instanceKlass.cpp, line 1247]
Event: 14.777 Thread 0x000001acde53c4d0 Exception <a 'java/lang/NoSuchMethodError'{0x00000000a6499788}: 'long java.lang.invoke.DirectMethodHandle$Holder.invokeStatic(java.lang.Object, java.lang.Object, int)'> (0x00000000a6499788) 
thrown [s\open\src\hotspot\share\interpreter\linkResolver.cpp, line 774]
Event: 14.780 Thread 0x000001acde53c4d0 Exception <a 'java/lang/NoSuchMethodError'{0x00000000a64acca0}: 'java.lang.Object java.lang.invoke.DirectMethodHandle$Holder.invokeStatic(java.lang.Object, java.lang.Object, java.lang.Object, java.lang.Object, int)'> (0x00000000a64acca0) 
thrown [s\open\src\hotspot\share\interpreter\linkResolver.cpp, line 774]
Event: 14.782 Thread 0x000001acde53c4d0 Exception <a 'java/lang/NoSuchMethodError'{0x00000000a64b4e58}: 'java.lang.Object java.lang.invoke.DirectMethodHandle$Holder.invokeSpecial(java.lang.Object, java.lang.Object, java.lang.Object, java.lang.Object, long)'> (0x00000000a64b4e58) 
thrown [s\open\src\hotspot\share\interpreter\linkResolver.cpp, line 774]
Event: 14.784 Thread 0x000001acde53c4d0 Exception <a 'java/lang/NoSuchMethodError'{0x00000000a64c09a0}: 'java.lang.Object java.lang.invoke.DirectMethodHandle$Holder.invokeSpecial(java.lang.Object, java.lang.Object, java.lang.Object, int, java.lang.Object)'> (0x00000000a64c09a0) 
thrown [s\open\src\hotspot\share\interpreter\linkResolver.cpp, line 774]
Event: 14.786 Thread 0x000001acde53c4d0 Exception <a 'java/lang/NoSuchMethodError'{0x00000000a64c8cd0}: 'int java.lang.invoke.DirectMethodHandle$Holder.invokeSpecial(java.lang.Object, java.lang.Object, java.lang.Object, int)'> (0x00000000a64c8cd0) 
thrown [s\open\src\hotspot\share\interpreter\linkResolver.cpp, line 774]
Event: 14.795 Thread 0x000001acde53c4d0 Implicit null exception at 0x000001acee3f20ba to 0x000001acee3f22b4
Event: 14.800 Thread 0x000001acde53c4d0 Exception <a 'java/lang/NoSuchMethodError'{0x00000000a64ed980}: 'java.lang.Object java.lang.invoke.Invokers$Holder.invokeExact_MT(java.lang.Object, int, java.lang.Object)'> (0x00000000a64ed980) 
thrown [s\open\src\hotspot\share\interpreter\linkResolver.cpp, line 774]
Event: 15.286 Thread 0x000001acde53c4d0 Exception <a 'java/lang/NoSuchMethodError'{0x00000000a5cff538}: 'void java.lang.invoke.Invokers$Holder.invokeExact_MT(java.lang.Object, java.lang.Object, java.lang.Object, java.lang.Object)'> (0x00000000a5cff538) 
thrown [s\open\src\hotspot\share\interpreter\linkResolver.cpp, line 774]
Event: 15.319 Thread 0x000001acde53c4d0 Exception <a 'java/lang/NoClassDefFoundError'{0x00000000a5b94ab8}: com/google/inject/servlet/ServletModuleTargetVisitor> (0x00000000a5b94ab8) 
thrown [s\open\src\hotspot\share\classfile\systemDictionary.cpp, line 302]
Event: 15.468 Thread 0x000001acde53c4d0 Exception <a 'java/lang/NoSuchMethodError'{0x00000000a5847300}: 'void java.lang.invoke.DirectMethodHandle$Holder.invokeVirtual(java.lang.Object, java.lang.Object)'> (0x00000000a5847300) 
thrown [s\open\src\hotspot\share\interpreter\linkResolver.cpp, line 774]
Event: 15.558 Thread 0x000001acde53c4d0 Exception <a 'java/lang/NoSuchMethodError'{0x00000000a58d5a98}: 'java.lang.Object java.lang.invoke.DirectMethodHandle$Holder.invokeStaticInit(java.lang.Object, int, int, int, int)'> (0x00000000a58d5a98) 
thrown [s\open\src\hotspot\share\interpreter\linkResolver.cpp, line 774]
Event: 15.944 Thread 0x000001acde53c4d0 Implicit null exception at 0x000001acee3958a4 to 0x000001acee395ef8
Event: 15.944 Thread 0x000001acde53c4d0 Implicit null exception at 0x000001acee3a3120 to 0x000001acee3a3758
Event: 16.308 Thread 0x000001acde53c4d0 Exception <a 'java/lang/NoSuchMethodError'{0x00000000a4f38c30}: 'void java.lang.invoke.DirectMethodHandle$Holder.invokeVirtual(java.lang.Object, java.lang.Object, int)'> (0x00000000a4f38c30) 
thrown [s\open\src\hotspot\share\interpreter\linkResolver.cpp, line 774]
Event: 16.310 Thread 0x000001acde53c4d0 Exception <a 'java/lang/NoSuchMethodError'{0x00000000a4f3fcd0}: 'void java.lang.invoke.DelegatingMethodHandle$Holder.reinvoke_L(java.lang.Object, java.lang.Object, int)'> (0x00000000a4f3fcd0) 
thrown [s\open\src\hotspot\share\interpreter\linkResolver.cpp, line 774]

ZGC Phase Switch (0 events):
No events

VM Operations (20 events):
Event: 18.860 Executing VM operation: Cleanup
Event: 18.860 Executing VM operation: Cleanup done
Event: 19.865 Executing VM operation: Cleanup
Event: 19.865 Executing VM operation: Cleanup done
Event: 20.874 Executing VM operation: Cleanup
Event: 20.874 Executing VM operation: Cleanup done
Event: 21.888 Executing VM operation: Cleanup
Event: 21.888 Executing VM operation: Cleanup done
Event: 22.475 Executing VM operation: G1CollectForAllocation (G1 Evacuation Pause)
Event: 22.507 Executing VM operation: G1CollectForAllocation (G1 Evacuation Pause) done
Event: 23.521 Executing VM operation: Cleanup
Event: 23.522 Executing VM operation: Cleanup done
Event: 24.528 Executing VM operation: Cleanup
Event: 24.528 Executing VM operation: Cleanup done
Event: 25.543 Executing VM operation: Cleanup
Event: 25.543 Executing VM operation: Cleanup done
Event: 26.543 Executing VM operation: Cleanup
Event: 26.543 Executing VM operation: Cleanup done
Event: 27.547 Executing VM operation: Cleanup
Event: 27.547 Executing VM operation: Cleanup done

Events (20 events):
Event: 0.209 Thread 0x000001acc527bf30 Thread added: 0x000001acc527bf30
Event: 0.342 Thread 0x000001acc527bf30 Thread exited: 0x000001acc527bf30
Event: 0.553 Thread 0x000001acc5320100 Thread added: 0x000001acc5320100
Event: 0.554 Thread 0x000001acc5320770 Thread added: 0x000001acc5320770
Event: 3.835 Thread 0x000001acc53fd890 Thread added: 0x000001acc53fd890
Event: 4.649 Thread 0x000001acc53fd890 Thread exited: 0x000001acc53fd890
Event: 11.286 Thread 0x000001acc5be8020 Thread added: 0x000001acc5be8020
Event: 11.650 Thread 0x000001acc5be8020 Thread exited: 0x000001acc5be8020
Event: 12.251 Thread 0x000001acc5cbff10 Thread added: 0x000001acc5cbff10
Event: 13.775 Thread 0x000001acc5cbff10 Thread exited: 0x000001acc5cbff10
Event: 15.300 Thread 0x000001acc60a0b60 Thread added: 0x000001acc60a0b60
Event: 15.611 Thread 0x000001acc60a0b60 Thread exited: 0x000001acc60a0b60
Event: 15.721 Thread 0x000001acc63940c0 Thread added: 0x000001acc63940c0
Event: 15.890 Thread 0x000001acc63940c0 Thread exited: 0x000001acc63940c0
Event: 16.128 Thread 0x000001acc56d4ea0 Thread added: 0x000001acc56d4ea0
Event: 16.815 Thread 0x000001acc56d4ea0 Thread exited: 0x000001acc56d4ea0
Event: 22.324 Thread 0x000001acc5a27d10 Thread added: 0x000001acc5a27d10
Event: 22.869 Thread 0x000001acc5a27d10 Thread exited: 0x000001acc5a27d10
Event: 23.219 Thread 0x000001acc65036f0 Thread added: 0x000001acc65036f0
Event: 23.666 Thread 0x000001acc65036f0 Thread exited: 0x000001acc65036f0


Dynamic libraries:
0x00007ff6745c0000 - 0x00007ff6745ce000 	C:\Users\sugithi satheesh\.jdks\openjdk-22\bin\java.exe
0x00007fff97690000 - 0x00007fff978a7000 	C:\WINDOWS\SYSTEM32\ntdll.dll
0x00007fff96de0000 - 0x00007fff96ea4000 	C:\WINDOWS\System32\KERNEL32.DLL
0x00007fff949b0000 - 0x00007fff94d57000 	C:\WINDOWS\System32\KERNELBASE.dll
0x00007fff94f70000 - 0x00007fff95081000 	C:\WINDOWS\System32\ucrtbase.dll
0x00007fff82cb0000 - 0x00007fff82cc7000 	C:\Users\sugithi satheesh\.jdks\openjdk-22\bin\jli.dll
0x00007fff82c90000 - 0x00007fff82cab000 	C:\Users\sugithi satheesh\.jdks\openjdk-22\bin\VCRUNTIME140.dll
0x00007fff95ce0000 - 0x00007fff95e8e000 	C:\WINDOWS\System32\USER32.dll
0x00007fff94f40000 - 0x00007fff94f66000 	C:\WINDOWS\System32\win32u.dll
0x00007fff96420000 - 0x00007fff96449000 	C:\WINDOWS\System32\GDI32.dll
0x00007fff80b40000 - 0x00007fff80dd3000 	C:\WINDOWS\WinSxS\amd64_microsoft.windows.common-controls_6595b64144ccf1df_6.0.22621.3527_none_270e469b73872a76\COMCTL32.dll
0x00007fff94e20000 - 0x00007fff94f39000 	C:\WINDOWS\System32\gdi32full.dll
0x00007fff95200000 - 0x00007fff9529a000 	C:\WINDOWS\System32\msvcp_win.dll
0x00007fff96eb0000 - 0x00007fff96f57000 	C:\WINDOWS\System32\msvcrt.dll
0x00007fff95ea0000 - 0x00007fff95ed1000 	C:\WINDOWS\System32\IMM32.DLL
0x00007fff83850000 - 0x00007fff8385c000 	C:\Users\sugithi satheesh\.jdks\openjdk-22\bin\vcruntime140_1.dll
0x00007fff6d2c0000 - 0x00007fff6d34e000 	C:\Users\sugithi satheesh\.jdks\openjdk-22\bin\msvcp140.dll
0x00007ffeea3f0000 - 0x00007ffeeb138000 	C:\Users\sugithi satheesh\.jdks\openjdk-22\bin\server\jvm.dll
0x00007fff95ee0000 - 0x00007fff95f92000 	C:\WINDOWS\System32\ADVAPI32.dll
0x00007fff96d30000 - 0x00007fff96dd8000 	C:\WINDOWS\System32\sechost.dll
0x00007fff952a0000 - 0x00007fff952c8000 	C:\WINDOWS\System32\bcrypt.dll
0x00007fff956b0000 - 0x00007fff957c5000 	C:\WINDOWS\System32\RPCRT4.dll
0x00007fff96cb0000 - 0x00007fff96d21000 	C:\WINDOWS\System32\WS2_32.dll
0x00007fff94870000 - 0x00007fff948bd000 	C:\WINDOWS\SYSTEM32\POWRPROF.dll
0x00007fff8cb40000 - 0x00007fff8cb74000 	C:\WINDOWS\SYSTEM32\WINMM.dll
0x00007fff8b700000 - 0x00007fff8b70a000 	C:\WINDOWS\SYSTEM32\VERSION.dll
0x00007fff94850000 - 0x00007fff94863000 	C:\WINDOWS\SYSTEM32\UMPDC.dll
0x00007fff939a0000 - 0x00007fff939b8000 	C:\WINDOWS\SYSTEM32\kernel.appcore.dll
0x00007fff82c80000 - 0x00007fff82c8a000 	C:\Users\sugithi satheesh\.jdks\openjdk-22\bin\jimage.dll
0x00007fff8f0e0000 - 0x00007fff8f312000 	C:\WINDOWS\SYSTEM32\DBGHELP.DLL
0x00007fff95950000 - 0x00007fff95cd8000 	C:\WINDOWS\System32\combase.dll
0x00007fff97500000 - 0x00007fff975d7000 	C:\WINDOWS\System32\OLEAUT32.dll
0x00007fff7cf00000 - 0x00007fff7cf32000 	C:\WINDOWS\SYSTEM32\dbgcore.DLL
0x00007fff952d0000 - 0x00007fff95349000 	C:\WINDOWS\System32\bcryptPrimitives.dll
0x00007fff82c50000 - 0x00007fff82c5f000 	C:\Users\sugithi satheesh\.jdks\openjdk-22\bin\instrument.dll
0x00007fff82ae0000 - 0x00007fff82afe000 	C:\Users\sugithi satheesh\.jdks\openjdk-22\bin\java.dll
0x00007fff96450000 - 0x00007fff96cac000 	C:\WINDOWS\System32\SHELL32.dll
0x00007fff95fb0000 - 0x00007fff96155000 	C:\WINDOWS\System32\ole32.dll
0x00007fff928a0000 - 0x00007fff93196000 	C:\WINDOWS\SYSTEM32\windows.storage.dll
0x00007fff92760000 - 0x00007fff9289e000 	C:\WINDOWS\SYSTEM32\wintypes.dll
0x00007fff96160000 - 0x00007fff96255000 	C:\WINDOWS\System32\SHCORE.dll
0x00007fff957d0000 - 0x00007fff9582e000 	C:\WINDOWS\System32\shlwapi.dll
0x00007fff948e0000 - 0x00007fff94901000 	C:\WINDOWS\SYSTEM32\profapi.dll
0x00007fff6d1e0000 - 0x00007fff6d2b7000 	C:\Users\sugithi satheesh\.jdks\openjdk-22\bin\jsvml.dll
0x00007fff82ac0000 - 0x00007fff82ad7000 	C:\Users\sugithi satheesh\.jdks\openjdk-22\bin\zip.dll
0x00007fff82ab0000 - 0x00007fff82ac0000 	C:\Users\sugithi satheesh\.jdks\openjdk-22\bin\net.dll
0x00007fff93e20000 - 0x00007fff93e89000 	C:\WINDOWS\system32\mswsock.dll
0x00007fff82720000 - 0x00007fff82736000 	C:\Users\sugithi satheesh\.jdks\openjdk-22\bin\nio.dll
0x00007fff821b0000 - 0x00007fff821ca000 	D:\intellij Idea\IntelliJ IDEA Community Edition 2023.1.3\bin\breakgen64.dll
0x00007fff82aa0000 - 0x00007fff82aa9000 	C:\Users\sugithi satheesh\.jdks\openjdk-22\bin\extnet.dll
0x0000000069ac0000 - 0x0000000069ae4000 	C:\Users\sugithi satheesh\AppData\Local\Temp\jansi-2.4.0-c8d702d1f0236c9-jansi.dll
0x00007fff821a0000 - 0x00007fff821b0000 	C:\Users\sugithi satheesh\.jdks\openjdk-22\bin\verify.dll

dbghelp: loaded successfully - version: 4.0.5 - missing functions: none
symbol engine: initialized successfully - sym options: 0x614 - pdb path: .;C:\Users\sugithi satheesh\.jdks\openjdk-22\bin;C:\WINDOWS\SYSTEM32;C:\WINDOWS\WinSxS\amd64_microsoft.windows.common-controls_6595b64144ccf1df_6.0.22621.3527_none_270e469b73872a76;C:\Users\sugithi satheesh\.jdks\openjdk-22\bin\server;D:\intellij Idea\IntelliJ IDEA Community Edition 2023.1.3\bin;C:\Users\sugithi satheesh\AppData\Local\Temp

VM Arguments:
jvm_args: -Dmaven.multiModuleProjectDirectory=C:\Users\sugithi satheesh\Downloads\taskmanagement (1)\taskmanagement -Djansi.passthrough=true -Dmaven.home=C:\Users\sugithi satheesh\.m2\wrapper\dists\apache-maven-3.9.6-bin\439sdfsg2nbdob9ciift5h5nse\apache-maven-3.9.6 -Dclassworlds.conf=C:\Users\sugithi satheesh\.m2\wrapper\dists\apache-maven-3.9.6-bin\439sdfsg2nbdob9ciift5h5nse\apache-maven-3.9.6\bin\m2.conf -Dmaven.ext.class.path=D:\intellij Idea\IntelliJ IDEA Community Edition 2023.1.3\plugins\maven\lib\maven-event-listener.jar -javaagent:D:\intellij Idea\IntelliJ IDEA Community Edition 2023.1.3\lib\idea_rt.jar=62221:D:\intellij Idea\IntelliJ IDEA Community Edition 2023.1.3\bin -Dfile.encoding=UTF-8 -Dsun.stdout.encoding=UTF-8 -Dsun.stderr.encoding=UTF-8 
java_command: org.codehaus.classworlds.Launcher -Didea.version=2023.1.3 install
java_class_path (initial): C:\Users\sugithi satheesh\.m2\wrapper\dists\apache-maven-3.9.6-bin\439sdfsg2nbdob9ciift5h5nse\apache-maven-3.9.6\boot\plexus-classworlds-2.7.0.jar;C:\Users\sugithi satheesh\.m2\wrapper\dists\apache-maven-3.9.6-bin\439sdfsg2nbdob9ciift5h5nse\apache-maven-3.9.6\boot\plexus-classworlds.license
Launcher Type: SUN_STANDARD

[Global flags]
     intx CICompilerCount                          = 4                                         {product} {ergonomic}
     uint ConcGCThreads                            = 2                                         {product} {ergonomic}
     uint G1ConcRefinementThreads                  = 8                                         {product} {ergonomic}
   size_t G1HeapRegionSize                         = 1048576                                   {product} {ergonomic}
   size_t InitialHeapSize                          = 100663296                                 {product} {ergonomic}
   size_t MarkStackSize                            = 4194304                                   {product} {ergonomic}
   size_t MaxHeapSize                              = 1598029824                                {product} {ergonomic}
   size_t MaxNewSize                               = 958398464                                 {product} {ergonomic}
   size_t MinHeapDeltaBytes                        = 1048576                                   {product} {ergonomic}
   size_t MinHeapSize                              = 8388608                                   {product} {ergonomic}
    uintx NonNMethodCodeHeapSize                   = 5839372                                {pd product} {ergonomic}
    uintx NonProfiledCodeHeapSize                  = 122909434                              {pd product} {ergonomic}
    uintx ProfiledCodeHeapSize                     = 122909434                              {pd product} {ergonomic}
    uintx ReservedCodeCacheSize                    = 251658240                              {pd product} {ergonomic}
     bool SegmentedCodeCache                       = true                                      {product} {ergonomic}
   size_t SoftMaxHeapSize                          = 1598029824                             {manageable} {ergonomic}
     bool UseCompressedOops                        = true                           {product lp64_product} {ergonomic}
     bool UseG1GC                                  = true                                      {product} {ergonomic}
     bool UseLargePagesIndividualAllocation        = false                                  {pd product} {ergonomic}

Logging:
Log output configuration:
 #0: stdout all=warning uptime,level,tags foldmultilines=false
 #1: stderr all=off uptime,level,tags foldmultilines=false

Environment Variables:
JAVA_HOME=C:\Program Files\Java\jdk-19
PATH=C:\Program Files\Microsoft SDKs\Azure\CLI2\wbin;C:\Python311\Scripts\;C:\Python311\;C:\oracle\product\10.2.0\db_1\bin;C:\ProgramData\Oracle\Java\javapath;C:\Program Files\Common Files\Oracle\Java\javapath;C:\WINDOWS\system32;C:\WINDOWS;C:\WINDOWS\System32\Wbem;C:\WINDOWS\System32\WindowsPowerShell\v1.0\;C:\WINDOWS\System32\OpenSSH\;C:\Program Files\Polyspace\R2020a\runtime\win64;C:\Program Files\Polyspace\R2020a\bin;C:\Program Files\Polyspace\R2020a\polyspace\bin;C:\Program Files\Git\cmd;D:\apache-maven-3.9.3\bin;C:\Program Files\Java\jdk-19\bin;C:\Program Files (x86)\Microsoft SQL Server\160\Tools\Binn\;C:\Program Files\Microsoft SQL Server\160\Tools\Binn\;C:\Program Files\Microsoft SQL Server\Client SDK\ODBC\170\Tools\Binn\;C:\Program Files\Microsoft SQL Server\160\DTS\Binn\;C:\Program Files (x86)\Microsoft SQL Server\160\DTS\Binn\;C:\Program Files\nodejs\;C:\Program Files\Docker\Docker\resources\bin;C:\Program Files\MySQL\MySQL Shell 8.0\bin\;C:\Users\sugithi satheesh\AppData\Local\Microsoft\WindowsApps;C:\Program Files\Java\jdk-19\bin;C:\Users\sugithi satheesh\AppData\Local\Programs\Microsoft VS Code\bin;;D:\intellij Idea\IntelliJ IDEA Community Edition 2023.1.3\bin;;C:\Users\sugithi satheesh\AppData\Roaming\npm
USERNAME=sugithi satheesh
OS=Windows_NT
PROCESSOR_IDENTIFIER=AMD64 Family 23 Model 24 Stepping 1, AuthenticAMD
TMP=C:\Users\SUGITH~1\AppData\Local\Temp
TEMP=C:\Users\SUGITH~1\AppData\Local\Temp




Periodic native trim disabled

---------------  S Y S T E M  ---------------

OS:
 Windows 11 , 64 bit Build 22621 (10.0.22621.3527)
OS uptime: 1 days 3:52 hours
Hyper-V role detected

CPU: total 8 (initial active 8) (8 cores per cpu, 2 threads per core) family 23 model 24 stepping 1 microcode 0x0, cx8, cmov, fxsr, ht, mmx, 3dnowpref, sse, sse2, sse3, ssse3, sse4a, sse4.1, sse4.2, popcnt, lzcnt, tsc, tscinvbit, avx, avx2, aes, clmul, bmi1, bmi2, adx, sha, fma, vzeroupper, clflush, clflushopt, hv, rdtscp, f16c
Processor Information for all 8 processors :
  Max Mhz: 2100, Current Mhz: 2100, Mhz Limit: 2100

Memory: 4k page, system-wide physical 6091M (505M free)
TotalPageFile size 24523M (AvailPageFile size 5M)
current process WorkingSet (physical memory assigned to process): 160M, peak: 163M
current process commit charge ("private bytes"): 228M, peak: 231M

vm_info: OpenJDK 64-Bit Server VM (22+36-2370) for windows-amd64 JRE (22+36-2370), built on 2024-02-15T22:15:19Z by "mach5one" with MS VC++ 17.6 (VS2022)

END.
