#
# There is insufficient memory for the Java Runtime Environment to continue.
# Native memory allocation (malloc) failed to allocate 1506096 bytes. Error detail: Chunk::new
# Possible reasons:
#   The system is out of physical RAM or swap space
#   This process is running with CompressedOops enabled, and the Java Heap may be blocking the growth of the native heap
# Possible solutions:
#   Reduce memory load on the system
#   Increase physical memory or swap space
#   Check if swap backing store is full
#   Decrease Java heap size (-Xmx/-Xms)
#   Decrease number of Java threads
#   Decrease Java thread stack sizes (-Xss)
#   Set larger code cache with -XX:ReservedCodeCacheSize=
#   JVM is running with Unscaled Compressed Oops mode in which the Java heap is
#     placed in the first 4GB address space. The Java Heap base address is the
#     maximum limit for the native heap growth. Please use -XX:HeapBaseMinAddress
#     to set the Java Heap base and to place the Java Heap above 4GB virtual address.
# This output file may be truncated or incomplete.
#
#  Out of Memory Error (arena.cpp:150), pid=11916, tid=32356
#
# JRE version: OpenJDK Runtime Environment (22.0+36) (build 22+36-2370)
# Java VM: OpenJDK 64-Bit Server VM (22+36-2370, mixed mode, sharing, tiered, compressed oops, compressed class ptrs, g1 gc, windows-amd64)
# No core dump will be written. Minidumps are not enabled by default on client versions of Windows
#

---------------  S U M M A R Y ------------

Command Line: -javaagent:D:\intellij Idea\IntelliJ IDEA Community Edition 2023.1.3\lib\idea_rt.jar=57385:D:\intellij Idea\IntelliJ IDEA Community Edition 2023.1.3\bin -Dfile.encoding=UTF-8 -Dsun.stdout.encoding=UTF-8 -Dsun.stderr.encoding=UTF-8 com.fannss.taskmanagement.RevTaskManagementApplication

Host: AMD Ryzen 5 3500U with Radeon Vega Mobile Gfx  , 8 cores, 5G,  Windows 11 , 64 bit Build 22621 (10.0.22621.3527)
Time: Fri May 31 09:22:10 2024 India Standard Time elapsed time: 1055.834836 seconds (0d 0h 17m 35s)

---------------  T H R E A D  ---------------

Current thread (0x000001e14b190db0):  JavaThread "C2 CompilerThread0" daemon [_thread_in_native, id=32356, stack(0x0000005009a00000,0x0000005009b00000) (1024K)]


Current CompileTask:
C2:1055836 12658       4       org.springframework.web.servlet.handler.AbstractHandlerMapping::getHandler (238 bytes)

Stack: [0x0000005009a00000,0x0000005009b00000]
Native frames: (J=compiled Java code, j=interpreted, Vv=VM code, C=native code)
V  [jvm.dll+0x6e2349]  (no source info available)
V  [jvm.dll+0x874ed3]  (no source info available)
V  [jvm.dll+0x8772fe]  (no source info available)
V  [jvm.dll+0x8779d3]  (no source info available)
V  [jvm.dll+0x27fcb6]  (no source info available)
V  [jvm.dll+0xc3d0f]  (no source info available)
V  [jvm.dll+0xc3f6b]  (no source info available)
V  [jvm.dll+0x3bb022]  (no source info available)
V  [jvm.dll+0x387abb]  (no source info available)
V  [jvm.dll+0x386f2a]  (no source info available)
V  [jvm.dll+0x247908]  (no source info available)
V  [jvm.dll+0x246faf]  (no source info available)
V  [jvm.dll+0x1c4e90]  (no source info available)
V  [jvm.dll+0x25699e]  (no source info available)
V  [jvm.dll+0x254c5a]  (no source info available)
V  [jvm.dll+0x3f5426]  (no source info available)
V  [jvm.dll+0x81d50b]  (no source info available)
V  [jvm.dll+0x6e09e5]  (no source info available)
C  [ucrtbase.dll+0x29333]  (no source info available)
C  [KERNEL32.DLL+0x1257d]  (no source info available)
C  [ntdll.dll+0x5aa48]  (no source info available)


---------------  P R O C E S S  ---------------

Threads class SMR info:
_java_thread_list=0x000001e14bc036e0, length=35, elements={
0x000001e14b175190, 0x000001e14b176310, 0x000001e14b1781f0, 0x000001e14b17b4b0,
0x000001e14b185f30, 0x000001e14b18bfe0, 0x000001e14b190db0, 0x000001e14b191990,
0x000001e14b188b60, 0x000001e14b1891f0, 0x000001e14b189880, 0x000001e14b972340,
0x000001e14b96e830, 0x000001e14b970f90, 0x000001e14b96fbe0, 0x000001e14b971620,
0x000001e14b96eec0, 0x000001e14b970270, 0x000001e14b973060, 0x000001e14b96c0d0,
0x000001e14b971cb0, 0x000001e14b96f550, 0x000001e14b970900, 0x000001e14b9729d0,
0x000001e14b9736f0, 0x000001e14b96cdf0, 0x000001e14b18b2c0, 0x000001e14b96d480,
0x000001e19634f820, 0x000001e196348f20, 0x000001e19634ca30, 0x000001e196349c40,
0x000001e19634d0c0, 0x000001e196350540, 0x000001e19634dde0
}

Java Threads: ( => current thread )
  0x000001e14b175190 JavaThread "Reference Handler"          daemon [_thread_blocked, id=3200, stack(0x0000005009400000,0x0000005009500000) (1024K)]
  0x000001e14b176310 JavaThread "Finalizer"                  daemon [_thread_blocked, id=10288, stack(0x0000005009500000,0x0000005009600000) (1024K)]
  0x000001e14b1781f0 JavaThread "Signal Dispatcher"          daemon [_thread_blocked, id=31196, stack(0x0000005009600000,0x0000005009700000) (1024K)]
  0x000001e14b17b4b0 JavaThread "Attach Listener"            daemon [_thread_blocked, id=21832, stack(0x0000005009700000,0x0000005009800000) (1024K)]
  0x000001e14b185f30 JavaThread "Service Thread"             daemon [_thread_blocked, id=21244, stack(0x0000005009800000,0x0000005009900000) (1024K)]
  0x000001e14b18bfe0 JavaThread "Monitor Deflation Thread"   daemon [_thread_blocked, id=2656, stack(0x0000005009900000,0x0000005009a00000) (1024K)]
=>0x000001e14b190db0 JavaThread "C2 CompilerThread0"         daemon [_thread_in_native, id=32356, stack(0x0000005009a00000,0x0000005009b00000) (1024K)]
  0x000001e14b191990 JavaThread "C1 CompilerThread0"         daemon [_thread_blocked, id=18896, stack(0x0000005009b00000,0x0000005009c00000) (1024K)]
  0x000001e14b188b60 JavaThread "Common-Cleaner"             daemon [_thread_blocked, id=11360, stack(0x0000005009c00000,0x0000005009d00000) (1024K)]
  0x000001e14b1891f0 JavaThread "Monitor Ctrl-Break"         daemon [_thread_in_native, id=31432, stack(0x0000005009e00000,0x0000005009f00000) (1024K)]
  0x000001e14b189880 JavaThread "Notification Thread"        daemon [_thread_blocked, id=17876, stack(0x0000005009f00000,0x000000500a000000) (1024K)]
  0x000001e14b972340 JavaThread "Catalina-utility-1"                [_thread_blocked, id=13936, stack(0x000000500aa00000,0x000000500ab00000) (1024K)]
  0x000001e14b96e830 JavaThread "Catalina-utility-2"                [_thread_blocked, id=9792, stack(0x000000500ab00000,0x000000500ac00000) (1024K)]
  0x000001e14b970f90 JavaThread "http-nio-8080-exec-1"       daemon [_thread_blocked, id=21448, stack(0x000000500ac00000,0x000000500ad00000) (1024K)]
  0x000001e14b96fbe0 JavaThread "http-nio-8080-exec-2"       daemon [_thread_blocked, id=13664, stack(0x000000500ad00000,0x000000500ae00000) (1024K)]
  0x000001e14b971620 JavaThread "http-nio-8080-exec-3"       daemon [_thread_blocked, id=13972, stack(0x000000500ae00000,0x000000500af00000) (1024K)]
  0x000001e14b96eec0 JavaThread "http-nio-8080-exec-4"       daemon [_thread_blocked, id=20452, stack(0x000000500af00000,0x000000500b000000) (1024K)]
  0x000001e14b970270 JavaThread "http-nio-8080-exec-5"       daemon [_thread_blocked, id=20124, stack(0x000000500b000000,0x000000500b100000) (1024K)]
  0x000001e14b973060 JavaThread "http-nio-8080-exec-6"       daemon [_thread_blocked, id=28536, stack(0x000000500b100000,0x000000500b200000) (1024K)]
  0x000001e14b96c0d0 JavaThread "http-nio-8080-exec-7"       daemon [_thread_blocked, id=8424, stack(0x000000500b200000,0x000000500b300000) (1024K)]
  0x000001e14b971cb0 JavaThread "http-nio-8080-exec-8"       daemon [_thread_blocked, id=32152, stack(0x000000500b300000,0x000000500b400000) (1024K)]
  0x000001e14b96f550 JavaThread "http-nio-8080-exec-9"       daemon [_thread_blocked, id=9888, stack(0x000000500b400000,0x000000500b500000) (1024K)]
  0x000001e14b970900 JavaThread "http-nio-8080-exec-10"      daemon [_thread_blocked, id=22084, stack(0x000000500b500000,0x000000500b600000) (1024K)]
  0x000001e14b9729d0 JavaThread "container-0"                       [_thread_blocked, id=27184, stack(0x000000500b600000,0x000000500b700000) (1024K)]
  0x000001e14b9736f0 JavaThread "mssql-jdbc-shared-timer-core-0" daemon [_thread_blocked, id=10304, stack(0x000000500b800000,0x000000500b900000) (1024K)]
  0x000001e14b96cdf0 JavaThread "HikariPool-1 housekeeper"   daemon [_thread_blocked, id=27368, stack(0x000000500b900000,0x000000500ba00000) (1024K)]
  0x000001e14b18b2c0 JavaThread "File Watcher"               daemon [_thread_blocked, id=7468, stack(0x000000500ba00000,0x000000500bb00000) (1024K)]
  0x000001e14b96d480 JavaThread "Live Reload Server"         daemon [_thread_in_native, id=29512, stack(0x000000500bc00000,0x000000500bd00000) (1024K)]
  0x000001e19634f820 JavaThread "http-nio-8080-Poller"       daemon [_thread_in_native, id=28752, stack(0x000000500bb00000,0x000000500bc00000) (1024K)]
  0x000001e196348f20 JavaThread "http-nio-8080-Acceptor"     daemon [_thread_in_native, id=16672, stack(0x000000500bd00000,0x000000500be00000) (1024K)]
  0x000001e19634ca30 JavaThread "DestroyJavaVM"                     [_thread_blocked, id=30820, stack(0x0000005008c00000,0x0000005008d00000) (1024K)]
  0x000001e196349c40 JavaThread "HikariPool-1 connection closer" daemon [_thread_blocked, id=27636, stack(0x0000005008900000,0x0000005008a00000) (1024K)]
  0x000001e19634d0c0 JavaThread "HikariPool-1 connection adder" daemon [_thread_blocked, id=21172, stack(0x0000005008a00000,0x0000005008b00000) (1024K)]
  0x000001e196350540 JavaThread "pool-1-thread-1"                   [_thread_blocked, id=8476, stack(0x000000500a000000,0x000000500a100000) (1024K)]
  0x000001e19634dde0 JavaThread "pool-1-thread-2"                   [_thread_blocked, id=31840, stack(0x000000500a100000,0x000000500a200000) (1024K)]
Total: 35

Other Threads:
  0x000001e14b1579a0 VMThread "VM Thread"                           [id=23360, stack(0x0000005009300000,0x0000005009400000) (1024K)]
  0x000001e14b13f800 WatcherThread "VM Periodic Task Thread"        [id=23556, stack(0x0000005009200000,0x0000005009300000) (1024K)]
  0x000001e12d3ae7b0 WorkerThread "GC Thread#0"                     [id=32124, stack(0x0000005008d00000,0x0000005008e00000) (1024K)]
  0x000001e191179d50 WorkerThread "GC Thread#1"                     [id=25796, stack(0x0000005009d00000,0x0000005009e00000) (1024K)]
  0x000001e14bee4cd0 WorkerThread "GC Thread#2"                     [id=26360, stack(0x000000500a200000,0x000000500a300000) (1024K)]
  0x000001e1911773e0 WorkerThread "GC Thread#3"                     [id=26576, stack(0x000000500a300000,0x000000500a400000) (1024K)]
  0x000001e14bee65e0 WorkerThread "GC Thread#4"                     [id=18372, stack(0x000000500a400000,0x000000500a500000) (1024K)]
  0x000001e1911af7f0 WorkerThread "GC Thread#5"                     [id=17752, stack(0x000000500a500000,0x000000500a600000) (1024K)]
  0x000001e1911aabd0 WorkerThread "GC Thread#6"                     [id=30456, stack(0x000000500a600000,0x000000500a700000) (1024K)]
  0x000001e1911afba0 WorkerThread "GC Thread#7"                     [id=2828, stack(0x000000500a700000,0x000000500a800000) (1024K)]
  0x000001e12d3d8830 ConcurrentGCThread "G1 Main Marker"            [id=20768, stack(0x0000005008e00000,0x0000005008f00000) (1024K)]
  0x000001e12d3d9750 WorkerThread "G1 Conc#0"                       [id=772, stack(0x0000005008f00000,0x0000005009000000) (1024K)]
  0x000001e192003550 WorkerThread "G1 Conc#1"                       [id=24112, stack(0x000000500a800000,0x000000500a900000) (1024K)]
  0x000001e14b015190 ConcurrentGCThread "G1 Refine#0"               [id=22992, stack(0x0000005009000000,0x0000005009100000) (1024K)]
  0x000001e14b015c20 ConcurrentGCThread "G1 Service"                [id=17084, stack(0x0000005009100000,0x0000005009200000) (1024K)]
Total: 15

Threads with active compile tasks:
C2 CompilerThread0  1056142 12658       4       org.springframework.web.servlet.handler.AbstractHandlerMapping::getHandler (238 bytes)
Total: 1

VM state: not at safepoint (normal execution)

VM Mutex/Monitor currently owned by a thread: None

Heap address: 0x00000000a0c00000, size: 1524 MB, Compressed Oops mode: 32-bit

CDS archive(s) mapped at: [0x000001e14c000000-0x000001e14cc50000-0x000001e14cc50000), size 12910592, SharedBaseAddress: 0x000001e14c000000, ArchiveRelocationMode: 1.
Compressed class space mapped at: 0x000001e14d000000-0x000001e18d000000, reserved size: 1073741824
Narrow klass base: 0x000001e14c000000, Narrow klass shift: 0, Narrow klass range: 0x41000000

GC Precious Log:
 CardTable entry size: 512
 Card Set container configuration: InlinePtr #cards 5 size 8 Array Of Cards #cards 12 size 40 Howl #buckets 4 coarsen threshold 1843 Howl Bitmap #cards 512 size 80 coarsen threshold 460 Card regions per heap region 1 cards per card region 2048
 CPUs: 8 total, 8 available
 Memory: 6091M
 Large Page Support: Disabled
 NUMA Support: Disabled
 Compressed Oops: Enabled (32-bit)
 Heap Region Size: 1M
 Heap Min Capacity: 8M
 Heap Initial Capacity: 96M
 Heap Max Capacity: 1524M
 Pre-touch: Disabled
 Parallel Workers: 8
 Concurrent Workers: 2
 Concurrent Refinement Workers: 8
 Periodic GC: Disabled

Heap:
 garbage-first heap   total reserved 1560576K, committed 60416K, used 43740K [0x00000000a0c00000, 0x0000000100000000)
  region size 1024K, 13 young (13312K), 2 survivors (2048K)
 Metaspace       used 79017K, committed 79936K, reserved 1179648K
  class space    used 10523K, committed 10944K, reserved 1048576K

Heap Regions: E=young(eden), S=young(survivor), O=old, HS=humongous(starts), HC=humongous(continues), CS=collection set, F=free, TAMS=top-at-mark-start, PB=parsable bottom
|   0|0x00000000a0c00000, 0x00000000a0d00000, 0x00000000a0d00000|100%|HS|  |TAMS 0x00000000a0c00000| PB 0x00000000a0c00000| Complete |  0
|   1|0x00000000a0d00000, 0x00000000a0e00000, 0x00000000a0e00000|100%| O|  |TAMS 0x00000000a0d00000| PB 0x00000000a0d00000| Untracked |  0
|   2|0x00000000a0e00000, 0x00000000a0f00000, 0x00000000a0f00000|100%| O|  |TAMS 0x00000000a0e00000| PB 0x00000000a0e00000| Untracked |  0
|   3|0x00000000a0f00000, 0x00000000a1000000, 0x00000000a1000000|100%| O|  |TAMS 0x00000000a0f00000| PB 0x00000000a0f00000| Untracked |  0
|   4|0x00000000a1000000, 0x00000000a1100000, 0x00000000a1100000|100%| O|  |TAMS 0x00000000a1000000| PB 0x00000000a1000000| Untracked |  0
|   5|0x00000000a1100000, 0x00000000a1200000, 0x00000000a1200000|100%| O|  |TAMS 0x00000000a1100000| PB 0x00000000a1100000| Untracked |  0
|   6|0x00000000a1200000, 0x00000000a1300000, 0x00000000a1300000|100%| O|  |TAMS 0x00000000a1200000| PB 0x00000000a1200000| Untracked |  0
|   7|0x00000000a1300000, 0x00000000a1400000, 0x00000000a1400000|100%| O|  |TAMS 0x00000000a1300000| PB 0x00000000a1300000| Untracked |  0
|   8|0x00000000a1400000, 0x00000000a1500000, 0x00000000a1500000|100%| O|  |TAMS 0x00000000a1400000| PB 0x00000000a1400000| Untracked |  0
|   9|0x00000000a1500000, 0x00000000a1600000, 0x00000000a1600000|100%| O|  |TAMS 0x00000000a1500000| PB 0x00000000a1500000| Untracked |  0
|  10|0x00000000a1600000, 0x00000000a1700000, 0x00000000a1700000|100%| O|Cm|TAMS 0x00000000a1600000| PB 0x00000000a1600000| Complete |  0
|  11|0x00000000a1700000, 0x00000000a1800000, 0x00000000a1800000|100%| O|  |TAMS 0x00000000a1700000| PB 0x00000000a1700000| Untracked |  0
|  12|0x00000000a1800000, 0x00000000a1900000, 0x00000000a1900000|100%| O|  |TAMS 0x00000000a1800000| PB 0x00000000a1800000| Untracked |  0
|  13|0x00000000a1900000, 0x00000000a1a00000, 0x00000000a1a00000|100%| O|  |TAMS 0x00000000a1900000| PB 0x00000000a1900000| Untracked |  0
|  14|0x00000000a1a00000, 0x00000000a1b00000, 0x00000000a1b00000|100%| O|  |TAMS 0x00000000a1a00000| PB 0x00000000a1a00000| Untracked |  0
|  15|0x00000000a1b00000, 0x00000000a1c00000, 0x00000000a1c00000|100%| O|  |TAMS 0x00000000a1b00000| PB 0x00000000a1b00000| Untracked |  0
|  16|0x00000000a1c00000, 0x00000000a1d00000, 0x00000000a1d00000|100%| O|  |TAMS 0x00000000a1c00000| PB 0x00000000a1c00000| Untracked |  0
|  17|0x00000000a1d00000, 0x00000000a1e00000, 0x00000000a1e00000|100%| O|  |TAMS 0x00000000a1d00000| PB 0x00000000a1d00000| Untracked |  0
|  18|0x00000000a1e00000, 0x00000000a1f00000, 0x00000000a1f00000|100%| O|  |TAMS 0x00000000a1e00000| PB 0x00000000a1e00000| Untracked |  0
|  19|0x00000000a1f00000, 0x00000000a2000000, 0x00000000a2000000|100%| O|  |TAMS 0x00000000a1f00000| PB 0x00000000a1f00000| Untracked |  0
|  20|0x00000000a2000000, 0x00000000a2100000, 0x00000000a2100000|100%| O|  |TAMS 0x00000000a2000000| PB 0x00000000a2000000| Untracked |  0
|  21|0x00000000a2100000, 0x00000000a2200000, 0x00000000a2200000|100%| O|  |TAMS 0x00000000a2100000| PB 0x00000000a2100000| Untracked |  0
|  22|0x00000000a2200000, 0x00000000a2300000, 0x00000000a2300000|100%| O|  |TAMS 0x00000000a2200000| PB 0x00000000a2200000| Untracked |  0
|  23|0x00000000a2300000, 0x00000000a23adc40, 0x00000000a2400000| 67%| O|  |TAMS 0x00000000a2300000| PB 0x00000000a2300000| Untracked |  0
|  24|0x00000000a2400000, 0x00000000a2500000, 0x00000000a2500000|100%| O|  |TAMS 0x00000000a2400000| PB 0x00000000a2400000| Untracked |  0
|  25|0x00000000a2500000, 0x00000000a2600000, 0x00000000a2600000|100%| O|  |TAMS 0x00000000a2500000| PB 0x00000000a2500000| Untracked |  0
|  26|0x00000000a2600000, 0x00000000a2700000, 0x00000000a2700000|100%| O|  |TAMS 0x00000000a2600000| PB 0x00000000a2600000| Untracked |  0
|  27|0x00000000a2700000, 0x00000000a2800000, 0x00000000a2800000|100%| O|  |TAMS 0x00000000a2700000| PB 0x00000000a2700000| Untracked |  0
|  28|0x00000000a2800000, 0x00000000a2800000, 0x00000000a2900000|  0%| F|  |TAMS 0x00000000a2800000| PB 0x00000000a2800000| Untracked |  0
|  29|0x00000000a2900000, 0x00000000a2a00000, 0x00000000a2a00000|100%| O|  |TAMS 0x00000000a2900000| PB 0x00000000a2900000| Untracked |  0
|  30|0x00000000a2a00000, 0x00000000a2b00000, 0x00000000a2b00000|100%| O|  |TAMS 0x00000000a2a00000| PB 0x00000000a2a00000| Untracked |  0
|  31|0x00000000a2b00000, 0x00000000a2b00000, 0x00000000a2c00000|  0%| F|  |TAMS 0x00000000a2b00000| PB 0x00000000a2b00000| Untracked |  0
|  32|0x00000000a2c00000, 0x00000000a2d00000, 0x00000000a2d00000|100%| O|  |TAMS 0x00000000a2c00000| PB 0x00000000a2c00000| Untracked |  0
|  33|0x00000000a2d00000, 0x00000000a2e00000, 0x00000000a2e00000|100%| O|  |TAMS 0x00000000a2d00000| PB 0x00000000a2d00000| Untracked |  0
|  34|0x00000000a2e00000, 0x00000000a2f00000, 0x00000000a2f00000|100%| O|  |TAMS 0x00000000a2e00000| PB 0x00000000a2e00000| Untracked |  0
|  35|0x00000000a2f00000, 0x00000000a2f00000, 0x00000000a3000000|  0%| F|  |TAMS 0x00000000a2f00000| PB 0x00000000a2f00000| Untracked |  0
|  36|0x00000000a3000000, 0x00000000a3009700, 0x00000000a3100000|  3%| S|CS|TAMS 0x00000000a3000000| PB 0x00000000a3000000| Complete |  0
|  37|0x00000000a3100000, 0x00000000a3100000, 0x00000000a3200000|  0%| F|  |TAMS 0x00000000a3100000| PB 0x00000000a3100000| Untracked |  0
|  38|0x00000000a3200000, 0x00000000a3300000, 0x00000000a3300000|100%| S|CS|TAMS 0x00000000a3200000| PB 0x00000000a3200000| Complete |  0
|  39|0x00000000a3300000, 0x00000000a3300000, 0x00000000a3400000|  0%| F|  |TAMS 0x00000000a3300000| PB 0x00000000a3300000| Untracked |  0
|  40|0x00000000a3400000, 0x00000000a3400000, 0x00000000a3500000|  0%| F|  |TAMS 0x00000000a3400000| PB 0x00000000a3400000| Untracked |  0
|  41|0x00000000a3500000, 0x00000000a3500000, 0x00000000a3600000|  0%| F|  |TAMS 0x00000000a3500000| PB 0x00000000a3500000| Untracked |  0
|  42|0x00000000a3600000, 0x00000000a3600000, 0x00000000a3700000|  0%| F|  |TAMS 0x00000000a3600000| PB 0x00000000a3600000| Untracked |  0
|  43|0x00000000a3700000, 0x00000000a3700000, 0x00000000a3800000|  0%| F|  |TAMS 0x00000000a3700000| PB 0x00000000a3700000| Untracked |  0
|  44|0x00000000a3800000, 0x00000000a3800000, 0x00000000a3900000|  0%| F|  |TAMS 0x00000000a3800000| PB 0x00000000a3800000| Untracked |  0
|  45|0x00000000a3900000, 0x00000000a3900000, 0x00000000a3a00000|  0%| F|  |TAMS 0x00000000a3900000| PB 0x00000000a3900000| Untracked |  0
|  46|0x00000000a3a00000, 0x00000000a3a00000, 0x00000000a3b00000|  0%| F|  |TAMS 0x00000000a3a00000| PB 0x00000000a3a00000| Untracked |  0
|  47|0x00000000a3b00000, 0x00000000a3b00000, 0x00000000a3c00000|  0%| F|  |TAMS 0x00000000a3b00000| PB 0x00000000a3b00000| Untracked |  0
|  48|0x00000000a3c00000, 0x00000000a3c492d0, 0x00000000a3d00000| 28%| E|  |TAMS 0x00000000a3c00000| PB 0x00000000a3c00000| Complete |  0
|  49|0x00000000a3d00000, 0x00000000a3e00000, 0x00000000a3e00000|100%| E|CS|TAMS 0x00000000a3d00000| PB 0x00000000a3d00000| Complete |  0
|  50|0x00000000a3e00000, 0x00000000a3f00000, 0x00000000a3f00000|100%| E|CS|TAMS 0x00000000a3e00000| PB 0x00000000a3e00000| Complete |  0
|  51|0x00000000a3f00000, 0x00000000a4000000, 0x00000000a4000000|100%| E|  |TAMS 0x00000000a3f00000| PB 0x00000000a3f00000| Complete |  0
|  52|0x00000000a4000000, 0x00000000a4100000, 0x00000000a4100000|100%| E|CS|TAMS 0x00000000a4000000| PB 0x00000000a4000000| Complete |  0
|  53|0x00000000a4100000, 0x00000000a4200000, 0x00000000a4200000|100%| E|CS|TAMS 0x00000000a4100000| PB 0x00000000a4100000| Complete |  0
|  54|0x00000000a4200000, 0x00000000a4300000, 0x00000000a4300000|100%| E|CS|TAMS 0x00000000a4200000| PB 0x00000000a4200000| Complete |  0
|  55|0x00000000a4300000, 0x00000000a4400000, 0x00000000a4400000|100%| E|CS|TAMS 0x00000000a4300000| PB 0x00000000a4300000| Complete |  0
|  56|0x00000000a4400000, 0x00000000a4500000, 0x00000000a4500000|100%| E|CS|TAMS 0x00000000a4400000| PB 0x00000000a4400000| Complete |  0
|  57|0x00000000a4500000, 0x00000000a4600000, 0x00000000a4600000|100%| E|CS|TAMS 0x00000000a4500000| PB 0x00000000a4500000| Complete |  0
|  95|0x00000000a6b00000, 0x00000000a6c00000, 0x00000000a6c00000|100%| E|CS|TAMS 0x00000000a6b00000| PB 0x00000000a6b00000| Complete |  0

Card table byte_map: [0x000001e146c00000,0x000001e146f00000] _byte_map_base: 0x000001e1466fa000

Marking Bits: (CMBitMap*) 0x000001e12d3aeec0
 Bits: [0x000001e146f00000, 0x000001e1486d0000)

Polling page: 0x000001e12d420000

Metaspace:

Usage:
  Non-class:     66.89 MB used.
      Class:     10.28 MB used.
       Both:     77.17 MB used.

Virtual space:
  Non-class space:      128.00 MB reserved,      67.38 MB ( 53%) committed,  2 nodes.
      Class space:        1.00 GB reserved,      10.69 MB (  1%) committed,  1 nodes.
             Both:        1.12 GB reserved,      78.06 MB (  7%) committed. 

Chunk freelists:
   Non-Class:  12.16 MB
       Class:  5.16 MB
        Both:  17.31 MB

MaxMetaspaceSize: unlimited
CompressedClassSpaceSize: 1.00 GB
Initial GC threshold: 21.00 MB
Current GC threshold: 130.12 MB
CDS: on
 - commit_granule_bytes: 65536.
 - commit_granule_words: 8192.
 - virtual_space_node_default_size: 8388608.
 - enlarge_chunks_in_place: 1.
 - use_allocation_guard: 0.


Internal statistics:

num_allocs_failed_limit: 6.
num_arena_births: 1180.
num_arena_deaths: 0.
num_vsnodes_births: 3.
num_vsnodes_deaths: 0.
num_space_committed: 1249.
num_space_uncommitted: 0.
num_chunks_returned_to_freelist: 6.
num_chunks_taken_from_freelist: 3987.
num_chunk_merges: 6.
num_chunk_splits: 2820.
num_chunks_enlarged: 2116.
num_inconsistent_stats: 0.

CodeHeap 'non-profiled nmethods': size=120000Kb used=5360Kb max_used=5564Kb free=114639Kb
 bounds [0x000001e13e960000, 0x000001e13eef0000, 0x000001e145e90000]
CodeHeap 'profiled nmethods': size=120000Kb used=9505Kb max_used=18648Kb free=110494Kb
 bounds [0x000001e136e90000, 0x000001e1380f0000, 0x000001e13e3c0000]
CodeHeap 'non-nmethods': size=5760Kb used=1790Kb max_used=1841Kb free=3970Kb
 bounds [0x000001e13e3c0000, 0x000001e13e630000, 0x000001e13e960000]
 total_blobs=5696 nmethods=4902 adapters=697
 compilation: enabled
              stopped_count=0, restarted_count=0
 full_count=0

Compilation events (20 events):
Event: 1055.586 Thread 0x000001e14b191990 12702       3       sun.nio.ch.Net::setSocketOption (10 bytes)
Event: 1055.587 Thread 0x000001e14b191990 nmethod 12702 0x000001e137c4c090 code [0x000001e137c4c240, 0x000001e137c4c370]
Event: 1055.587 Thread 0x000001e14b191990 12703       3       sun.nio.ch.Net::setSocketOption (337 bytes)
Event: 1055.590 Thread 0x000001e14b191990 nmethod 12703 0x000001e137113590 code [0x000001e137113900, 0x000001e137115098]
Event: 1055.590 Thread 0x000001e14b191990 12704       1       com.microsoft.sqlserver.jdbc.SQLServerError::getErrorState (5 bytes)
Event: 1055.591 Thread 0x000001e14b191990 nmethod 12704 0x000001e13edbee90 code [0x000001e13edbf020, 0x000001e13edbf0e8]
Event: 1055.591 Thread 0x000001e14b191990 12705       1       com.microsoft.sqlserver.jdbc.SQLServerError::getErrorSeverity (5 bytes)
Event: 1055.591 Thread 0x000001e14b191990 nmethod 12705 0x000001e13edbeb90 code [0x000001e13edbed20, 0x000001e13edbede8]
Event: 1055.594 Thread 0x000001e14b191990 12706       3       java.lang.StringBuffer::<init> (7 bytes)
Event: 1055.595 Thread 0x000001e14b191990 nmethod 12706 0x000001e137bee090 code [0x000001e137bee240, 0x000001e137bee380]
Event: 1055.598 Thread 0x000001e14b191990 12707   !   3       java.util.concurrent.ConcurrentHashMap::transfer (849 bytes)
Event: 1055.603 Thread 0x000001e14b191990 nmethod 12707 0x000001e136fe0090 code [0x000001e136fe04a0, 0x000001e136fe2910]
Event: 1055.604 Thread 0x000001e14b191990 12710       1       org.springframework.web.servlet.handler.AbstractHandlerMapping::getCorsConfigurationSource (5 bytes)
Event: 1055.604 Thread 0x000001e14b191990 nmethod 12710 0x000001e13edc0390 code [0x000001e13edc0520, 0x000001e13edc05e8]
Event: 1055.604 Thread 0x000001e14b191990 12709       3       java.util.ResourceBundle::getObject (82 bytes)
Event: 1055.605 Thread 0x000001e14b191990 nmethod 12709 0x000001e137d5ae10 code [0x000001e137d5b0c0, 0x000001e137d5bbd8]
Event: 1055.605 Thread 0x000001e14b191990 12711       2       org.springframework.web.context.request.ServletWebRequest::<init> (11 bytes)
Event: 1055.606 Thread 0x000001e14b191990 nmethod 12711 0x000001e1378e4890 code [0x000001e1378e4aa0, 0x000001e1378e4f30]
Event: 1055.606 Thread 0x000001e14b191990 12708       3       java.util.ResourceBundle::getString (9 bytes)
Event: 1055.607 Thread 0x000001e14b191990 nmethod 12708 0x000001e137bedb10 code [0x000001e137bedcc0, 0x000001e137bedec8]

GC Heap History (20 events):
Event: 967.511 GC heap before
{Heap before GC invocations=36 (full 0):
 garbage-first heap   total reserved 1560576K, committed 60416K, used 51653K [0x00000000a0c00000, 0x0000000100000000)
  region size 1024K, 20 young (20480K), 2 survivors (2048K)
 Metaspace       used 78407K, committed 79168K, reserved 1179648K
  class space    used 10425K, committed 10752K, reserved 1048576K
}
Event: 967.514 GC heap after
{Heap after GC invocations=37 (full 0):
 garbage-first heap   total reserved 1560576K, committed 60416K, used 34255K [0x00000000a0c00000, 0x0000000100000000)
  region size 1024K, 2 young (2048K), 2 survivors (2048K)
 Metaspace       used 78407K, committed 79168K, reserved 1179648K
  class space    used 10425K, committed 10752K, reserved 1048576K
}
Event: 972.873 GC heap before
{Heap before GC invocations=38 (full 0):
 garbage-first heap   total reserved 1560576K, committed 60416K, used 51663K [0x00000000a0c00000, 0x0000000100000000)
  region size 1024K, 20 young (20480K), 2 survivors (2048K)
 Metaspace       used 78412K, committed 79168K, reserved 1179648K
  class space    used 10425K, committed 10752K, reserved 1048576K
}
Event: 972.876 GC heap after
{Heap after GC invocations=39 (full 0):
 garbage-first heap   total reserved 1560576K, committed 60416K, used 34239K [0x00000000a0c00000, 0x0000000100000000)
  region size 1024K, 2 young (2048K), 2 survivors (2048K)
 Metaspace       used 78412K, committed 79168K, reserved 1179648K
  class space    used 10425K, committed 10752K, reserved 1048576K
}
Event: 1014.115 GC heap before
{Heap before GC invocations=39 (full 0):
 garbage-first heap   total reserved 1560576K, committed 60416K, used 51647K [0x00000000a0c00000, 0x0000000100000000)
  region size 1024K, 20 young (20480K), 2 survivors (2048K)
 Metaspace       used 78423K, committed 79168K, reserved 1179648K
  class space    used 10425K, committed 10752K, reserved 1048576K
}
Event: 1014.127 GC heap after
{Heap after GC invocations=40 (full 0):
 garbage-first heap   total reserved 1560576K, committed 60416K, used 34133K [0x00000000a0c00000, 0x0000000100000000)
  region size 1024K, 2 young (2048K), 2 survivors (2048K)
 Metaspace       used 78423K, committed 79168K, reserved 1179648K
  class space    used 10425K, committed 10752K, reserved 1048576K
}
Event: 1016.582 GC heap before
{Heap before GC invocations=40 (full 0):
 garbage-first heap   total reserved 1560576K, committed 60416K, used 53589K [0x00000000a0c00000, 0x0000000100000000)
  region size 1024K, 21 young (21504K), 2 survivors (2048K)
 Metaspace       used 78426K, committed 79168K, reserved 1179648K
  class space    used 10425K, committed 10752K, reserved 1048576K
}
Event: 1016.587 GC heap after
{Heap after GC invocations=41 (full 0):
 garbage-first heap   total reserved 1560576K, committed 60416K, used 34124K [0x00000000a0c00000, 0x0000000100000000)
  region size 1024K, 2 young (2048K), 2 survivors (2048K)
 Metaspace       used 78426K, committed 79168K, reserved 1179648K
  class space    used 10425K, committed 10752K, reserved 1048576K
}
Event: 1020.136 GC heap before
{Heap before GC invocations=42 (full 0):
 garbage-first heap   total reserved 1560576K, committed 60416K, used 53580K [0x00000000a0c00000, 0x0000000100000000)
  region size 1024K, 21 young (21504K), 2 survivors (2048K)
 Metaspace       used 78435K, committed 79168K, reserved 1179648K
  class space    used 10426K, committed 10752K, reserved 1048576K
}
Event: 1020.140 GC heap after
{Heap after GC invocations=43 (full 0):
 garbage-first heap   total reserved 1560576K, committed 60416K, used 34075K [0x00000000a0c00000, 0x0000000100000000)
  region size 1024K, 2 young (2048K), 2 survivors (2048K)
 Metaspace       used 78435K, committed 79168K, reserved 1179648K
  class space    used 10426K, committed 10752K, reserved 1048576K
}
Event: 1022.272 GC heap before
{Heap before GC invocations=43 (full 0):
 garbage-first heap   total reserved 1560576K, committed 60416K, used 52507K [0x00000000a0c00000, 0x0000000100000000)
  region size 1024K, 21 young (21504K), 2 survivors (2048K)
 Metaspace       used 78435K, committed 79168K, reserved 1179648K
  class space    used 10426K, committed 10752K, reserved 1048576K
}
Event: 1022.279 GC heap after
{Heap after GC invocations=44 (full 0):
 garbage-first heap   total reserved 1560576K, committed 60416K, used 34004K [0x00000000a0c00000, 0x0000000100000000)
  region size 1024K, 2 young (2048K), 2 survivors (2048K)
 Metaspace       used 78435K, committed 79168K, reserved 1179648K
  class space    used 10426K, committed 10752K, reserved 1048576K
}
Event: 1033.895 GC heap before
{Heap before GC invocations=44 (full 0):
 garbage-first heap   total reserved 1560576K, committed 60416K, used 52436K [0x00000000a0c00000, 0x0000000100000000)
  region size 1024K, 21 young (21504K), 2 survivors (2048K)
 Metaspace       used 78435K, committed 79168K, reserved 1179648K
  class space    used 10426K, committed 10752K, reserved 1048576K
}
Event: 1033.908 GC heap after
{Heap after GC invocations=45 (full 0):
 garbage-first heap   total reserved 1560576K, committed 60416K, used 33981K [0x00000000a0c00000, 0x0000000100000000)
  region size 1024K, 2 young (2048K), 2 survivors (2048K)
 Metaspace       used 78435K, committed 79168K, reserved 1179648K
  class space    used 10426K, committed 10752K, reserved 1048576K
}
Event: 1036.280 GC heap before
{Heap before GC invocations=46 (full 0):
 garbage-first heap   total reserved 1560576K, committed 60416K, used 52413K [0x00000000a0c00000, 0x0000000100000000)
  region size 1024K, 21 young (21504K), 2 survivors (2048K)
 Metaspace       used 78435K, committed 79168K, reserved 1179648K
  class space    used 10426K, committed 10752K, reserved 1048576K
}
Event: 1036.287 GC heap after
{Heap after GC invocations=47 (full 0):
 garbage-first heap   total reserved 1560576K, committed 60416K, used 34150K [0x00000000a0c00000, 0x0000000100000000)
  region size 1024K, 1 young (1024K), 1 survivors (1024K)
 Metaspace       used 78435K, committed 79168K, reserved 1179648K
  class space    used 10426K, committed 10752K, reserved 1048576K
}
Event: 1038.951 GC heap before
{Heap before GC invocations=47 (full 0):
 garbage-first heap   total reserved 1560576K, committed 60416K, used 53606K [0x00000000a0c00000, 0x0000000100000000)
  region size 1024K, 21 young (21504K), 1 survivors (1024K)
 Metaspace       used 78435K, committed 79168K, reserved 1179648K
  class space    used 10426K, committed 10752K, reserved 1048576K
}
Event: 1038.960 GC heap after
{Heap after GC invocations=48 (full 0):
 garbage-first heap   total reserved 1560576K, committed 60416K, used 33934K [0x00000000a0c00000, 0x0000000100000000)
  region size 1024K, 1 young (1024K), 1 survivors (1024K)
 Metaspace       used 78435K, committed 79168K, reserved 1179648K
  class space    used 10426K, committed 10752K, reserved 1048576K
}
Event: 1054.956 GC heap before
{Heap before GC invocations=48 (full 0):
 garbage-first heap   total reserved 1560576K, committed 60416K, used 53390K [0x00000000a0c00000, 0x0000000100000000)
  region size 1024K, 21 young (21504K), 1 survivors (1024K)
 Metaspace       used 78989K, committed 79936K, reserved 1179648K
  class space    used 10523K, committed 10944K, reserved 1048576K
}
Event: 1054.961 GC heap after
{Heap after GC invocations=49 (full 0):
 garbage-first heap   total reserved 1560576K, committed 60416K, used 34524K [0x00000000a0c00000, 0x0000000100000000)
  region size 1024K, 2 young (2048K), 2 survivors (2048K)
 Metaspace       used 78989K, committed 79936K, reserved 1179648K
  class space    used 10523K, committed 10944K, reserved 1048576K
}

Dll operation events (15 events):
Event: 0.034 Loaded shared library C:\Users\sugithi satheesh\.jdks\openjdk-22\bin\java.dll
Event: 0.125 Loaded shared library C:\Users\sugithi satheesh\.jdks\openjdk-22\bin\jsvml.dll
Event: 0.420 Loaded shared library C:\Users\sugithi satheesh\.jdks\openjdk-22\bin\zip.dll
Event: 0.433 Loaded shared library C:\Users\sugithi satheesh\.jdks\openjdk-22\bin\instrument.dll
Event: 0.454 Loaded shared library C:\Users\sugithi satheesh\.jdks\openjdk-22\bin\net.dll
Event: 0.463 Loaded shared library C:\Users\sugithi satheesh\.jdks\openjdk-22\bin\nio.dll
Event: 0.475 Loaded shared library C:\Users\sugithi satheesh\.jdks\openjdk-22\bin\zip.dll
Event: 0.806 Loaded shared library D:\intellij Idea\IntelliJ IDEA Community Edition 2023.1.3\bin\breakgen64.dll
Event: 0.838 Loaded shared library C:\Users\sugithi satheesh\.jdks\openjdk-22\bin\extnet.dll
Event: 1.000 Loaded shared library C:\Users\sugithi satheesh\.jdks\openjdk-22\bin\jimage.dll
Event: 2.244 Loaded shared library C:\Users\sugithi satheesh\.jdks\openjdk-22\bin\management.dll
Event: 2.252 Loaded shared library C:\Users\sugithi satheesh\.jdks\openjdk-22\bin\management_ext.dll
Event: 4.449 Loaded shared library C:\Users\sugithi satheesh\.jdks\openjdk-22\bin\le.dll
Event: 6.004 Loaded shared library C:\Users\sugithi satheesh\.jdks\openjdk-22\bin\sunmscapi.dll
Event: 14.590 Loaded shared library C:\Users\sugithi satheesh\.jdks\openjdk-22\bin\verify.dll

Deoptimization events (20 events):
Event: 1054.573 Thread 0x000001e196349c40 Uncommon trap: trap_request=0xffffff45 fr.pc=0x000001e13e9a3624 relative=0x0000000000000084
Event: 1054.573 Thread 0x000001e196349c40 Uncommon trap: reason=unstable_if action=reinterpret pc=0x000001e13e9a3624 method=sun.security.ssl.SSLSocketInputRecord.read(Ljava/io/InputStream;[BII)I @ 11 c2
Event: 1054.573 Thread 0x000001e196349c40 DEOPT PACKING pc=0x000001e13e9a3624 sp=0x00000050089fe830
Event: 1054.573 Thread 0x000001e196349c40 DEOPT UNPACKING pc=0x000001e13e4146a2 sp=0x00000050089fe7d0 mode 2
Event: 1054.655 Thread 0x000001e19634d0c0 Uncommon trap: trap_request=0xffffffde fr.pc=0x000001e13ee58e80 relative=0x0000000000000a60
Event: 1054.655 Thread 0x000001e19634d0c0 Uncommon trap: reason=class_check action=maybe_recompile pc=0x000001e13ee58e80 method=com.microsoft.sqlserver.jdbc.TDSChannel.write([BII)V @ 26 c2
Event: 1054.655 Thread 0x000001e19634d0c0 DEOPT PACKING pc=0x000001e13ee58e80 sp=0x0000005008afe950
Event: 1054.655 Thread 0x000001e19634d0c0 DEOPT UNPACKING pc=0x000001e13e4146a2 sp=0x0000005008afe920 mode 2
Event: 1054.713 Thread 0x000001e14b973060 DEOPT PACKING pc=0x000001e137a655be sp=0x000000500b1f8830
Event: 1054.713 Thread 0x000001e14b973060 DEOPT UNPACKING pc=0x000001e13e414e42 sp=0x000000500b1f7cf0 mode 0
Event: 1054.998 Thread 0x000001e14b96fbe0 DEOPT PACKING pc=0x000001e1376bb944 sp=0x000000500adfc020
Event: 1054.998 Thread 0x000001e14b96fbe0 DEOPT UNPACKING pc=0x000001e13e414e42 sp=0x000000500adfb520 mode 0
Event: 1055.015 Thread 0x000001e14b970900 DEOPT PACKING pc=0x000001e1376bb944 sp=0x000000500b5fc250
Event: 1055.015 Thread 0x000001e14b970900 DEOPT UNPACKING pc=0x000001e13e414e42 sp=0x000000500b5fb750 mode 0
Event: 1055.289 Thread 0x000001e14b971620 DEOPT PACKING pc=0x000001e137a655be sp=0x000000500aefa860
Event: 1055.289 Thread 0x000001e14b971620 DEOPT UNPACKING pc=0x000001e13e414e42 sp=0x000000500aef9d20 mode 0
Event: 1055.560 Thread 0x000001e14b96f550 Uncommon trap: trap_request=0xffffff9d fr.pc=0x000001e13ee892a4 relative=0x0000000000001e64
Event: 1055.560 Thread 0x000001e14b96f550 Uncommon trap: reason=unreached action=reinterpret pc=0x000001e13ee892a4 method=sun.nio.ch.IOUtil.writeFromNativeBuffer(Ljava/io/FileDescriptor;Ljava/nio/ByteBuffer;JZZILsun/nio/ch/NativeDispatcher;)I @ 142 c2
Event: 1055.560 Thread 0x000001e14b96f550 DEOPT PACKING pc=0x000001e13ee892a4 sp=0x000000500b4fe160
Event: 1055.560 Thread 0x000001e14b96f550 DEOPT UNPACKING pc=0x000001e13e4146a2 sp=0x000000500b4fddd8 mode 2

Classes loaded (20 events):
Event: 1046.583 Loading class java/lang/Throwable$WrappedPrintWriter
Event: 1046.595 Loading class java/lang/Throwable$PrintStreamOrWriter
Event: 1046.597 Loading class java/lang/Throwable$PrintStreamOrWriter done
Event: 1046.598 Loading class java/lang/Throwable$WrappedPrintWriter done
Event: 1054.304 Loading class sun/security/ssl/Alert
Event: 1054.311 Loading class sun/security/ssl/Alert done
Event: 1054.311 Loading class sun/security/ssl/Alert$AlertConsumer
Event: 1054.316 Loading class sun/security/ssl/Alert$AlertConsumer done
Event: 1054.316 Loading class sun/security/ssl/Alert$Level
Event: 1054.319 Loading class sun/security/ssl/Alert$Level done
Event: 1054.322 Loading class javax/crypto/AEADBadTagException
Event: 1054.325 Loading class javax/crypto/BadPaddingException
Event: 1054.326 Loading class javax/crypto/BadPaddingException done
Event: 1054.326 Loading class javax/crypto/AEADBadTagException done
Event: 1054.326 Loading class javax/net/ssl/SSLHandshakeException
Event: 1054.328 Loading class javax/net/ssl/SSLHandshakeException done
Event: 1054.441 Loading class sun/net/ConnectionResetException
Event: 1054.447 Loading class sun/net/ConnectionResetException done
Event: 1054.585 Loading class java/util/function/LongUnaryOperator
Event: 1054.586 Loading class java/util/function/LongUnaryOperator done

Classes unloaded (0 events):
No events

Classes redefined (0 events):
No events

Internal exceptions (20 events):
Event: 133.863 Thread 0x000001e14b970f90 Exception <a 'java/lang/NoSuchMethodError'{0x00000000a426d898}: 'java.lang.Object java.lang.invoke.Invokers$Holder.linkToTargetMethod(java.lang.Object, java.lang.Object, java.lang.Object, long, java.lang.Object)'> (0x00000000a426d898) 
thrown [s\open\src\hotspot\share\interpreter\linkResolver.cpp, line 774]
Event: 134.598 Thread 0x000001e14b970f90 Exception <a 'java/lang/NoSuchMethodError'{0x00000000a3e7bab0}: 'java.lang.Object java.lang.invoke.DirectMethodHandle$Holder.invokeInterface(java.lang.Object, java.lang.Object, java.lang.Object, java.lang.Object)'> (0x00000000a3e7bab0) 
thrown [s\open\src\hotspot\share\interpreter\linkResolver.cpp, line 774]
Event: 134.607 Thread 0x000001e14b970f90 Exception <a 'java/lang/NoSuchMethodError'{0x00000000a3e8fbd8}: 'java.lang.Object java.lang.invoke.DirectMethodHandle$Holder.invokeInterface(java.lang.Object, java.lang.Object, java.lang.Object, java.lang.Object, java.lang.Object)'> (0x00000000a3e8fbd8) 
thrown [s\open\src\hotspot\share\interpreter\linkResolver.cpp, line 774]
Event: 134.654 Thread 0x000001e14b970f90 Exception <a 'java/lang/NoSuchMethodError'{0x00000000a3ee2610}: 'void java.lang.invoke.DirectMethodHandle$Holder.invokeSpecialIFC(java.lang.Object, java.lang.Object, int, java.lang.Object, java.lang.Object, java.lang.Object, java.lang.Object)'> (0x00000000a3ee2610) 
thrown [s\open\src\hotspot\share\interpreter\linkResolver.cpp, line 774]
Event: 135.027 Thread 0x000001e14b970f90 Exception <a 'java/lang/IncompatibleClassChangeError'{0x00000000a3b86fc0}: Found class java.lang.Object, but interface was expected> (0x00000000a3b86fc0) 
thrown [s\open\src\hotspot\share\interpreter\linkResolver.cpp, line 841]
Event: 1044.806 Thread 0x000001e14b970900 Exception <a 'java/lang/NoSuchMethodError'{0x00000000a45da7c8}: 'java.lang.Object java.lang.invoke.DirectMethodHandle$Holder.invokeSpecial(java.lang.Object, java.lang.Object, int, int, int, java.lang.Object)'> (0x00000000a45da7c8) 
thrown [s\open\src\hotspot\share\interpreter\linkResolver.cpp, line 774]
Event: 1044.831 Thread 0x000001e14b96c0d0 Exception <a 'java/lang/NoSuchMethodError'{0x00000000a45d6500}: 'java.lang.Object java.lang.invoke.Invokers$Holder.linkToTargetMethod(int, int, int, java.lang.Object, java.lang.Object)'> (0x00000000a45d6500) 
thrown [s\open\src\hotspot\share\interpreter\linkResolver.cpp, line 774]
Event: 1046.837 Thread 0x000001e14b970270 Implicit null exception at 0x000001e13e96a489 to 0x000001e13e96a874
Event: 1046.837 Thread 0x000001e14b96c0d0 Implicit null exception at 0x000001e13e96a489 to 0x000001e13e96a874
Event: 1047.009 Thread 0x000001e14b96c0d0 Implicit null exception at 0x000001e13eb5498b to 0x000001e13eb54a60
Event: 1047.009 Thread 0x000001e14b970270 Implicit null exception at 0x000001e13eb5498b to 0x000001e13eb54a60
Event: 1047.011 Thread 0x000001e14b970900 Implicit null exception at 0x000001e13e9b13de to 0x000001e13e9b1480
Event: 1048.239 Thread 0x000001e14b96fbe0 Implicit null exception at 0x000001e13eecc2cc to 0x000001e13eecee0c
Event: 1054.321 Thread 0x000001e14b9736f0 Exception <a 'java/lang/NoSuchMethodError'{0x00000000a3d00c20}: 'java.lang.Object java.lang.invoke.DirectMethodHandle$Holder.invokeSpecial(java.lang.Object, java.lang.Object, long, java.lang.Object)'> (0x00000000a3d00c20) 
thrown [s\open\src\hotspot\share\interpreter\linkResolver.cpp, line 774]
Event: 1054.447 Thread 0x000001e19634d0c0 Exception <a 'sun/net/ConnectionResetException'{0x00000000a3dea968}: Connection reset> (0x00000000a3dea968) 
thrown [s\open\src\hotspot\share\prims\jni.cpp, line 539]
Event: 1054.587 Thread 0x000001e19634d0c0 Exception <a 'java/lang/NoSuchMethodError'{0x00000000a38100b0}: 'long java.lang.invoke.DirectMethodHandle$Holder.invokeStatic(java.lang.Object, long)'> (0x00000000a38100b0) 
thrown [s\open\src\hotspot\share\interpreter\linkResolver.cpp, line 774]
Event: 1054.672 Thread 0x000001e19634d0c0 Exception <a 'sun/net/ConnectionResetException'{0x00000000a38480c8}: Connection reset> (0x00000000a38480c8) 
thrown [s\open\src\hotspot\share\prims\jni.cpp, line 539]
Event: 1054.905 Thread 0x000001e19634d0c0 Exception <a 'java/io/IOException'{0x00000000a384b358}> (0x00000000a384b358) 
thrown [s\open\src\hotspot\share\prims\jni.cpp, line 520]
Event: 1055.323 Thread 0x000001e19634d0c0 Exception <a 'sun/net/ConnectionResetException'{0x00000000a4251980}: Connection reset> (0x00000000a4251980) 
thrown [s\open\src\hotspot\share\prims\jni.cpp, line 539]
Event: 1055.560 Thread 0x000001e14b96f550 Exception <a 'java/io/IOException'{0x00000000a3ec5c50}> (0x00000000a3ec5c50) 
thrown [s\open\src\hotspot\share\prims\jni.cpp, line 520]

ZGC Phase Switch (0 events):
No events

VM Operations (20 events):
Event: 1038.951 Executing VM operation: G1CollectForAllocation (G1 Evacuation Pause)
Event: 1038.960 Executing VM operation: G1CollectForAllocation (G1 Evacuation Pause) done
Event: 1045.020 Executing VM operation: Cleanup
Event: 1045.036 Executing VM operation: Cleanup done
Event: 1046.049 Executing VM operation: Cleanup
Event: 1046.049 Executing VM operation: Cleanup done
Event: 1047.054 Executing VM operation: Cleanup
Event: 1047.054 Executing VM operation: Cleanup done
Event: 1049.074 Executing VM operation: Cleanup
Event: 1049.074 Executing VM operation: Cleanup done
Event: 1054.330 Executing VM operation: HandshakeAllThreads (Deoptimize)
Event: 1054.332 Executing VM operation: HandshakeAllThreads (Deoptimize) done
Event: 1054.332 Executing VM operation: Cleanup
Event: 1054.349 Executing VM operation: Cleanup done
Event: 1054.956 Executing VM operation: G1CollectForAllocation (G1 Evacuation Pause)
Event: 1054.961 Executing VM operation: G1CollectForAllocation (G1 Evacuation Pause) done
Event: 1055.039 Executing VM operation: G1PauseRemark
Event: 1055.050 Executing VM operation: G1PauseRemark done
Event: 1055.077 Executing VM operation: G1PauseCleanup
Event: 1055.077 Executing VM operation: G1PauseCleanup done

Events (20 events):
Event: 1055.049 Thread 0x000001e14b1579a0 flushing nmethod 0x000001e137d1eb10
Event: 1055.049 Thread 0x000001e14b1579a0 flushing nmethod 0x000001e137d21610
Event: 1055.049 Thread 0x000001e14b1579a0 flushing nmethod 0x000001e137da3a10
Event: 1055.049 Thread 0x000001e14b1579a0 flushing nmethod 0x000001e13ea65090
Event: 1055.050 Thread 0x000001e14b1579a0 flushing nmethod 0x000001e136ee8c10
Event: 1055.050 Thread 0x000001e14b1579a0 flushing nmethod 0x000001e1370bce10
Event: 1055.050 Thread 0x000001e14b1579a0 flushing nmethod 0x000001e1371f4090
Event: 1055.050 Thread 0x000001e14b1579a0 flushing nmethod 0x000001e1372f0c90
Event: 1055.050 Thread 0x000001e14b1579a0 flushing nmethod 0x000001e137b1f290
Event: 1055.050 Thread 0x000001e14b1579a0 flushing nmethod 0x000001e137bcf890
Event: 1055.050 Thread 0x000001e14b1579a0 flushing nmethod 0x000001e137bdce10
Event: 1055.050 Thread 0x000001e14b1579a0 flushing nmethod 0x000001e137be5f90
Event: 1055.050 Thread 0x000001e14b1579a0 flushing nmethod 0x000001e137f5f490
Event: 1055.050 Thread 0x000001e14b1579a0 flushing nmethod 0x000001e137f63a90
Event: 1055.050 Thread 0x000001e14b1579a0 flushing nmethod 0x000001e137484810
Event: 1055.050 Thread 0x000001e14b1579a0 flushing nmethod 0x000001e1374a7210
Event: 1055.050 Thread 0x000001e14b1579a0 flushing nmethod 0x000001e137b4c310
Event: 1055.050 Thread 0x000001e14b1579a0 flushing nmethod 0x000001e137b51390
Event: 1055.050 Thread 0x000001e14b1579a0 flushing nmethod 0x000001e137b52590
Event: 1055.050 Thread 0x000001e14b1579a0 flushing nmethod 0x000001e13ec59110


Dynamic libraries:
0x00007ff7d5540000 - 0x00007ff7d554e000 	C:\Users\sugithi satheesh\.jdks\openjdk-22\bin\java.exe
0x00007ffbf5fb0000 - 0x00007ffbf61c7000 	C:\WINDOWS\SYSTEM32\ntdll.dll
0x00007ffbf4950000 - 0x00007ffbf4a14000 	C:\WINDOWS\System32\KERNEL32.DLL
0x00007ffbf36e0000 - 0x00007ffbf3a87000 	C:\WINDOWS\System32\KERNELBASE.dll
0x00007ffbf3b00000 - 0x00007ffbf3c11000 	C:\WINDOWS\System32\ucrtbase.dll
0x00007ffbebf60000 - 0x00007ffbebf77000 	C:\Users\sugithi satheesh\.jdks\openjdk-22\bin\jli.dll
0x00007ffbe77c0000 - 0x00007ffbe77db000 	C:\Users\sugithi satheesh\.jdks\openjdk-22\bin\VCRUNTIME140.dll
0x00007ffbf3d20000 - 0x00007ffbf3ece000 	C:\WINDOWS\System32\USER32.dll
0x00007ffbf36b0000 - 0x00007ffbf36d6000 	C:\WINDOWS\System32\win32u.dll
0x00007ffbe25e0000 - 0x00007ffbe2873000 	C:\WINDOWS\WinSxS\amd64_microsoft.windows.common-controls_6595b64144ccf1df_6.0.22621.3527_none_270e469b73872a76\COMCTL32.dll
0x00007ffbf4750000 - 0x00007ffbf4779000 	C:\WINDOWS\System32\GDI32.dll
0x00007ffbf4790000 - 0x00007ffbf4837000 	C:\WINDOWS\System32\msvcrt.dll
0x00007ffbf3370000 - 0x00007ffbf3489000 	C:\WINDOWS\System32\gdi32full.dll
0x00007ffbf32d0000 - 0x00007ffbf336a000 	C:\WINDOWS\System32\msvcp_win.dll
0x00007ffbf3ce0000 - 0x00007ffbf3d11000 	C:\WINDOWS\System32\IMM32.DLL
0x00007ffbec910000 - 0x00007ffbec91c000 	C:\Users\sugithi satheesh\.jdks\openjdk-22\bin\vcruntime140_1.dll
0x00007ffbe1010000 - 0x00007ffbe109e000 	C:\Users\sugithi satheesh\.jdks\openjdk-22\bin\msvcp140.dll
0x00007ffb9f0f0000 - 0x00007ffb9fe38000 	C:\Users\sugithi satheesh\.jdks\openjdk-22\bin\server\jvm.dll
0x00007ffbf5d70000 - 0x00007ffbf5e22000 	C:\WINDOWS\System32\ADVAPI32.dll
0x00007ffbf4470000 - 0x00007ffbf4518000 	C:\WINDOWS\System32\sechost.dll
0x00007ffbf3600000 - 0x00007ffbf3628000 	C:\WINDOWS\System32\bcrypt.dll
0x00007ffbf50b0000 - 0x00007ffbf51c5000 	C:\WINDOWS\System32\RPCRT4.dll
0x00007ffbf4300000 - 0x00007ffbf4371000 	C:\WINDOWS\System32\WS2_32.dll
0x00007ffbf3190000 - 0x00007ffbf31dd000 	C:\WINDOWS\SYSTEM32\POWRPROF.dll
0x00007ffbebbc0000 - 0x00007ffbebbf4000 	C:\WINDOWS\SYSTEM32\WINMM.dll
0x00007ffbebb90000 - 0x00007ffbebb9a000 	C:\WINDOWS\SYSTEM32\VERSION.dll
0x00007ffbf3170000 - 0x00007ffbf3183000 	C:\WINDOWS\SYSTEM32\UMPDC.dll
0x00007ffbf22c0000 - 0x00007ffbf22d8000 	C:\WINDOWS\SYSTEM32\kernel.appcore.dll
0x00007ffbebea0000 - 0x00007ffbebeaa000 	C:\Users\sugithi satheesh\.jdks\openjdk-22\bin\jimage.dll
0x00007ffbf0700000 - 0x00007ffbf0932000 	C:\WINDOWS\SYSTEM32\DBGHELP.DLL
0x00007ffbf3ee0000 - 0x00007ffbf4268000 	C:\WINDOWS\System32\combase.dll
0x00007ffbf5e30000 - 0x00007ffbf5f07000 	C:\WINDOWS\System32\OLEAUT32.dll
0x00007ffbd20a0000 - 0x00007ffbd20d2000 	C:\WINDOWS\SYSTEM32\dbgcore.DLL
0x00007ffbf3630000 - 0x00007ffbf36a9000 	C:\WINDOWS\System32\bcryptPrimitives.dll
0x00007ffbe6ef0000 - 0x00007ffbe6eff000 	C:\Users\sugithi satheesh\.jdks\openjdk-22\bin\instrument.dll
0x00007ffbe0480000 - 0x00007ffbe049e000 	C:\Users\sugithi satheesh\.jdks\openjdk-22\bin\java.dll
0x00007ffbf5510000 - 0x00007ffbf5d6c000 	C:\WINDOWS\System32\SHELL32.dll
0x00007ffbf51f0000 - 0x00007ffbf5395000 	C:\WINDOWS\System32\ole32.dll
0x00007ffbf11c0000 - 0x00007ffbf1ab6000 	C:\WINDOWS\SYSTEM32\windows.storage.dll
0x00007ffbf1080000 - 0x00007ffbf11be000 	C:\WINDOWS\SYSTEM32\wintypes.dll
0x00007ffbf4a80000 - 0x00007ffbf4b75000 	C:\WINDOWS\System32\SHCORE.dll
0x00007ffbf5f10000 - 0x00007ffbf5f6e000 	C:\WINDOWS\System32\shlwapi.dll
0x00007ffbf3200000 - 0x00007ffbf3221000 	C:\WINDOWS\SYSTEM32\profapi.dll
0x00007ffbdc8e0000 - 0x00007ffbdc9b7000 	C:\Users\sugithi satheesh\.jdks\openjdk-22\bin\jsvml.dll
0x00007ffbe0460000 - 0x00007ffbe0477000 	C:\Users\sugithi satheesh\.jdks\openjdk-22\bin\zip.dll
0x00007ffbe2a90000 - 0x00007ffbe2aa0000 	C:\Users\sugithi satheesh\.jdks\openjdk-22\bin\net.dll
0x00007ffbf2740000 - 0x00007ffbf27a9000 	C:\WINDOWS\system32\mswsock.dll
0x00007ffbe02c0000 - 0x00007ffbe02d6000 	C:\Users\sugithi satheesh\.jdks\openjdk-22\bin\nio.dll
0x00007ffbe0260000 - 0x00007ffbe027a000 	D:\intellij Idea\IntelliJ IDEA Community Edition 2023.1.3\bin\breakgen64.dll
0x00007ffbe1000000 - 0x00007ffbe1009000 	C:\Users\sugithi satheesh\.jdks\openjdk-22\bin\extnet.dll
0x00007ffbe0320000 - 0x00007ffbe032a000 	C:\Users\sugithi satheesh\.jdks\openjdk-22\bin\management.dll
0x00007ffbe02b0000 - 0x00007ffbe02bb000 	C:\Users\sugithi satheesh\.jdks\openjdk-22\bin\management_ext.dll
0x00007ffbf3ed0000 - 0x00007ffbf3ed8000 	C:\WINDOWS\System32\PSAPI.DLL
0x00007ffbe0240000 - 0x00007ffbe024b000 	C:\Users\sugithi satheesh\.jdks\openjdk-22\bin\le.dll
0x00007ffbe0230000 - 0x00007ffbe023e000 	C:\Users\sugithi satheesh\.jdks\openjdk-22\bin\sunmscapi.dll
0x00007ffbf3490000 - 0x00007ffbf35f8000 	C:\WINDOWS\System32\CRYPT32.dll
0x00007ffbf2b80000 - 0x00007ffbf2bae000 	C:\WINDOWS\SYSTEM32\ncrypt.dll
0x00007ffbf2b40000 - 0x00007ffbf2b77000 	C:\WINDOWS\SYSTEM32\NTASN1.dll
0x00007ffbf29c0000 - 0x00007ffbf29db000 	C:\WINDOWS\SYSTEM32\CRYPTSP.dll
0x00007ffbf2220000 - 0x00007ffbf2255000 	C:\WINDOWS\system32\rsaenh.dll
0x00007ffbf2860000 - 0x00007ffbf2888000 	C:\WINDOWS\SYSTEM32\USERENV.dll
0x00007ffbf29e0000 - 0x00007ffbf29ec000 	C:\WINDOWS\SYSTEM32\CRYPTBASE.dll
0x00007ffbf1d20000 - 0x00007ffbf1d4d000 	C:\WINDOWS\SYSTEM32\IPHLPAPI.DLL
0x00007ffbf4940000 - 0x00007ffbf4949000 	C:\WINDOWS\System32\NSI.dll
0x00007ffbe0220000 - 0x00007ffbe0230000 	C:\Users\sugithi satheesh\.jdks\openjdk-22\bin\verify.dll
0x00007ffbcc230000 - 0x00007ffbcc247000 	C:\WINDOWS\system32\napinsp.dll
0x00007ffbc9aa0000 - 0x00007ffbc9abb000 	C:\WINDOWS\system32\pnrpnsp.dll
0x00007ffbf1d90000 - 0x00007ffbf1e88000 	C:\WINDOWS\SYSTEM32\DNSAPI.dll
0x00007ffbc9760000 - 0x00007ffbc9771000 	C:\WINDOWS\System32\winrnr.dll
0x00007ffbea5f0000 - 0x00007ffbea605000 	C:\WINDOWS\system32\wshbth.dll
0x00007ffbc9b80000 - 0x00007ffbc9ba7000 	C:\WINDOWS\system32\nlansp_c.dll
0x00007ffbe6890000 - 0x00007ffbe689a000 	C:\Windows\System32\rasadhlp.dll
0x00007ffbe9d10000 - 0x00007ffbe9d93000 	C:\WINDOWS\System32\fwpuclnt.dll
0x00007ffbece60000 - 0x00007ffbece68000 	C:\WINDOWS\system32\wshunix.dll

dbghelp: loaded successfully - version: 4.0.5 - missing functions: none
symbol engine: initialized successfully - sym options: 0x614 - pdb path: .;C:\Users\sugithi satheesh\.jdks\openjdk-22\bin;C:\WINDOWS\SYSTEM32;C:\WINDOWS\WinSxS\amd64_microsoft.windows.common-controls_6595b64144ccf1df_6.0.22621.3527_none_270e469b73872a76;C:\Users\sugithi satheesh\.jdks\openjdk-22\bin\server;D:\intellij Idea\IntelliJ IDEA Community Edition 2023.1.3\bin

VM Arguments:
jvm_args: -javaagent:D:\intellij Idea\IntelliJ IDEA Community Edition 2023.1.3\lib\idea_rt.jar=57385:D:\intellij Idea\IntelliJ IDEA Community Edition 2023.1.3\bin -Dfile.encoding=UTF-8 -Dsun.stdout.encoding=UTF-8 -Dsun.stderr.encoding=UTF-8 
java_command: com.fannss.taskmanagement.RevTaskManagementApplication
java_class_path (initial): C:\Users\sugithi satheesh\Downloads\taskmanagement (1)\taskmanagement\target\classes;C:\Users\sugithi satheesh\.m2\repository\org\springframework\boot\spring-boot-starter-data-jpa\3.3.0\spring-boot-starter-data-jpa-3.3.0.jar;C:\Users\sugithi satheesh\.m2\repository\org\springframework\boot\spring-boot-starter-aop\3.3.0\spring-boot-starter-aop-3.3.0.jar;C:\Users\sugithi satheesh\.m2\repository\org\springframework\spring-aop\6.1.8\spring-aop-6.1.8.jar;C:\Users\sugithi satheesh\.m2\repository\org\aspectj\aspectjweaver\1.9.22\aspectjweaver-1.9.22.jar;C:\Users\sugithi satheesh\.m2\repository\org\springframework\boot\spring-boot-starter-jdbc\3.3.0\spring-boot-starter-jdbc-3.3.0.jar;C:\Users\sugithi satheesh\.m2\repository\com\zaxxer\HikariCP\5.1.0\HikariCP-5.1.0.jar;C:\Users\sugithi satheesh\.m2\repository\org\springframework\spring-jdbc\6.1.8\spring-jdbc-6.1.8.jar;C:\Users\sugithi satheesh\.m2\repository\org\hibernate\orm\hibernate-core\6.5.2.Final\hibernate-core-6.5.2.Final.jar;C:\Users\sugithi satheesh\.m2\repository\jakarta\persistence\jakarta.persistence-api\3.1.0\jakarta.persistence-api-3.1.0.jar;C:\Users\sugithi satheesh\.m2\repository\jakarta\transaction\jakarta.transaction-api\2.0.1\jakarta.transaction-api-2.0.1.jar;C:\Users\sugithi satheesh\.m2\repository\org\jboss\logging\jboss-logging\3.5.3.Final\jboss-logging-3.5.3.Final.jar;C:\Users\sugithi satheesh\.m2\repository\org\hibernate\common\hibernate-commons-annotations\6.0.6.Final\hibernate-commons-annotations-6.0.6.Final.jar;C:\Users\sugithi satheesh\.m2\repository\io\smallrye\jandex\3.1.2\jandex-3.1.2.jar;C:\Users\sugithi satheesh\.m2\repository\com\fasterxml\classmate\1.7.0\classmate-1.7.0.jar;C:\Users\sugithi satheesh\.m2\repository\net\bytebuddy\byte-buddy\1.14.16\byte-buddy-1.14.16.jar;C:\Users\sugithi satheesh\.m2\repository\org\glassfish\jaxb\jaxb-runtime\4.0.5\jaxb-runtime-4.0.5.jar;C:\Users\sugithi satheesh\.m2\repository\org\glassfish\jaxb\jaxb-core\4.0.5\jaxb-core-4.0.5.jar;C:\Users\sugithi satheesh\.m2\repository\org\eclipse\angus\angus-activation\2.0.2\angus-activation-2.0.2.jar;C:\Users\sugithi satheesh\.m2\repository\org\glassfish\jaxb\txw2\4.0.5\txw2-4.0.5.jar;C:\Users\sugithi satheesh\.m2\repository\com\sun\istack\istack-commons-runtime\4.1.2\istack-commons-runtime-4.1.2.jar;C:\Users\sugithi satheesh\.m2\repository\jakarta\inject\jakarta.inject-api\2.0.1\jakarta.inject-api-2.0.1.jar;C:\Users\sugithi satheesh\.m2\repository\org\antlr\antlr4-runtime\4.13.0\antlr4-runtime-4.13.0.jar;C:\Users\sugithi satheesh\.m2\repository\org\springframework\data\spring-data-jpa\3.3.0\spring-data-jpa-3.3.0.jar;C:\Users\sugithi satheesh\.m2\repository\org\springframework\data\spring-data-commons\3.3.0\spring-data-commons-3.3.0.jar;C:\Users\sugithi satheesh\.m2\repository\org\springframework\spring-orm\6.1.8\spring-orm-6.1.8.jar;C:\Users\sugithi satheesh\.m2\repository\org\springframework\spring-context\6.1.8\spring-context-6.1.8.jar;C:\Users\sugithi satheesh\.m2\repository\org\springframework\spring-tx\6.1.8\spring-tx-6.1.8.jar;C:\Users\sugithi satheesh\.m2\repository\org\springframework\spring-beans\6.1.8\spring-beans-6.1.8.jar;C:\Users\sugithi satheesh\.m2\repository\jakarta\annotation\jakarta.annotation-api\2.1.1\jakarta.annotation-api-2.1.1.jar;C:\Users\sugithi satheesh\.m2\repository\org\slf4j\slf4j-api\2.0.13\slf4j-api-2.0.13.jar;C:\Users\sugithi satheesh\.m2\repository\org\springframework\spring-aspects\6.1.8\spring-aspects-6.1.8.jar;C:\Users\sugithi satheesh\.m2\repository\org\springframework\boot\spring-boot-starter-web\3.3.0\spring-boot-starter-web-3.3.0.jar;C:\Users\sugithi satheesh\.m2\repository\org\springframework\boot\spring-boot-starter\3.3.0\spring-boot-starter-3.3.0.jar;C:\Users\sugithi satheesh\.m2\repository\org\springframework\boot\spring-boot-starter-logging\3.3.0\spring-boot-starter-logging-3.3.0.jar;C:\Users\sugithi satheesh\.m2\repository\ch\qos\logback\logback-classic\1.5.6\logback-classic-1.5.6.jar;C:\Users\sugithi satheesh\.m2\repository\ch\qos\logback\logback-core\1.5.6\logback-core-1.5.6.jar;C:\Users\sugithi satheesh\.m2\repository\org\apache\logging\log4j\log4j-to-slf4j\2.23.1\log4j-to-slf4j-2.23.1.jar;C:\Users\sugithi satheesh\.m2\repository\org\apache\logging\log4j\log4j-api\2.23.1\log4j-api-2.23.1.jar;C:\Users\sugithi satheesh\.m2\repository\org\slf4j\jul-to-slf4j\2.0.13\jul-to-slf4j-2.0.13.jar;C:\Users\sugithi satheesh\.m2\repository\org\yaml\snakeyaml\2.2\snakeyaml-2.2.jar;C:\Users\sugithi satheesh\.m2\repository\org\springframework\boot\spring-boot-starter-json\3.3.0\spring-boot-starter-json-3.3.0.jar;C:\Users\sugithi satheesh\.m2\repository\com\fasterxml\jackson\core\jackson-databind\2.17.1\jackson-databind-2.17.1.jar;C:\Users\sugithi satheesh\.m2\repository\com\fasterxml\jackson\core\jackson-annotations\2.17.1\jackson-annotations-2.17.1.jar;C:\Users\sugithi satheesh\.m2\repository\com\fasterxml\jackson\core\jackson-core\2.17.1\jackson-core-2.17.1.jar;C:\Users\sugithi satheesh\.m2\repository\com\fasterxml\jackson\datatype\jackson-datatype-jdk8\2.17.1\jackson-datatype-jdk8-2.17.1.jar;C:\Users\sugithi satheesh\.m2\repository\com\fasterxml\jackson\datatype\jackson-datatype-jsr310\2.17.1\jackson-datatype-jsr310-2.17.1.jar;C:\Users\sugithi satheesh\.m2\repository\com\fasterxml\jackson\module\jackson-module-parameter-names\2.17.1\jackson-module-parameter-names-2.17.1.jar;C:\Users\sugithi satheesh\.m2\repository\org\springframework\boot\spring-boot-starter-tomcat\3.3.0\spring-boot-starter-tomcat-3.3.0.jar;C:\Users\sugithi satheesh\.m2\repository\org\apache\tomcat\embed\tomcat-embed-core\10.1.24\tomcat-embed-core-10.1.24.jar;C:\Users\sugithi satheesh\.m2\repository\org\apache\tomcat\embed\tomcat-embed-el\10.1.24\tomcat-embed-el-10.1.24.jar;C:\Users\sugithi satheesh\.m2\repository\org\apache\tomcat\embed\tomcat-embed-websocket\10.1.24\tomcat-embed-websocket-10.1.24.jar;C:\Users\sugithi satheesh\.m2\repository\org\springframework\spring-web\6.1.8\spring-web-6.1.8.jar;C:\Users\sugithi satheesh\.m2\repository\io\micrometer\micrometer-observation\1.13.0\micrometer-observation-1.13.0.jar;C:\Users\sugithi satheesh\.m2\repository\io\micrometer\micrometer-commons\1.13.0\micrometer-commons-1.13.0.jar;C:\Users\sugithi satheesh\.m2\repository\org\springframework\spring-webmvc\6.1.8\spring-webmvc-6.1.8.jar;C:\Users\sugithi satheesh\.m2\repository\org\springframework\spring-expression\6.1.8\spring-expression-6.1.8.jar;C:\Users\sugithi satheesh\.m2\repository\org\springframework\boot\spring-boot-devtools\3.3.0\spring-boot-devtools-3.3.0.jar;C:\Users\sugithi satheesh\.m2\repository\org\springframework\boot\spring-boot\3.3.0\spring-boot-3.3.0.jar;C:\Users\sugithi satheesh\.m2\repository\org\springframework\boot\spring-boot-autoconfigure\3.3.0\spring-boot-autoconfigure-3.3.0.jar;C:\Users\sugithi satheesh\.m2\repository\com\microsoft\sqlserver\mssql-jdbc\12.6.1.jre11\mssql-jdbc-12.6.1.jre11.jar;C:\Users\sugithi satheesh\.m2\repository\org\projectlombok\lombok\1.18.32\lombok-1.18.32.jar;C:\Users\sugithi satheesh\.m2\repository\jakarta\xml\bind\jakarta.xml.bind-api\4.0.2\jakarta.xml.bind-api-4.0.2.jar;C:\Users\sugithi satheesh\.m2\repository\jakarta\activation\jakarta.activation-api\2.1.3\jakarta.activation-api-2.1.3.jar;C:\Users\sugithi satheesh\.m2\repository\org\springframework\spring-core\6.1.8\spring-core-6.1.8.jar;C:\Users\sugithi satheesh\.m2\repository\org\springframework\spring-jcl\6.1.8\spring-jcl-6.1.8.jar
Launcher Type: SUN_STANDARD

[Global flags]
     intx CICompilerCount                          = 4                                         {product} {ergonomic}
     uint ConcGCThreads                            = 2                                         {product} {ergonomic}
     uint G1ConcRefinementThreads                  = 8                                         {product} {ergonomic}
   size_t G1HeapRegionSize                         = 1048576                                   {product} {ergonomic}
   size_t InitialHeapSize                          = 100663296                                 {product} {ergonomic}
   size_t MarkStackSize                            = 4194304                                   {product} {ergonomic}
   size_t MaxHeapSize                              = 1598029824                                {product} {ergonomic}
   size_t MaxNewSize                               = 958398464                                 {product} {ergonomic}
   size_t MinHeapDeltaBytes                        = 1048576                                   {product} {ergonomic}
   size_t MinHeapSize                              = 8388608                                   {product} {ergonomic}
    uintx NonNMethodCodeHeapSize                   = 5839372                                {pd product} {ergonomic}
    uintx NonProfiledCodeHeapSize                  = 122909434                              {pd product} {ergonomic}
    uintx ProfiledCodeHeapSize                     = 122909434                              {pd product} {ergonomic}
    uintx ReservedCodeCacheSize                    = 251658240                              {pd product} {ergonomic}
     bool SegmentedCodeCache                       = true                                      {product} {ergonomic}
   size_t SoftMaxHeapSize                          = 1598029824                             {manageable} {ergonomic}
     bool UseCompressedOops                        = true                           {product lp64_product} {ergonomic}
     bool UseG1GC                                  = true                                      {product} {ergonomic}
     bool UseLargePagesIndividualAllocation        = false                                  {pd product} {ergonomic}

Logging:
Log output configuration:
 #0: stdout all=warning uptime,level,tags foldmultilines=false
 #1: stderr all=off uptime,level,tags foldmultilines=false

Environment Variables:
JAVA_HOME=C:\Program Files\Java\jdk-19
PATH=C:\Program Files\Microsoft SDKs\Azure\CLI2\wbin;C:\Python311\Scripts\;C:\Python311\;C:\oracle\product\10.2.0\db_1\bin;C:\ProgramData\Oracle\Java\javapath;C:\Program Files\Common Files\Oracle\Java\javapath;C:\WINDOWS\system32;C:\WINDOWS;C:\WINDOWS\System32\Wbem;C:\WINDOWS\System32\WindowsPowerShell\v1.0\;C:\WINDOWS\System32\OpenSSH\;C:\Program Files\Polyspace\R2020a\runtime\win64;C:\Program Files\Polyspace\R2020a\bin;C:\Program Files\Polyspace\R2020a\polyspace\bin;C:\Program Files\Git\cmd;D:\apache-maven-3.9.3\bin;C:\Program Files\Java\jdk-19\bin;C:\Program Files (x86)\Microsoft SQL Server\160\Tools\Binn\;C:\Program Files\Microsoft SQL Server\160\Tools\Binn\;C:\Program Files\Microsoft SQL Server\Client SDK\ODBC\170\Tools\Binn\;C:\Program Files\Microsoft SQL Server\160\DTS\Binn\;C:\Program Files (x86)\Microsoft SQL Server\160\DTS\Binn\;C:\Program Files\nodejs\;C:\Program Files\Docker\Docker\resources\bin;C:\Program Files\MySQL\MySQL Shell 8.0\bin\;C:\Users\sugithi satheesh\AppData\Local\Microsoft\WindowsApps;C:\Program Files\Java\jdk-19\bin;C:\Users\sugithi satheesh\AppData\Local\Programs\Microsoft VS Code\bin;;D:\intellij Idea\IntelliJ IDEA Community Edition 2023.1.3\bin;;C:\Users\sugithi satheesh\AppData\Roaming\npm
USERNAME=sugithi satheesh
OS=Windows_NT
PROCESSOR_IDENTIFIER=AMD64 Family 23 Model 24 Stepping 1, AuthenticAMD
TMP=C:\Users\SUGITH~1\AppData\Local\Temp
TEMP=C:\Users\SUGITH~1\AppData\Local\Temp




Periodic native trim disabled

---------------  S Y S T E M  ---------------

OS:
 Windows 11 , 64 bit Build 22621 (10.0.22621.3527)
OS uptime: 1 days 2:08 hours
Hyper-V role detected

CPU: total 8 (initial active 8) (8 cores per cpu, 2 threads per core) family 23 model 24 stepping 1 microcode 0x0, cx8, cmov, fxsr, ht, mmx, 3dnowpref, sse, sse2, sse3, ssse3, sse4a, sse4.1, sse4.2, popcnt, lzcnt, tsc, tscinvbit, avx, avx2, aes, clmul, bmi1, bmi2, adx, sha, fma, vzeroupper, clflush, clflushopt, hv, rdtscp, f16c
Processor Information for all 8 processors :
  Max Mhz: 2100, Current Mhz: 2100, Mhz Limit: 2100

Memory: 4k page, system-wide physical 6091M (306M free)
TotalPageFile size 24523M (AvailPageFile size 3M)
current process WorkingSet (physical memory assigned to process): 213M, peak: 263M
current process commit charge ("private bytes"): 312M, peak: 325M

vm_info: OpenJDK 64-Bit Server VM (22+36-2370) for windows-amd64 JRE (22+36-2370), built on 2024-02-15T22:15:19Z by "mach5one" with MS VC++ 17.6 (VS2022)

END.
